<?xml version="1.0" encoding="utf-8"?><testsuites name="pytest tests"><testsuite name="pytest" errors="0" failures="0" skipped="0" tests="10" time="3.446" timestamp="2026-02-04T14:07:21.749818+00:00" hostname="agent-env-40c17ae7-c7e7-41c7-b62b-6eea37a8537d"><testcase classname="backend.tests.test_amc_service_reports_v2.TestCustomerServiceEndpoint" name="test_get_all_service_reports" time="0.437" /><testcase classname="backend.tests.test_amc_service_reports_v2.TestCustomerServiceEndpoint" name="test_service_reports_have_categories" time="0.086" /><testcase classname="backend.tests.test_amc_service_reports_v2.TestCustomerServiceEndpoint" name="test_get_single_service_report" time="0.008" /><testcase classname="backend.tests.test_amc_service_reports_v2.TestAMCServiceReportsLinking" name="test_get_amc_with_linked_service_reports" time="0.009" /><testcase classname="backend.tests.test_amc_service_reports_v2.TestAMCServiceReportsLinking" name="test_linked_service_report_is_from_service_requests" time="0.068" /><testcase classname="backend.tests.test_amc_service_reports_v2.TestAMCPDFGeneration" name="test_pdf_generation_endpoint" time="1.239" /><testcase classname="backend.tests.test_amc_service_reports_v2.TestAMCPDFGeneration" name="test_pdf_has_correct_page_count" time="1.326" /><testcase classname="backend.tests.test_amc_service_reports_v2.TestCategoryFiltering" name="test_filter_electrical_reports" time="0.072" /><testcase classname="backend.tests.test_amc_service_reports_v2.TestCategoryFiltering" name="test_filter_hvac_reports" time="0.069" /><testcase classname="backend.tests.test_amc_service_reports_v2.TestCategoryFiltering" name="test_completed_status_filter" time="0.068" /></testsuite></testsuites>