<?xml version="1.0" encoding="utf-8"?><testsuites name="pytest tests"><testsuite name="pytest" errors="0" failures="0" skipped="0" tests="11" time="3.160" timestamp="2026-02-26T15:23:31.625697+00:00" hostname="agent-env-e9554a79-e5ba-4f3d-b1eb-62490991947c"><testcase classname="backend.tests.test_expense_sheets_integration.TestEmployeeExpenseSheets" name="test_get_employee_expense_sheets" time="0.315" /><testcase classname="backend.tests.test_expense_sheets_integration.TestEmployeeExpenseSheets" name="test_get_employee_expense_sheets_summary" time="0.156" /><testcase classname="backend.tests.test_expense_sheets_integration.TestFinanceExpenseSheets" name="test_get_all_expense_sheets_no_filter" time="0.222" /><testcase classname="backend.tests.test_expense_sheets_integration.TestFinanceExpenseSheets" name="test_get_expense_sheets_filter_pending" time="0.120" /><testcase classname="backend.tests.test_expense_sheets_integration.TestFinanceExpenseSheets" name="test_get_expense_sheets_filter_paid" time="0.126" /><testcase classname="backend.tests.test_expense_sheets_integration.TestFinanceExpenseSheets" name="test_get_expense_sheets_filter_rejected" time="0.151" /><testcase classname="backend.tests.test_expense_sheets_integration.TestFinanceExpenseSheets" name="test_get_expense_sheets_filter_all" time="0.264" /><testcase classname="backend.tests.test_expense_sheets_integration.TestFinanceExpenseSheets" name="test_expense_sheet_data_structure" time="0.153" /><testcase classname="backend.tests.test_expense_sheets_integration.TestExpenseSheetIntegration" name="test_employee_sheets_appear_in_finance" time="0.384" /><testcase classname="backend.tests.test_expense_sheets_integration.TestExpenseSheetIntegration" name="test_finance_sees_all_users_sheets" time="0.188" /><testcase classname="backend.tests.test_expense_sheets_integration.TestExpenseSheetIntegration" name="test_filter_dropdown_values" time="1.008" /></testsuite></testsuites>