<?xml version="1.0" encoding="utf-8"?><testsuites name="pytest tests"><testsuite name="pytest" errors="0" failures="0" skipped="0" tests="14" time="2.849" timestamp="2026-02-11T08:35:44.794947+00:00" hostname="agent-env-4d9da02c-aab1-4307-8fc6-e1f9cdb18d18"><testcase classname="tests.test_project_schedule_pdf.TestProjectSchedulePDF" name="test_pdf_generation_basic" time="0.254" /><testcase classname="tests.test_project_schedule_pdf.TestProjectSchedulePDF" name="test_pdf_generation_with_phases" time="0.168" /><testcase classname="tests.test_project_schedule_pdf.TestProjectSchedulePDF" name="test_pdf_generation_with_milestones" time="0.198" /><testcase classname="tests.test_project_schedule_pdf.TestProjectSchedulePDF" name="test_pdf_generation_with_project_info" time="0.164" /><testcase classname="tests.test_project_schedule_pdf.TestProjectSchedulePDF" name="test_pdf_generation_all_statuses" time="0.512" /><testcase classname="tests.test_project_schedule_pdf.TestProjectSchedulePDF" name="test_pdf_generation_date_formats" time="0.163" /><testcase classname="tests.test_project_schedule_pdf.TestProjectSchedulePDF" name="test_pdf_generation_iso_date_format" time="0.158" /><testcase classname="tests.test_project_schedule_pdf.TestProjectSchedulePDF" name="test_pdf_generation_many_phases" time="0.167" /><testcase classname="tests.test_project_schedule_pdf.TestProjectSchedulePDF" name="test_pdf_generation_empty_phases" time="0.159" /><testcase classname="tests.test_project_schedule_pdf.TestProjectSchedulePDF" name="test_pdf_generation_special_characters" time="0.166" /><testcase classname="tests.test_project_schedule_pdf.TestProjectSchedulePDF" name="test_pdf_generation_long_names" time="0.166" /><testcase classname="tests.test_project_schedule_pdf.TestProjectSchedulePDFValidation" name="test_pdf_generation_missing_schedule_name" time="0.158" /><testcase classname="tests.test_project_schedule_pdf.TestProjectSchedulePDFValidation" name="test_pdf_generation_missing_dates" time="0.159" /><testcase classname="tests.test_project_schedule_pdf.TestProjectSchedulePDFValidation" name="test_pdf_generation_empty_body" time="0.190" /></testsuite></testsuites>