<?xml version="1.0" encoding="utf-8"?><testsuites name="pytest tests"><testsuite name="pytest" errors="0" failures="0" skipped="0" tests="7" time="1.922" timestamp="2026-03-09T06:42:19.346472+00:00" hostname="agent-env-8213bf22-c956-4fe1-81ff-6421ee73114d"><testcase classname="tests.test_ir_thermography_mongodb_images.TestIRThermographyMongoDBImages" name="test_create_report_with_images_saves_to_mongodb" time="0.210" /><testcase classname="tests.test_ir_thermography_mongodb_images.TestIRThermographyMongoDBImages" name="test_serve_image_from_mongodb" time="0.211" /><testcase classname="tests.test_ir_thermography_mongodb_images.TestIRThermographyMongoDBImages" name="test_image_not_found_returns_404" time="0.112" /><testcase classname="tests.test_ir_thermography_mongodb_images.TestIRThermographyMongoDBImages" name="test_update_report_with_new_images" time="0.248" /><testcase classname="tests.test_ir_thermography_mongodb_images.TestIRThermographyMongoDBImages" name="test_pdf_generation_with_mongodb_images" time="0.630" /><testcase classname="tests.test_ir_thermography_mongodb_images.TestIRThermographyMongoDBImages" name="test_existing_report_images_accessible" time="0.199" /><testcase classname="tests.test_ir_thermography_mongodb_images.TestIRThermographyMongoDBImages" name="test_delete_report_cleans_up_images" time="0.249" /></testsuite></testsuites>