<?xml version="1.0" encoding="utf-8"?><testsuites name="pytest tests"><testsuite name="pytest" errors="0" failures="0" skipped="0" tests="18" time="1.378" timestamp="2026-01-12T06:53:51.012312+00:00" hostname="agent-env-ee8d7d72-16c5-48b6-9bdd-ad23f18732ba"><testcase classname="tests.test_p0_modular_routes.TestNotificationsEndpoints" name="test_get_notifications" time="0.374" /><testcase classname="tests.test_p0_modular_routes.TestNotificationsEndpoints" name="test_get_notifications_with_department_filter" time="0.042" /><testcase classname="tests.test_p0_modular_routes.TestNotificationsEndpoints" name="test_get_notifications_with_unread_filter" time="0.038" /><testcase classname="tests.test_p0_modular_routes.TestNotificationsEndpoints" name="test_get_notification_count" time="0.038" /><testcase classname="tests.test_p0_modular_routes.TestNotificationsEndpoints" name="test_get_notification_count_with_department" time="0.036" /><testcase classname="tests.test_p0_modular_routes.TestNotificationsEndpoints" name="test_create_notification" time="0.100" /><testcase classname="tests.test_p0_modular_routes.TestDepartmentTasksEndpoints" name="test_get_department_tasks" time="0.037" /><testcase classname="tests.test_p0_modular_routes.TestDepartmentTasksEndpoints" name="test_get_department_tasks_with_department_filter" time="0.048" /><testcase classname="tests.test_p0_modular_routes.TestDepartmentTasksEndpoints" name="test_get_department_tasks_with_status_filter" time="0.047" /><testcase classname="tests.test_p0_modular_routes.TestDepartmentTasksEndpoints" name="test_get_department_task_stats" time="0.040" /><testcase classname="tests.test_p0_modular_routes.TestDepartmentTasksEndpoints" name="test_get_department_task_stats_accounts" time="0.047" /><testcase classname="tests.test_p0_modular_routes.TestDepartmentTasksEndpoints" name="test_create_department_task" time="0.054" /><testcase classname="tests.test_p0_modular_routes.TestTestReportsEndpoints" name="test_get_test_reports" time="0.038" /><testcase classname="tests.test_p0_modular_routes.TestTestReportsEndpoints" name="test_get_test_reports_with_equipment_filter" time="0.036" /><testcase classname="tests.test_p0_modular_routes.TestTestReportsEndpoints" name="test_get_next_report_no_transformer" time="0.043" /><testcase classname="tests.test_p0_modular_routes.TestTestReportsEndpoints" name="test_get_next_report_no_earth_pit" time="0.037" /><testcase classname="tests.test_p0_modular_routes.TestTestReportsEndpoints" name="test_get_next_report_no_amc" time="0.038" /><testcase classname="tests.test_p0_modular_routes.TestTestReportsEndpoints" name="test_create_test_report" time="0.096" /></testsuite></testsuites>