<?xml version="1.0" encoding="utf-8"?><testsuites name="pytest tests"><testsuite name="pytest" errors="0" failures="0" skipped="0" tests="27" time="8.973" timestamp="2026-02-14T17:54:10.236028+00:00" hostname="agent-env-4edae4ec-df53-4fa9-bd0a-907e81d99399"><testcase classname="backend.tests.test_expense_management.TestExpenseManagementSetup" name="test_api_health" time="0.306" /><testcase classname="backend.tests.test_expense_management.TestDashboardStats" name="test_get_dashboard_stats" time="0.613" /><testcase classname="backend.tests.test_expense_management.TestDashboardStats" name="test_get_categories" time="0.054" /><testcase classname="backend.tests.test_expense_management.TestDashboardStats" name="test_get_payment_modes" time="0.066" /><testcase classname="backend.tests.test_expense_management.TestExpenseCRUD" name="test_create_expense" time="0.703" /><testcase classname="backend.tests.test_expense_management.TestExpenseCRUD" name="test_get_expenses_list" time="0.133" /><testcase classname="backend.tests.test_expense_management.TestExpenseCRUD" name="test_get_expense_by_id" time="0.073" /><testcase classname="backend.tests.test_expense_management.TestExpenseCRUD" name="test_get_expense_not_found" time="0.060" /><testcase classname="backend.tests.test_expense_management.TestExpenseCRUD" name="test_update_expense" time="0.065" /><testcase classname="backend.tests.test_expense_management.TestExpenseCRUD" name="test_filter_expenses_by_status" time="0.084" /><testcase classname="backend.tests.test_expense_management.TestExpenseCRUD" name="test_filter_expenses_by_category" time="0.135" /><testcase classname="backend.tests.test_expense_management.TestFileUpload" name="test_upload_receipt_jpg" time="0.691" /><testcase classname="backend.tests.test_expense_management.TestFileUpload" name="test_upload_receipt_pdf" time="0.114" /><testcase classname="backend.tests.test_expense_management.TestFileUpload" name="test_upload_invalid_file_type" time="0.139" /><testcase classname="backend.tests.test_expense_management.TestFileUpload" name="test_get_attachment" time="0.204" /><testcase classname="backend.tests.test_expense_management.TestApprovalWorkflow" name="test_submit_for_approval" time="0.686" /><testcase classname="backend.tests.test_expense_management.TestApprovalWorkflow" name="test_approval_queue" time="0.224" /><testcase classname="backend.tests.test_expense_management.TestApprovalWorkflow" name="test_approve_expense" time="0.242" /><testcase classname="backend.tests.test_expense_management.TestApprovalWorkflow" name="test_reject_expense" time="0.459" /><testcase classname="backend.tests.test_expense_management.TestApprovalWorkflow" name="test_request_info" time="0.247" /><testcase classname="backend.tests.test_expense_management.TestApprovalWorkflow" name="test_cannot_edit_approved_expense" time="0.278" /><testcase classname="backend.tests.test_expense_management.TestBulkApprove" name="test_bulk_approve" time="1.594" /><testcase classname="backend.tests.test_expense_management.TestDeleteExpense" name="test_delete_pending_expense" time="0.806" /><testcase classname="backend.tests.test_expense_management.TestDeleteExpense" name="test_cannot_delete_approved_expense" time="0.299" /><testcase classname="backend.tests.test_expense_management.TestReports" name="test_category_report" time="0.505" /><testcase classname="backend.tests.test_expense_management.TestReports" name="test_vendor_report" time="0.058" /><testcase classname="backend.tests.test_expense_management.TestReports" name="test_order_expenses_summary" time="0.059" /></testsuite></testsuites>