<?xml version="1.0" encoding="utf-8"?><testsuites name="pytest tests"><testsuite name="pytest" errors="0" failures="0" skipped="0" tests="10" time="4.269" timestamp="2026-01-21T18:05:28.939533+00:00" hostname="agent-env-80ce1891-798b-4a2d-80da-bb3270e75c8e"><testcase classname="tests.test_statutory_document_upload.TestStatutoryDocumentUpload" name="test_01_upload_endpoint_exists" time="0.370" /><testcase classname="tests.test_statutory_document_upload.TestStatutoryDocumentUpload" name="test_02_upload_rejects_non_pdf" time="0.328" /><testcase classname="tests.test_statutory_document_upload.TestStatutoryDocumentUpload" name="test_03_get_existing_amc" time="0.287" /><testcase classname="tests.test_statutory_document_upload.TestStatutoryDocumentUpload" name="test_04_update_amc_with_statutory_document" time="0.330" /><testcase classname="tests.test_statutory_document_upload.TestStatutoryDocumentUpload" name="test_05_verify_statutory_document_persisted" time="0.282" /><testcase classname="tests.test_statutory_document_upload.TestStatutoryDocumentUpload" name="test_06_download_amc_pdf" time="1.250" /><testcase classname="tests.test_statutory_document_upload.TestStatutoryDocumentUpload" name="test_07_uploaded_file_accessible" time="0.298" /><testcase classname="tests.test_statutory_document_upload.TestStatutoryDocumentUpload" name="test_08_cleanup_statutory_documents" time="0.280" /><testcase classname="tests.test_statutory_document_upload.TestUploadEndpointValidation" name="test_upload_file_size_limit" time="0.435" /><testcase classname="tests.test_statutory_document_upload.TestUploadEndpointValidation" name="test_upload_general_category" time="0.311" /></testsuite></testsuites>