<?xml version="1.0" encoding="utf-8"?><testsuites name="pytest tests"><testsuite name="pytest" errors="0" failures="0" skipped="0" tests="12" time="1.439" timestamp="2026-03-14T12:22:46.843606+00:00" hostname="agent-env-35f80850-a2f5-436d-956d-ed0c1b75a14c"><testcase classname="tests.test_order_management_phase1.TestPIDGeneration" name="test_get_next_pid_24_25" time="0.558" /><testcase classname="tests.test_order_management_phase1.TestPIDGeneration" name="test_get_next_pid_25_26" time="0.052" /><testcase classname="tests.test_order_management_phase1.TestPIDGeneration" name="test_pid_format_correct" time="0.049" /><testcase classname="tests.test_order_management_phase1.TestOrderCreation" name="test_create_order_with_all_fields" time="0.061" /><testcase classname="tests.test_order_management_phase1.TestOrderCreation" name="test_create_order_budget_fields" time="0.052" /><testcase classname="tests.test_order_management_phase1.TestOrderCreation" name="test_create_order_timeline_fields" time="0.049" /><testcase classname="tests.test_order_management_phase1.TestOrderCreation" name="test_create_order_duplicate_pid_fails" time="0.130" /><testcase classname="tests.test_order_management_phase1.TestOrderListing" name="test_get_orders_list" time="0.077" /><testcase classname="tests.test_order_management_phase1.TestOrderListing" name="test_get_orders_with_lifecycle_data" time="0.078" /><testcase classname="tests.test_order_management_phase1.TestOrderListing" name="test_get_orders_financials_structure" time="0.077" /><testcase classname="tests.test_order_management_phase1.TestOrderListing" name="test_get_orders_with_search" time="0.058" /><testcase classname="tests.test_order_management_phase1.TestOrderListing" name="test_get_orders_with_status_filter" time="0.121" /></testsuite></testsuites>