<?xml version="1.0" encoding="utf-8"?><testsuites name="pytest tests"><testsuite name="pytest" errors="0" failures="0" skipped="0" tests="13" time="7.628" timestamp="2026-03-13T13:04:45.623736+00:00" hostname="agent-env-c91ad825-7ef5-4bb3-93a5-88b56945d8b3"><testcase classname="backend.tests.test_business_hub.TestBusinessHubSOMTasks" name="test_01_get_som_tasks_empty" time="0.744" /><testcase classname="backend.tests.test_business_hub.TestBusinessHubSOMTasks" name="test_02_create_som_task" time="0.584" /><testcase classname="backend.tests.test_business_hub.TestBusinessHubSOMTasks" name="test_03_get_som_task_by_id" time="0.717" /><testcase classname="backend.tests.test_business_hub.TestBusinessHubSOMTasks" name="test_04_update_som_task" time="0.700" /><testcase classname="backend.tests.test_business_hub.TestBusinessHubSOMTasks" name="test_05_delete_som_task" time="0.699" /><testcase classname="backend.tests.test_business_hub.TestBusinessHubSOMTasks" name="test_06_get_som_tasks_with_date_filter" time="0.667" /><testcase classname="backend.tests.test_business_hub.TestBusinessHubSOMTasks" name="test_07_get_som_stats_summary" time="0.460" /><testcase classname="backend.tests.test_business_hub.TestBusinessHubSOMTasks" name="test_08_validate_department_values" time="0.463" /><testcase classname="backend.tests.test_business_hub.TestBusinessHubSOMTasks" name="test_09_validate_status_values" time="0.489" /><testcase classname="backend.tests.test_business_hub.TestBusinessHubOrderManagement" name="test_01_get_order_lifecycle_orders" time="0.524" /><testcase classname="backend.tests.test_business_hub.TestBusinessHubOrderManagement" name="test_02_get_order_lifecycle_dashboard_stats" time="0.510" /><testcase classname="backend.tests.test_business_hub.TestBusinessHubFinanceAnalytics" name="test_01_get_projects_for_finance" time="0.480" /><testcase classname="backend.tests.test_business_hub.TestBusinessHubProjectManagement" name="test_01_get_projects" time="0.515" /></testsuite></testsuites>