<?xml version="1.0" encoding="utf-8"?><testsuites name="pytest tests"><testsuite name="pytest" errors="0" failures="0" skipped="0" tests="10" time="2.960" timestamp="2026-03-04T06:29:45.935206+00:00" hostname="agent-env-529c9bbd-961f-4350-bf6b-6db1665ac35d"><testcase classname="backend.tests.test_travel_log_submit_hr.TestTravelLogSubmitToHR" name="test_01_api_health_check" time="0.128" /><testcase classname="backend.tests.test_travel_log_submit_hr.TestTravelLogSubmitToHR" name="test_02_create_trip_in_progress" time="0.359" /><testcase classname="backend.tests.test_travel_log_submit_hr.TestTravelLogSubmitToHR" name="test_03_complete_trip_as_draft" time="0.049" /><testcase classname="backend.tests.test_travel_log_submit_hr.TestTravelLogSubmitToHR" name="test_04_submit_to_hr_success" time="0.092" /><testcase classname="backend.tests.test_travel_log_submit_hr.TestTravelLogSubmitToHR" name="test_05_submit_to_hr_empty_list" time="0.046" /><testcase classname="backend.tests.test_travel_log_submit_hr.TestTravelLogSubmitToHR" name="test_06_submit_to_hr_non_draft_trip" time="0.377" /><testcase classname="backend.tests.test_travel_log_submit_hr.TestTravelLogSubmitToHR" name="test_07_submit_to_hr_invalid_trip_id" time="0.049" /><testcase classname="backend.tests.test_travel_log_submit_hr.TestTravelLogSubmitToHR" name="test_08_full_workflow_create_complete_submit" time="0.477" /><testcase classname="backend.tests.test_travel_log_submit_hr.TestTravelLogSubmitToHR" name="test_09_batch_submit_multiple_trips" time="0.631" /><testcase classname="backend.tests.test_travel_log_submit_hr.TestTravelLogSubmitToHR" name="test_10_get_my_trips_with_status_filter" time="0.679" /></testsuite></testsuites>