<?xml version="1.0" encoding="utf-8"?><testsuites name="pytest tests"><testsuite name="pytest" errors="0" failures="0" skipped="2" tests="15" time="5.925" timestamp="2026-02-06T08:53:03.185525+00:00" hostname="agent-env-64a32baf-9f59-4001-a73a-efc1e50bd5a7"><testcase classname="backend.tests.test_pdf_template_designs.TestDesignOptionsAPI" name="test_get_design_options" time="0.349" /><testcase classname="backend.tests.test_pdf_template_designs.TestDesignOptionsAPI" name="test_settings_contain_report_designs" time="0.308" /><testcase classname="backend.tests.test_pdf_template_designs.TestDesignOptionsAPI" name="test_update_report_design_via_settings" time="0.338" /><testcase classname="backend.tests.test_pdf_template_designs.TestDesignOptionsAPI" name="test_update_single_report_design_endpoint" time="0.342" /><testcase classname="backend.tests.test_pdf_template_designs.TestDesignOptionsAPI" name="test_update_report_design_invalid_report_type" time="0.281" /><testcase classname="backend.tests.test_pdf_template_designs.TestDesignOptionsAPI" name="test_update_report_design_invalid_design_id" time="0.287" /><testcase classname="backend.tests.test_pdf_template_designs.TestPreviewEndpoints" name="test_preview_accepts_report_type_parameter" time="1.106" /><testcase classname="backend.tests.test_pdf_template_designs.TestPreviewEndpoints" name="test_preview_designs_endpoint" time="0.297" /><testcase classname="backend.tests.test_pdf_template_designs.TestPreviewEndpoints" name="test_preview_designs_with_custom_color" time="0.306" /><testcase classname="backend.tests.test_pdf_template_designs.TestPreviewEndpoints" name="test_preview_reflects_report_type_design" time="0.592" /><testcase classname="backend.tests.test_pdf_template_designs.TestLogoUploadAndDisplay" name="test_logo_upload_saves_file" time="0.322" /><testcase classname="backend.tests.test_pdf_template_designs.TestLogoUploadAndDisplay" name="test_logo_url_accessible" time="0.319" /><testcase classname="backend.tests.test_pdf_template_designs.TestResetToDefaults" name="test_reset_restores_default_report_designs" time="0.345" /><testcase classname="backend.tests.test_pdf_template_designs.TestAMCPDFUsesDesignSettings" name="test_amc_pdf_generation_with_custom_design" time="0.308"><skipped type="pytest.skip" message="Could not fetch AMCs">/app/backend/tests/test_pdf_template_designs.py:481: Could not fetch AMCs</skipped></testcase><testcase classname="backend.tests.test_pdf_template_designs.TestCalibrationPDFUsesDesignSettings" name="test_calibration_pdf_generation_with_custom_design" time="0.334"><skipped type="pytest.skip" message="Could not fetch Calibration contracts">/app/backend/tests/test_pdf_template_designs.py:538: Could not fetch Calibration contracts</skipped></testcase></testsuite></testsuites>