<?xml version="1.0" encoding="utf-8"?><testsuites name="pytest tests"><testsuite name="pytest" errors="0" failures="0" skipped="0" tests="43" time="6.397" timestamp="2026-02-14T18:28:36.093036+00:00" hostname="agent-env-4edae4ec-df53-4fa9-bd0a-907e81d99399"><testcase classname="backend.tests.test_finance_dashboard.TestFinanceDashboardOverview" name="test_overview_returns_200" time="0.248" /><testcase classname="backend.tests.test_finance_dashboard.TestFinanceDashboardOverview" name="test_overview_has_revenue_section" time="0.124" /><testcase classname="backend.tests.test_finance_dashboard.TestFinanceDashboardOverview" name="test_overview_has_costs_section" time="0.120" /><testcase classname="backend.tests.test_finance_dashboard.TestFinanceDashboardOverview" name="test_overview_has_profit_section" time="0.123" /><testcase classname="backend.tests.test_finance_dashboard.TestFinanceDashboardOverview" name="test_overview_has_pending_section" time="0.132" /><testcase classname="backend.tests.test_finance_dashboard.TestOrderProfitability" name="test_order_profitability_returns_200" time="0.122" /><testcase classname="backend.tests.test_finance_dashboard.TestOrderProfitability" name="test_order_profitability_has_orders_list" time="0.120" /><testcase classname="backend.tests.test_finance_dashboard.TestOrderProfitability" name="test_order_profitability_has_totals" time="0.111" /><testcase classname="backend.tests.test_finance_dashboard.TestOrderProfitability" name="test_order_profitability_order_fields" time="0.112" /><testcase classname="backend.tests.test_finance_dashboard.TestOrderProfitability" name="test_order_profitability_with_limit" time="0.120" /><testcase classname="backend.tests.test_finance_dashboard.TestCashFlow" name="test_cash_flow_returns_200" time="0.120" /><testcase classname="backend.tests.test_finance_dashboard.TestCashFlow" name="test_cash_flow_has_projections" time="0.117" /><testcase classname="backend.tests.test_finance_dashboard.TestCashFlow" name="test_cash_flow_has_summary" time="0.111" /><testcase classname="backend.tests.test_finance_dashboard.TestCashFlow" name="test_cash_flow_projection_fields" time="0.127" /><testcase classname="backend.tests.test_finance_dashboard.TestCashFlow" name="test_cash_flow_with_months_param" time="0.115" /><testcase classname="backend.tests.test_finance_dashboard.TestSavingsAnalysis" name="test_savings_analysis_returns_200" time="0.127" /><testcase classname="backend.tests.test_finance_dashboard.TestSavingsAnalysis" name="test_savings_analysis_has_orders" time="0.144" /><testcase classname="backend.tests.test_finance_dashboard.TestSavingsAnalysis" name="test_savings_analysis_has_summary" time="0.132" /><testcase classname="backend.tests.test_finance_dashboard.TestExpenseBreakdown" name="test_expense_breakdown_returns_200" time="0.128" /><testcase classname="backend.tests.test_finance_dashboard.TestExpenseBreakdown" name="test_expense_breakdown_has_categories" time="0.118" /><testcase classname="backend.tests.test_finance_dashboard.TestExpenseBreakdown" name="test_expense_breakdown_has_grand_total" time="0.173" /><testcase classname="backend.tests.test_finance_dashboard.TestExpenseBreakdown" name="test_expense_breakdown_category_fields" time="0.114" /><testcase classname="backend.tests.test_finance_dashboard.TestExpenseBreakdown" name="test_expense_breakdown_with_period" time="0.454" /><testcase classname="backend.tests.test_finance_dashboard.TestPaymentStatus" name="test_payment_status_returns_200" time="0.125" /><testcase classname="backend.tests.test_finance_dashboard.TestPaymentStatus" name="test_payment_status_has_summary" time="0.176" /><testcase classname="backend.tests.test_finance_dashboard.TestPaymentStatus" name="test_payment_status_has_order_lists" time="0.115" /><testcase classname="backend.tests.test_finance_dashboard.TestDepartmentPerformance" name="test_department_performance_returns_200" time="0.113" /><testcase classname="backend.tests.test_finance_dashboard.TestDepartmentPerformance" name="test_department_performance_has_purchase" time="0.116" /><testcase classname="backend.tests.test_finance_dashboard.TestDepartmentPerformance" name="test_department_performance_has_sales" time="0.119" /><testcase classname="backend.tests.test_finance_dashboard.TestDepartmentPerformance" name="test_department_performance_has_accounts" time="0.119" /><testcase classname="backend.tests.test_finance_dashboard.TestMonthlyTrends" name="test_monthly_trends_returns_200" time="0.140" /><testcase classname="backend.tests.test_finance_dashboard.TestMonthlyTrends" name="test_monthly_trends_has_trends_list" time="0.177" /><testcase classname="backend.tests.test_finance_dashboard.TestMonthlyTrends" name="test_monthly_trends_default_12_months" time="0.133" /><testcase classname="backend.tests.test_finance_dashboard.TestMonthlyTrends" name="test_monthly_trends_with_months_param" time="0.130" /><testcase classname="backend.tests.test_finance_dashboard.TestMonthlyTrends" name="test_monthly_trends_trend_fields" time="0.149" /><testcase classname="backend.tests.test_finance_dashboard.TestFinancialKPIs" name="test_kpis_returns_200" time="0.121" /><testcase classname="backend.tests.test_finance_dashboard.TestFinancialKPIs" name="test_kpis_has_revenue_kpis" time="0.141" /><testcase classname="backend.tests.test_finance_dashboard.TestFinancialKPIs" name="test_kpis_has_profitability_kpis" time="0.128" /><testcase classname="backend.tests.test_finance_dashboard.TestFinancialKPIs" name="test_kpis_has_collection_kpis" time="0.136" /><testcase classname="backend.tests.test_finance_dashboard.TestFinancialKPIs" name="test_kpis_has_operational_kpis" time="0.120" /><testcase classname="backend.tests.test_finance_dashboard.TestDataIntegrity" name="test_overview_totals_match_profitability" time="0.239" /><testcase classname="backend.tests.test_finance_dashboard.TestDataIntegrity" name="test_expense_breakdown_matches_overview" time="0.228" /><testcase classname="backend.tests.test_finance_dashboard.TestDataIntegrity" name="test_kpis_match_overview" time="0.251" /></testsuite></testsuites>