<?xml version="1.0" encoding="utf-8"?><testsuites name="pytest tests"><testsuite name="pytest" errors="0" failures="0" skipped="0" tests="4" time="1.563" timestamp="2026-01-17T13:04:03.060494+00:00" hostname="agent-env-9d3efc86-fec9-4157-a5b8-7c167fae26de"><testcase classname="tests.test_mccb_sections.TestMCCBSections" name="test_mccb_template_has_sections" time="0.312" /><testcase classname="tests.test_mccb_sections.TestMCCBSections" name="test_create_mccb_report_with_section5_and_section6" time="0.322" /><testcase classname="tests.test_mccb_sections.TestMCCBSections" name="test_mccb_pdf_generation_with_sections" time="0.549" /><testcase classname="tests.test_mccb_sections.TestMCCBSections" name="test_mccb_section_toggles_disable" time="0.331" /></testsuite></testsuites>