<?xml version="1.0" encoding="utf-8"?><testsuites name="pytest tests"><testsuite name="pytest" errors="0" failures="0" skipped="0" tests="20" time="3.885" timestamp="2026-01-15T12:39:49.654440+00:00" hostname="agent-env-467b91b1-025b-45e0-ab7a-1613623bf972"><testcase classname="tests.test_report_actions.TestAuthentication" name="test_login_success" time="0.299" /><testcase classname="tests.test_report_actions.TestAMCReports" name="test_get_amc_reports" time="0.301" /><testcase classname="tests.test_report_actions.TestAMCReports" name="test_create_amc_report" time="0.086" /><testcase classname="tests.test_report_actions.TestAMCReports" name="test_clone_amc_report" time="0.154" /><testcase classname="tests.test_report_actions.TestAMCReports" name="test_delete_amc_report" time="0.111" /><testcase classname="tests.test_report_actions.TestOtherReports" name="test_get_other_reports" time="0.299" /><testcase classname="tests.test_report_actions.TestOtherReports" name="test_create_other_report" time="0.114" /><testcase classname="tests.test_report_actions.TestOtherReports" name="test_clone_other_report" time="0.188" /><testcase classname="tests.test_report_actions.TestAuditReports" name="test_get_audit_reports" time="0.295" /><testcase classname="tests.test_report_actions.TestAuditReports" name="test_create_audit_report" time="0.077" /><testcase classname="tests.test_report_actions.TestAuditReports" name="test_clone_audit_report" time="0.161" /><testcase classname="tests.test_report_actions.TestCustomerService" name="test_get_customer_service_requests" time="0.391" /><testcase classname="tests.test_report_actions.TestCustomerService" name="test_get_next_srn" time="0.037" /><testcase classname="tests.test_report_actions.TestCustomerService" name="test_create_service_request" time="0.075" /><testcase classname="tests.test_report_actions.TestCustomerService" name="test_clone_service_request" time="0.137" /><testcase classname="tests.test_report_actions.TestCustomerService" name="test_update_service_request" time="0.154" /><testcase classname="tests.test_report_actions.TestCustomerService" name="test_delete_service_request" time="0.152" /><testcase classname="tests.test_report_actions.TestCustomerService" name="test_send_email_endpoint_exists" time="0.108" /><testcase classname="tests.test_report_actions.TestCustomerService" name="test_pdf_download_endpoint" time="0.299" /><testcase classname="tests.test_report_actions.TestExistingServiceRequests" name="test_fetch_existing_service_requests" time="0.380" /></testsuite></testsuites>