<?xml version="1.0" encoding="utf-8"?><testsuites name="pytest tests"><testsuite name="pytest" errors="0" failures="0" skipped="0" tests="18" time="14.930" timestamp="2026-02-14T14:01:49.950053+00:00" hostname="agent-env-42101818-75b4-4065-9e8d-782fb7d79006"><testcase classname="backend.tests.test_quotations.TestQuotationsModule" name="test_get_quotations_list" time="0.692" /><testcase classname="backend.tests.test_quotations.TestQuotationsModule" name="test_get_quotations_stats" time="0.597" /><testcase classname="backend.tests.test_quotations.TestQuotationsModule" name="test_get_quotations_with_search" time="0.546" /><testcase classname="backend.tests.test_quotations.TestQuotationsModule" name="test_get_quotations_with_status_filter" time="0.526" /><testcase classname="backend.tests.test_quotations.TestQuotationsModule" name="test_create_quotation_basic" time="0.755" /><testcase classname="backend.tests.test_quotations.TestQuotationsModule" name="test_create_quotation_with_multiple_items" time="0.635" /><testcase classname="backend.tests.test_quotations.TestQuotationsModule" name="test_create_quotation_with_different_gst_rates" time="1.634" /><testcase classname="backend.tests.test_quotations.TestQuotationsModule" name="test_update_quotation" time="0.997" /><testcase classname="backend.tests.test_quotations.TestQuotationsModule" name="test_update_quotation_status" time="1.014" /><testcase classname="backend.tests.test_quotations.TestQuotationsModule" name="test_delete_quotation" time="0.804" /><testcase classname="backend.tests.test_quotations.TestQuotationsModule" name="test_get_enquiries_for_dropdown" time="0.488" /><testcase classname="backend.tests.test_quotations.TestQuotationsModule" name="test_get_single_enquiry" time="0.608" /><testcase classname="backend.tests.test_quotations.TestQuotationsModule" name="test_create_quotation_linked_to_enquiry" time="0.991" /><testcase classname="backend.tests.test_quotations.TestQuotationsModule" name="test_get_customers_for_autocomplete" time="0.565" /><testcase classname="backend.tests.test_quotations.TestQuotationsModule" name="test_create_quotation_with_categories" time="2.011" /><testcase classname="backend.tests.test_quotations.TestQuotationsModule" name="test_get_nonexistent_quotation" time="0.547" /><testcase classname="backend.tests.test_quotations.TestQuotationsModule" name="test_update_nonexistent_quotation" time="0.605" /><testcase classname="backend.tests.test_quotations.TestQuotationsModule" name="test_delete_nonexistent_quotation" time="0.468" /></testsuite></testsuites>