<?xml version="1.0" encoding="utf-8"?><testsuites name="pytest tests"><testsuite name="pytest" errors="0" failures="0" skipped="0" tests="27" time="6.348" timestamp="2026-02-11T12:19:34.200639+00:00" hostname="agent-env-4d9da02c-aab1-4307-8fc6-e1f9cdb18d18"><testcase classname="tests.test_pre_deployment_stability.TestAuthenticationModule" name="test_login_success" time="0.347" /><testcase classname="tests.test_pre_deployment_stability.TestAuthenticationModule" name="test_login_invalid_credentials" time="0.042" /><testcase classname="tests.test_pre_deployment_stability.TestAuthenticationModule" name="test_auth_me_endpoint" time="0.359" /><testcase classname="tests.test_pre_deployment_stability.TestDashboardModule" name="test_dashboard_stats" time="0.339" /><testcase classname="tests.test_pre_deployment_stability.TestDashboardModule" name="test_notifications_endpoint" time="0.044" /><testcase classname="tests.test_pre_deployment_stability.TestDashboardModule" name="test_notifications_count" time="0.041" /><testcase classname="tests.test_pre_deployment_stability.TestProjectsModule" name="test_list_projects" time="0.330" /><testcase classname="tests.test_pre_deployment_stability.TestAMCModule" name="test_list_amc" time="0.326" /><testcase classname="tests.test_pre_deployment_stability.TestAMCModule" name="test_amc_dashboard_stats" time="0.055" /><testcase classname="tests.test_pre_deployment_stability.TestCalibrationModule" name="test_list_calibration" time="0.317" /><testcase classname="tests.test_pre_deployment_stability.TestCalibrationModule" name="test_calibration_dashboard_stats" time="0.046" /><testcase classname="tests.test_pre_deployment_stability.TestEquipmentTestReportsModule" name="test_all_test_reports" time="0.404" /><testcase classname="tests.test_pre_deployment_stability.TestEquipmentTestReportsModule" name="test_relay_test_reports" time="0.045" /><testcase classname="tests.test_pre_deployment_stability.TestEquipmentTestReportsModule" name="test_battery_test_reports" time="0.045" /><testcase classname="tests.test_pre_deployment_stability.TestProjectScheduleModule" name="test_project_schedule_pdf_generation" time="0.460" /><testcase classname="tests.test_pre_deployment_stability.TestPDFTemplateSettingsModule" name="test_get_pdf_template_settings" time="0.405" /><testcase classname="tests.test_pre_deployment_stability.TestPDFTemplateSettingsModule" name="test_pdf_template_preview" time="0.184" /><testcase classname="tests.test_pre_deployment_stability.TestPDFTemplateSettingsModule" name="test_pdf_template_includes_project_schedule" time="0.147" /><testcase classname="tests.test_pre_deployment_stability.TestTravelLogModule" name="test_travel_log_rates" time="0.317" /><testcase classname="tests.test_pre_deployment_stability.TestTravelLogModule" name="test_travel_log_all_trips" time="0.042" /><testcase classname="tests.test_pre_deployment_stability.TestAttendanceModule" name="test_attendance_status" time="0.592" /><testcase classname="tests.test_pre_deployment_stability.TestLeaveManagementModule" name="test_list_leave_requests" time="0.332" /><testcase classname="tests.test_pre_deployment_stability.TestLeaveManagementModule" name="test_leave_balance" time="0.318" /><testcase classname="tests.test_pre_deployment_stability.TestUserManagementModule" name="test_list_users" time="0.317" /><testcase classname="tests.test_pre_deployment_stability.TestOrganizationSettings" name="test_organization_settings" time="0.320" /><testcase classname="tests.test_pre_deployment_stability.TestHealthCheck" name="test_api_health" time="0.039" /><testcase classname="tests.test_pre_deployment_stability.TestHealthCheck" name="test_root_endpoint" time="0.042" /></testsuite></testsuites>