<?xml version="1.0" encoding="utf-8"?><testsuites name="pytest tests"><testsuite name="pytest" errors="0" failures="0" skipped="0" tests="13" time="8.038" timestamp="2026-01-22T10:35:27.580473+00:00" hostname="agent-env-80ce1891-798b-4a2d-80da-bb3270e75c8e"><testcase classname="tests.test_amc_customer_provider_pdf.TestAMCCustomerProviderAPI" name="test_01_get_amc_has_customer_info" time="0.124" /><testcase classname="tests.test_amc_customer_provider_pdf.TestAMCCustomerProviderAPI" name="test_02_get_amc_has_service_provider" time="0.042" /><testcase classname="tests.test_amc_customer_provider_pdf.TestAMCCustomerProviderAPI" name="test_03_get_amc_has_contract_details" time="0.047" /><testcase classname="tests.test_amc_customer_provider_pdf.TestAMCCustomerProviderAPI" name="test_04_update_amc_customer_info" time="0.147" /><testcase classname="tests.test_amc_customer_provider_pdf.TestAMCCustomerProviderAPI" name="test_05_update_amc_service_provider" time="0.163" /><testcase classname="tests.test_amc_customer_provider_pdf.TestAMCPDFContent" name="test_06_pdf_download_works" time="1.000" /><testcase classname="tests.test_amc_customer_provider_pdf.TestAMCPDFContent" name="test_07_pdf_contains_contract_value" time="1.112" /><testcase classname="tests.test_amc_customer_provider_pdf.TestAMCPDFContent" name="test_08_pdf_contains_payment_terms" time="1.028" /><testcase classname="tests.test_amc_customer_provider_pdf.TestAMCPDFContent" name="test_09_pdf_contains_customer_information_section" time="1.040" /><testcase classname="tests.test_amc_customer_provider_pdf.TestAMCPDFContent" name="test_10_pdf_contains_service_provider_section" time="1.029" /><testcase classname="tests.test_amc_customer_provider_pdf.TestAMCPDFContent" name="test_11_pdf_contains_scope_of_work" time="1.048" /><testcase classname="tests.test_amc_customer_provider_pdf.TestAMCPDFContent" name="test_12_pdf_contains_special_conditions" time="1.052" /><testcase classname="tests.test_amc_customer_provider_pdf.TestAMCPydanticModels" name="test_13_create_amc_with_all_fields" time="0.122" /></testsuite></testsuites>