<?xml version="1.0" encoding="utf-8"?><testsuites name="pytest tests"><testsuite name="pytest" errors="0" failures="0" skipped="0" tests="13" time="5.639" timestamp="2026-03-04T10:11:34.600835+00:00" hostname="agent-env-529c9bbd-961f-4350-bf6b-6db1665ac35d"><testcase classname="tests.test_followup_reminders.TestFollowupReminders" name="test_01_generate_followup_reminders_endpoint_exists" time="0.565" /><testcase classname="tests.test_followup_reminders.TestFollowupReminders" name="test_02_todays_followups_endpoint_returns_correct_structure" time="0.423" /><testcase classname="tests.test_followup_reminders.TestFollowupReminders" name="test_03_todays_followups_contains_required_fields" time="0.389" /><testcase classname="tests.test_followup_reminders.TestFollowupReminders" name="test_04_notifications_endpoint_returns_followup_notifications" time="0.392" /><testcase classname="tests.test_followup_reminders.TestFollowupReminders" name="test_05_notification_count_endpoint" time="0.399" /><testcase classname="tests.test_followup_reminders.TestFollowupReminders" name="test_06_mark_notification_as_read" time="0.472" /><testcase classname="tests.test_followup_reminders.TestFollowupReminders" name="test_07_mark_all_notifications_read" time="0.476" /><testcase classname="tests.test_followup_reminders.TestFollowupReminderCreation" name="test_08_create_followup_for_tomorrow_generates_reminder" time="0.396" /><testcase classname="tests.test_followup_reminders.TestFollowupReminderCreation" name="test_09_create_overdue_followup_generates_overdue_notification" time="0.395" /><testcase classname="tests.test_followup_reminders.TestNotificationTypes" name="test_10_followup_reminder_notification_type" time="0.423" /><testcase classname="tests.test_followup_reminders.TestNotificationTypes" name="test_11_followup_overdue_notification_type" time="0.422" /><testcase classname="tests.test_followup_reminders.TestSalesDashboardAPI" name="test_12_sales_dashboard_stats_endpoint" time="0.391" /><testcase classname="tests.test_followup_reminders.TestSalesDashboardAPI" name="test_13_todays_followups_integration_with_dashboard" time="0.413" /></testsuite></testsuites>