<?xml version="1.0" encoding="utf-8"?><testsuites name="pytest tests"><testsuite name="pytest" errors="0" failures="0" skipped="0" tests="25" time="2.579" timestamp="2026-02-03T12:28:05.419240+00:00" hostname="agent-env-3e5b7337-21f2-4565-aa81-6324a78cdea1"><testcase classname="backend.tests.test_customer_hub_portal.TestCustomerHubCustomers" name="test_get_all_customers" time="0.404" /><testcase classname="backend.tests.test_customer_hub_portal.TestCustomerHubCustomers" name="test_get_customers_with_search" time="0.038" /><testcase classname="backend.tests.test_customer_hub_portal.TestCustomerHubCustomers" name="test_get_customer_hub_stats" time="0.037" /><testcase classname="backend.tests.test_customer_hub_portal.TestCustomerHubCustomers" name="test_create_customer" time="0.049" /><testcase classname="backend.tests.test_customer_hub_portal.TestCustomerHubCustomers" name="test_create_customer_duplicate_email" time="0.040" /><testcase classname="backend.tests.test_customer_hub_portal.TestCustomerHubCustomers" name="test_get_single_customer" time="0.077" /><testcase classname="backend.tests.test_customer_hub_portal.TestCustomerHubCustomers" name="test_get_customer_not_found" time="0.035" /><testcase classname="backend.tests.test_customer_hub_portal.TestCustomerHubProjectLinking" name="test_get_available_projects" time="0.081" /><testcase classname="backend.tests.test_customer_hub_portal.TestCustomerHubProjectLinking" name="test_auto_link_by_company_name" time="0.076" /><testcase classname="backend.tests.test_customer_hub_portal.TestCustomerHubProjectLinking" name="test_link_projects_to_customer" time="0.123" /><testcase classname="backend.tests.test_customer_hub_portal.TestCustomerHubPortalAccess" name="test_set_portal_password" time="0.319" /><testcase classname="backend.tests.test_customer_hub_portal.TestCustomerHubPortalAccess" name="test_toggle_portal_access" time="0.072" /><testcase classname="backend.tests.test_customer_hub_portal.TestCustomerHubDocuments" name="test_get_customer_documents" time="0.078" /><testcase classname="backend.tests.test_customer_hub_portal.TestCustomerHubDocuments" name="test_update_document_access" time="0.076" /><testcase classname="backend.tests.test_customer_hub_portal.TestCustomerPortalProjects" name="test_get_customer_projects" time="0.315" /><testcase classname="backend.tests.test_customer_hub_portal.TestCustomerPortalProjects" name="test_get_customer_projects_no_token" time="0.040" /><testcase classname="backend.tests.test_customer_hub_portal.TestCustomerPortalWCC" name="test_get_customer_wcc" time="0.037" /><testcase classname="backend.tests.test_customer_hub_portal.TestCustomerPortalWCC" name="test_get_customer_wcc_no_token" time="0.035" /><testcase classname="backend.tests.test_customer_hub_portal.TestCustomerPortalServiceReports" name="test_get_customer_service_reports" time="0.042" /><testcase classname="backend.tests.test_customer_hub_portal.TestCustomerPortalDashboard" name="test_get_full_dashboard" time="0.041" /><testcase classname="backend.tests.test_customer_hub_portal.TestCustomerPortalDashboard" name="test_get_basic_dashboard" time="0.040" /><testcase classname="backend.tests.test_customer_hub_portal.TestCustomerPortalAuth" name="test_customer_login_success" time="0.278" /><testcase classname="backend.tests.test_customer_hub_portal.TestCustomerPortalAuth" name="test_customer_login_invalid" time="0.035" /><testcase classname="backend.tests.test_customer_hub_portal.TestCustomerPortalAuth" name="test_customer_profile" time="0.036" /><testcase classname="backend.tests.test_customer_hub_portal.TestCleanup" name="test_cleanup_test_customers" time="0.077" /></testsuite></testsuites>