<?xml version="1.0" encoding="utf-8"?><testsuites name="pytest tests"><testsuite name="pytest" errors="0" failures="1" skipped="0" tests="14" time="4.271" timestamp="2026-03-04T07:36:01.316283+00:00" hostname="agent-env-529c9bbd-961f-4350-bf6b-6db1665ac35d"><testcase classname="tests.test_ir_thermography_file_storage.TestIRThermographyFileStorage" name="test_01_api_health_check" time="0.785" /><testcase classname="tests.test_ir_thermography_file_storage.TestIRThermographyFileStorage" name="test_02_get_existing_test_report" time="0.111" /><testcase classname="tests.test_ir_thermography_file_storage.TestIRThermographyFileStorage" name="test_03_verify_image_files_exist" time="0.000" /><testcase classname="tests.test_ir_thermography_file_storage.TestIRThermographyFileStorage" name="test_04_serve_image_from_static_mount" time="0.293" /><testcase classname="tests.test_ir_thermography_file_storage.TestIRThermographyFileStorage" name="test_05_create_report_with_80_items_large_images" time="1.043" /><testcase classname="tests.test_ir_thermography_file_storage.TestIRThermographyFileStorage" name="test_06_verify_new_report_images_on_disk" time="0.001" /><testcase classname="tests.test_ir_thermography_file_storage.TestIRThermographyFileStorage" name="test_07_update_report_with_additional_items" time="0.420" /><testcase classname="tests.test_ir_thermography_file_storage.TestIRThermographyFileStorage" name="test_08_generate_pdf_with_file_images" time="0.147"><failure message="AssertionError: PDF generation failed: 404&#10;assert 404 == 200&#10; +  where 404 = &lt;Response [404]&gt;.status_code">tests/test_ir_thermography_file_storage.py:277: in test_08_generate_pdf_with_file_images
    assert response.status_code == 200, f"PDF generation failed: {response.status_code}"
E   AssertionError: PDF generation failed: 404
E   assert 404 == 200
E    +  where 404 = &lt;Response [404]&gt;.status_code</failure></testcase><testcase classname="tests.test_ir_thermography_file_storage.TestIRThermographyFileStorage" name="test_09_verify_risk_calculation" time="0.106" /><testcase classname="tests.test_ir_thermography_file_storage.TestIRThermographyFileStorage" name="test_10_cleanup_test_report" time="0.104" /><testcase classname="tests.test_ir_thermography_file_storage.TestIRThermographyEdgeCases" name="test_11_create_report_without_images" time="0.538" /><testcase classname="tests.test_ir_thermography_file_storage.TestIRThermographyEdgeCases" name="test_12_handle_existing_url_images" time="0.242" /><testcase classname="tests.test_ir_thermography_file_storage.TestIRThermographyEdgeCases" name="test_13_get_report_summary" time="0.106" /><testcase classname="tests.test_ir_thermography_file_storage.TestIRThermographyEdgeCases" name="test_14_list_reports_pagination" time="0.282" /></testsuite></testsuites>