<?xml version="1.0" encoding="utf-8"?><testsuites name="pytest tests"><testsuite name="pytest" errors="0" failures="0" skipped="0" tests="25" time="4.090" timestamp="2026-02-22T09:11:18.220901+00:00" hostname="agent-env-336c5f6c-af40-461c-a572-4bc1000fd89b"><testcase classname="tests.test_sales_project_workflow.TestOrderHandoffSimplified" name="test_dashboard_returns_200" time="0.223" /><testcase classname="tests.test_sales_project_workflow.TestOrderHandoffSimplified" name="test_dashboard_has_required_fields" time="0.152" /><testcase classname="tests.test_sales_project_workflow.TestOrderHandoffSimplified" name="test_pending_orders_returns_200" time="0.116" /><testcase classname="tests.test_sales_project_workflow.TestOrderHandoffSimplified" name="test_pending_orders_structure" time="0.140" /><testcase classname="tests.test_sales_project_workflow.TestOrderHandoffSimplified" name="test_engineers_team_returns_200" time="0.109" /><testcase classname="tests.test_sales_project_workflow.TestOrderHandoffSimplified" name="test_engineers_team_has_members" time="0.105" /><testcase classname="tests.test_sales_project_workflow.TestOrderHandoffSimplified" name="test_create_project_requires_engineer" time="0.274" /><testcase classname="tests.test_sales_project_workflow.TestProjectManagementAccordion" name="test_projects_returns_200" time="0.146" /><testcase classname="tests.test_sales_project_workflow.TestProjectManagementAccordion" name="test_projects_have_status_field" time="0.146" /><testcase classname="tests.test_sales_project_workflow.TestProjectManagementAccordion" name="test_projects_have_required_fields_for_accordion" time="0.124" /><testcase classname="tests.test_sales_project_workflow.TestProjectManagementAccordion" name="test_project_update_status" time="0.265" /><testcase classname="tests.test_sales_project_workflow.TestProjectManagementAccordion" name="test_project_status_values" time="0.122" /><testcase classname="tests.test_sales_project_workflow.TestOrderLifecycleLinkProject" name="test_order_lifecycle_orders_returns_200" time="0.118" /><testcase classname="tests.test_sales_project_workflow.TestOrderLifecycleLinkProject" name="test_orders_have_project_link_info" time="0.116" /><testcase classname="tests.test_sales_project_workflow.TestOrderLifecycleLinkProject" name="test_link_project_endpoint_exists" time="0.270" /><testcase classname="tests.test_sales_project_workflow.TestOrderLifecycleLinkProject" name="test_get_available_projects_for_linking" time="0.144" /><testcase classname="tests.test_sales_project_workflow.TestOrderLifecycleLinkProject" name="test_link_project_validation" time="0.235" /><testcase classname="tests.test_sales_project_workflow.TestDashboardStats" name="test_order_lifecycle_dashboard_stats" time="0.120" /><testcase classname="tests.test_sales_project_workflow.TestDashboardStats" name="test_dashboard_stats_structure" time="0.116" /><testcase classname="tests.test_sales_project_workflow.TestDashboardStats" name="test_dashboard_orders_by_status" time="0.111" /><testcase classname="tests.test_sales_project_workflow.TestDashboardStats" name="test_project_orders_dashboard" time="0.102" /><testcase classname="tests.test_sales_project_workflow.TestCreateProjectFromOrder" name="test_create_project_with_engineer_only" time="0.217" /><testcase classname="tests.test_sales_project_workflow.TestCreateProjectFromOrder" name="test_project_inherits_order_budget" time="0.249" /><testcase classname="tests.test_sales_project_workflow.TestProjectEditModal" name="test_project_has_editable_fields" time="0.115" /><testcase classname="tests.test_sales_project_workflow.TestProjectEditModal" name="test_project_work_items_structure" time="0.181" /></testsuite></testsuites>