<?xml version="1.0" encoding="utf-8"?><testsuites name="pytest tests"><testsuite name="pytest" errors="0" failures="0" skipped="0" tests="16" time="5.858" timestamp="2026-01-10T17:09:50.058331+00:00" hostname="agent-env-69e8d5a8-0f18-4be5-8a0f-36e61f95328b"><testcase classname="tests.test_test_reports.TestTestReportsAPI" name="test_get_all_test_reports" time="0.300" /><testcase classname="tests.test_test_reports.TestTestReportsAPI" name="test_get_test_reports_by_equipment_type" time="0.494" /><testcase classname="tests.test_test_reports.TestTestReportsAPI" name="test_get_next_report_number_transformer" time="0.279" /><testcase classname="tests.test_test_reports.TestTestReportsAPI" name="test_get_next_report_number_all_equipment_types" time="0.586" /><testcase classname="tests.test_test_reports.TestTestReportsAPI" name="test_create_transformer_report" time="0.406" /><testcase classname="tests.test_test_reports.TestTestReportsAPI" name="test_create_mccb_report" time="0.330" /><testcase classname="tests.test_test_reports.TestTestReportsAPI" name="test_create_earth_pit_report" time="0.327" /><testcase classname="tests.test_test_reports.TestTestReportsAPI" name="test_create_report_without_equipment_type_fails" time="0.280" /><testcase classname="tests.test_test_reports.TestTestReportsAPI" name="test_update_test_report" time="0.439" /><testcase classname="tests.test_test_reports.TestTestReportsAPI" name="test_delete_test_report" time="0.295" /><testcase classname="tests.test_test_reports.TestTestReportsAPI" name="test_delete_nonexistent_report_fails" time="0.280" /><testcase classname="tests.test_test_reports.TestTestReportsAPI" name="test_get_test_report_by_id" time="0.400" /><testcase classname="tests.test_test_reports.TestTestReportsAPI" name="test_get_nonexistent_report_fails" time="0.316" /><testcase classname="tests.test_test_reports.TestTestReportsFiltering" name="test_filter_by_equipment_type" time="0.319" /><testcase classname="tests.test_test_reports.TestTestReportsFiltering" name="test_filter_by_status" time="0.337" /><testcase classname="tests.test_test_reports.TestTestReportsFiltering" name="test_limit_parameter" time="0.272" /></testsuite></testsuites>