<?xml version="1.0" encoding="utf-8"?><testsuites name="pytest tests"><testsuite name="pytest" errors="0" failures="0" skipped="0" tests="8" time="4.977" timestamp="2026-02-18T11:19:46.503221+00:00" hostname="agent-env-393dc73b-01c0-4f38-ab09-c5f4ed9abb46"><testcase classname="tests.test_lightning_arrestor_fixes.TestLightningArrestorFixes" name="test_get_lightning_arrestor_report" time="0.597" /><testcase classname="tests.test_lightning_arrestor_fixes.TestLightningArrestorFixes" name="test_lightning_arrestor_pdf_generation" time="0.673" /><testcase classname="tests.test_lightning_arrestor_fixes.TestLightningArrestorFixes" name="test_pdf_no_duplicate_test_results" time="0.824" /><testcase classname="tests.test_lightning_arrestor_fixes.TestLightningArrestorFixes" name="test_pdf_no_equipment_name_location_fields" time="0.712" /><testcase classname="tests.test_lightning_arrestor_fixes.TestLightningArrestorFixes" name="test_pdf_shows_next_due_on_label" time="0.709" /><testcase classname="tests.test_lightning_arrestor_fixes.TestLightningArrestorFixes" name="test_report_data_persistence" time="0.461" /><testcase classname="tests.test_lightning_arrestor_fixes.TestLightningArrestorFixes" name="test_next_due_on_field_in_api_response" time="0.478" /><testcase classname="tests.test_lightning_arrestor_fixes.TestLightningArrestorList" name="test_list_lightning_arrestor_reports" time="0.453" /></testsuite></testsuites>