<?xml version="1.0" encoding="utf-8"?><testsuites name="pytest tests"><testsuite name="pytest" errors="0" failures="0" skipped="0" tests="41" time="3.168" timestamp="2026-02-14T13:11:58.020763+00:00" hostname="agent-env-42101818-75b4-4065-9e8d-782fb7d79006"><testcase classname="tests.test_customer_management.TestOverviewEndpoint" name="test_overview_returns_200" time="0.642" /><testcase classname="tests.test_customer_management.TestOverviewEndpoint" name="test_overview_has_summary" time="0.059" /><testcase classname="tests.test_customer_management.TestOverviewEndpoint" name="test_overview_has_enquiry_stats" time="0.059" /><testcase classname="tests.test_customer_management.TestOverviewEndpoint" name="test_overview_has_top_customers" time="0.063" /><testcase classname="tests.test_customer_management.TestEnquiryAnalysisEndpoint" name="test_enquiry_analysis_returns_200" time="0.062" /><testcase classname="tests.test_customer_management.TestEnquiryAnalysisEndpoint" name="test_enquiry_analysis_has_status_distribution" time="0.065" /><testcase classname="tests.test_customer_management.TestEnquiryAnalysisEndpoint" name="test_enquiry_analysis_has_category_distribution" time="0.057" /><testcase classname="tests.test_customer_management.TestEnquiryAnalysisEndpoint" name="test_enquiry_analysis_has_conversion_funnel" time="0.060" /><testcase classname="tests.test_customer_management.TestEnquiryAnalysisEndpoint" name="test_enquiry_analysis_has_top_companies" time="0.061" /><testcase classname="tests.test_customer_management.TestQuoteAnalysisEndpoint" name="test_quote_analysis_returns_200" time="0.053" /><testcase classname="tests.test_customer_management.TestQuoteAnalysisEndpoint" name="test_quote_analysis_has_summary" time="0.050" /><testcase classname="tests.test_customer_management.TestQuoteAnalysisEndpoint" name="test_quote_analysis_has_value_breakdown" time="0.056" /><testcase classname="tests.test_customer_management.TestQuoteAnalysisEndpoint" name="test_quote_analysis_has_aging" time="0.054" /><testcase classname="tests.test_customer_management.TestQuoteAnalysisEndpoint" name="test_quote_analysis_has_pending_quotes" time="0.058" /><testcase classname="tests.test_customer_management.TestOrderAnalysisEndpoint" name="test_order_analysis_returns_200" time="0.055" /><testcase classname="tests.test_customer_management.TestOrderAnalysisEndpoint" name="test_order_analysis_has_summary" time="0.058" /><testcase classname="tests.test_customer_management.TestOrderAnalysisEndpoint" name="test_order_analysis_has_top_customers" time="0.057" /><testcase classname="tests.test_customer_management.TestOrderAnalysisEndpoint" name="test_order_analysis_has_category_breakdown" time="0.051" /><testcase classname="tests.test_customer_management.TestOrderAnalysisEndpoint" name="test_order_analysis_has_recent_orders" time="0.051" /><testcase classname="tests.test_customer_management.TestProjectionsEndpoint" name="test_projections_returns_200" time="0.052" /><testcase classname="tests.test_customer_management.TestProjectionsEndpoint" name="test_projections_has_metrics" time="0.057" /><testcase classname="tests.test_customer_management.TestProjectionsEndpoint" name="test_projections_has_projections_list" time="0.071" /><testcase classname="tests.test_customer_management.TestProjectionsEndpoint" name="test_projections_has_pipeline_breakdown" time="0.055" /><testcase classname="tests.test_customer_management.TestCustomerTargetingEndpoint" name="test_customer_targeting_returns_200" time="0.058" /><testcase classname="tests.test_customer_management.TestCustomerTargetingEndpoint" name="test_customer_targeting_has_summary" time="0.056" /><testcase classname="tests.test_customer_management.TestCustomerTargetingEndpoint" name="test_customer_targeting_has_prospects" time="0.055" /><testcase classname="tests.test_customer_management.TestCustomerTargetingEndpoint" name="test_customer_targeting_has_dormant_customers" time="0.058" /><testcase classname="tests.test_customer_management.TestCustomerTargetingEndpoint" name="test_customer_targeting_has_high_value_customers" time="0.071" /><testcase classname="tests.test_customer_management.TestCustomersEndpoint" name="test_customers_returns_200" time="0.065" /><testcase classname="tests.test_customer_management.TestCustomersEndpoint" name="test_customers_has_pagination" time="0.063" /><testcase classname="tests.test_customer_management.TestCustomersEndpoint" name="test_customers_has_analytics" time="0.058" /><testcase classname="tests.test_customer_management.TestCustomersEndpoint" name="test_customers_limit_works" time="0.054" /><testcase classname="tests.test_customer_management.TestCustomer360Endpoint" name="test_customer_360_returns_200" time="0.056" /><testcase classname="tests.test_customer_management.TestCustomer360Endpoint" name="test_customer_360_has_metrics" time="0.056" /><testcase classname="tests.test_customer_management.TestCustomer360Endpoint" name="test_customer_360_has_status_breakdown" time="0.053" /><testcase classname="tests.test_customer_management.TestCustomer360Endpoint" name="test_customer_360_has_monthly_trend" time="0.053" /><testcase classname="tests.test_customer_management.TestCustomer360Endpoint" name="test_customer_360_has_recent_enquiries" time="0.057" /><testcase classname="tests.test_customer_management.TestCustomer360Endpoint" name="test_customer_360_with_no_enquiries" time="0.057" /><testcase classname="tests.test_customer_management.TestDataIntegrity" name="test_overview_total_matches_customers_total" time="0.114" /><testcase classname="tests.test_customer_management.TestDataIntegrity" name="test_enquiry_funnel_consistency" time="0.055" /><testcase classname="tests.test_customer_management.TestDataIntegrity" name="test_quote_analysis_counts_consistent" time="0.056" /></testsuite></testsuites>