<?xml version="1.0" encoding="utf-8"?><testsuites name="pytest tests"><testsuite name="pytest" errors="0" failures="0" skipped="0" tests="18" time="23.686" timestamp="2026-02-06T08:20:21.535643+00:00" hostname="agent-env-64a32baf-9f59-4001-a73a-efc1e50bd5a7"><testcase classname="tests.test_pdf_template_integration.TestPDFTemplateIntegrationAMC" name="test_amc_pdf_generation_works" time="2.473" /><testcase classname="tests.test_pdf_template_integration.TestPDFTemplateIntegrationAMC" name="test_amc_pdf_uses_template_settings_after_update" time="2.709" /><testcase classname="tests.test_pdf_template_integration.TestPDFTemplateIntegrationAMC" name="test_amc_pdf_with_cover_page_disabled" time="2.694" /><testcase classname="tests.test_pdf_template_integration.TestPDFTemplateIntegrationAMC" name="test_amc_pdf_with_back_cover_disabled" time="2.514" /><testcase classname="tests.test_pdf_template_integration.TestPDFTemplateIntegrationAMC" name="test_amc_pdf_with_header_footer_toggled" time="2.418" /><testcase classname="tests.test_pdf_template_integration.TestPDFTemplateIntegrationCalibration" name="test_calibration_pdf_generation_works" time="1.419" /><testcase classname="tests.test_pdf_template_integration.TestPDFTemplateIntegrationCalibration" name="test_calibration_pdf_uses_template_settings_after_update" time="1.716" /><testcase classname="tests.test_pdf_template_integration.TestPDFTemplateIntegrationCalibration" name="test_calibration_pdf_with_cover_page_disabled" time="1.470" /><testcase classname="tests.test_pdf_template_integration.TestPDFTemplateIntegrationCalibration" name="test_calibration_pdf_with_back_cover_disabled" time="1.549" /><testcase classname="tests.test_pdf_template_integration.TestPDFTemplateIntegrationCalibration" name="test_calibration_pdf_with_header_footer_toggled" time="1.336" /><testcase classname="tests.test_pdf_template_integration.TestPDFPreviewEndpoint" name="test_preview_all_pages" time="0.403" /><testcase classname="tests.test_pdf_template_integration.TestPDFPreviewEndpoint" name="test_preview_cover_page" time="0.440" /><testcase classname="tests.test_pdf_template_integration.TestPDFPreviewEndpoint" name="test_preview_content_page" time="0.405" /><testcase classname="tests.test_pdf_template_integration.TestPDFPreviewEndpoint" name="test_preview_back_page" time="0.372" /><testcase classname="tests.test_pdf_template_integration.TestPDFPreviewEndpoint" name="test_preview_reflects_settings_changes" time="0.423" /><testcase classname="tests.test_pdf_template_integration.TestTemplateSettingsHelperFunctions" name="test_settings_api_returns_all_sections" time="0.377" /><testcase classname="tests.test_pdf_template_integration.TestTemplateSettingsHelperFunctions" name="test_settings_update_persists" time="0.411" /><testcase classname="tests.test_pdf_template_integration.TestTemplateSettingsHelperFunctions" name="test_settings_reset_restores_defaults" time="0.422" /></testsuite></testsuites>