<?xml version="1.0" encoding="utf-8"?><testsuites name="pytest tests"><testsuite name="pytest" errors="0" failures="0" skipped="0" tests="20" time="6.827" timestamp="2026-01-30T13:05:29.725476+00:00" hostname="agent-env-bc45ece7-d4c2-46cf-b913-f5f80556f168"><testcase classname="tests.test_relay_apfc_reports.TestRelayAPFCReports" name="test_01_relay_template_loads" time="0.358" /><testcase classname="tests.test_relay_apfc_reports.TestRelayAPFCReports" name="test_02_relay_template_has_title" time="0.315" /><testcase classname="tests.test_relay_apfc_reports.TestRelayAPFCReports" name="test_03_relay_template_equipment_fields" time="0.324" /><testcase classname="tests.test_relay_apfc_reports.TestRelayAPFCReports" name="test_04_relay_template_settings" time="0.315" /><testcase classname="tests.test_relay_apfc_reports.TestRelayAPFCReports" name="test_05_relay_template_checklist" time="0.312" /><testcase classname="tests.test_relay_apfc_reports.TestRelayAPFCReports" name="test_06_apfc_template_loads" time="0.351" /><testcase classname="tests.test_relay_apfc_reports.TestRelayAPFCReports" name="test_07_apfc_template_has_title" time="0.317" /><testcase classname="tests.test_relay_apfc_reports.TestRelayAPFCReports" name="test_08_apfc_template_equipment_fields" time="0.312" /><testcase classname="tests.test_relay_apfc_reports.TestRelayAPFCReports" name="test_09_apfc_template_capacitor_banks" time="0.307" /><testcase classname="tests.test_relay_apfc_reports.TestRelayAPFCReports" name="test_10_apfc_template_checklist" time="0.320" /><testcase classname="tests.test_relay_apfc_reports.TestRelayAPFCReports" name="test_11_create_relay_report" time="0.326" /><testcase classname="tests.test_relay_apfc_reports.TestRelayAPFCReports" name="test_12_get_relay_report" time="0.314" /><testcase classname="tests.test_relay_apfc_reports.TestRelayAPFCReports" name="test_13_relay_pdf_generation" time="0.478" /><testcase classname="tests.test_relay_apfc_reports.TestRelayAPFCReports" name="test_14_delete_relay_report" time="0.311" /><testcase classname="tests.test_relay_apfc_reports.TestRelayAPFCReports" name="test_15_create_apfc_report" time="0.319" /><testcase classname="tests.test_relay_apfc_reports.TestRelayAPFCReports" name="test_16_get_apfc_report" time="0.338" /><testcase classname="tests.test_relay_apfc_reports.TestRelayAPFCReports" name="test_17_apfc_capacitor_banks_persisted" time="0.306" /><testcase classname="tests.test_relay_apfc_reports.TestRelayAPFCReports" name="test_18_apfc_pdf_generation" time="0.465" /><testcase classname="tests.test_relay_apfc_reports.TestRelayAPFCReports" name="test_19_delete_apfc_report" time="0.314" /><testcase classname="tests.test_relay_apfc_reports.TestRelayAPFCReports" name="test_20_equipment_prefixes_include_relay_apfc" time="0.350" /></testsuite></testsuites>