<?xml version="1.0" encoding="utf-8"?><testsuites name="pytest tests"><testsuite name="pytest" errors="0" failures="0" skipped="0" tests="11" time="1.383" timestamp="2026-01-17T08:06:56.921971+00:00" hostname="agent-env-0fcc69ea-5268-481c-8636-58a5926b8764"><testcase classname="tests.test_acb_report_fix.TestACBReportFetch" name="test_fetch_existing_acb_report" time="0.392" /><testcase classname="tests.test_acb_report_fix.TestACBReportFetch" name="test_insulation_resistance_not_object_object" time="0.055" /><testcase classname="tests.test_acb_report_fix.TestACBReportFetch" name="test_coil_resistance_not_object_object" time="0.046" /><testcase classname="tests.test_acb_report_fix.TestACBReportFetch" name="test_contact_resistance_not_object_object" time="0.045" /><testcase classname="tests.test_acb_report_fix.TestACBReportUpdate" name="test_update_acb_report_basic_fields" time="0.102" /><testcase classname="tests.test_acb_report_fix.TestACBReportUpdate" name="test_update_acb_report_insulation_resistance" time="0.100" /><testcase classname="tests.test_acb_report_fix.TestACBReportUpdate" name="test_update_acb_report_coil_resistance" time="0.082" /><testcase classname="tests.test_acb_report_fix.TestACBReportUpdate" name="test_update_acb_report_contact_resistance" time="0.086" /><testcase classname="tests.test_acb_report_fix.TestACBReportPDF" name="test_pdf_generation" time="0.204" /><testcase classname="tests.test_acb_report_fix.TestACBReportCreate" name="test_create_new_acb_report" time="0.124" /><testcase classname="tests.test_acb_report_fix.TestACBReportsList" name="test_get_acb_reports_list" time="0.045" /></testsuite></testsuites>