<?xml version="1.0" encoding="utf-8"?><testsuites name="pytest tests"><testsuite name="pytest" errors="0" failures="0" skipped="0" tests="10" time="1.199" timestamp="2026-01-11T16:22:17.032097+00:00" hostname="agent-env-e1cd8e7a-bd51-44d2-9539-d4eecfad8028"><testcase classname="tests.test_customer_service_hub.TestCustomerServiceAPI" name="test_get_all_service_requests" time="0.175" /><testcase classname="tests.test_customer_service_hub.TestCustomerServiceAPI" name="test_get_next_srn" time="0.042" /><testcase classname="tests.test_customer_service_hub.TestCustomerServiceAPI" name="test_service_categories_include_general_services" time="0.119" /><testcase classname="tests.test_customer_service_hub.TestCustomerServiceAPI" name="test_create_general_services_request" time="0.109" /><testcase classname="tests.test_customer_service_hub.TestCustomerServiceAPI" name="test_filter_by_category" time="0.125" /><testcase classname="tests.test_customer_service_hub.TestCustomerServiceAPI" name="test_service_request_crud" time="0.184" /><testcase classname="tests.test_customer_service_hub.TestCategoryMapping" name="test_category_id_mapping" time="0.113" /><testcase classname="tests.test_customer_service_hub.TestGeneralServicesCategory" name="test_general_services_no_test_measurements" time="0.074" /><testcase classname="tests.test_customer_service_hub.TestGeneralServicesCategory" name="test_general_services_with_equipment_list" time="0.079" /><testcase classname="tests.test_customer_service_hub.TestServiceRequestStats" name="test_stats_by_category" time="0.115" /></testsuite></testsuites>