<?xml version="1.0" encoding="utf-8"?><testsuites name="pytest tests"><testsuite name="pytest" errors="0" failures="0" skipped="0" tests="31" time="63.182" timestamp="2026-02-16T07:13:02.006915+00:00" hostname="agent-env-c0190939-7272-4026-b7a2-e8cff2b6aeaf"><testcase classname="backend.tests.test_quotation_zoho_fields.TestQuotationZohoFields" name="test_create_quotation_with_hsn_sac" time="0.769" /><testcase classname="backend.tests.test_quotation_zoho_fields.TestQuotationZohoFields" name="test_create_quotation_with_transport_mode" time="1.834" /><testcase classname="backend.tests.test_quotation_zoho_fields.TestQuotationZohoFields" name="test_create_quotation_with_incoterms" time="2.766" /><testcase classname="backend.tests.test_quotation_zoho_fields.TestQuotationZohoFields" name="test_create_quotation_with_gst_treatment" time="1.626" /><testcase classname="backend.tests.test_quotation_zoho_fields.TestQuotationZohoFields" name="test_create_quotation_with_place_of_supply" time="1.412" /><testcase classname="backend.tests.test_quotation_zoho_fields.TestQuotationZohoFields" name="test_create_quotation_with_shipping_address" time="0.659" /><testcase classname="backend.tests.test_quotation_zoho_fields.TestQuotationZohoFields" name="test_create_quotation_with_salesperson" time="0.579" /><testcase classname="backend.tests.test_quotation_zoho_fields.TestQuotationZohoFields" name="test_create_quotation_with_reference_no" time="0.583" /><testcase classname="backend.tests.test_quotation_zoho_fields.TestQuotationZohoFields" name="test_create_quotation_with_kind_attention" time="0.578" /><testcase classname="backend.tests.test_quotation_zoho_fields.TestQuotationZohoFields" name="test_create_quotation_with_delivery_days" time="37.575" /><testcase classname="backend.tests.test_quotation_zoho_fields.TestQuotationZohoFields" name="test_create_quotation_with_all_zoho_fields" time="0.783" /><testcase classname="backend.tests.test_quotation_zoho_fields.TestQuotationZohoFields" name="test_update_quotation_zoho_fields" time="0.810" /><testcase classname="backend.tests.test_quotation_zoho_fields.TestQuotationZohoFields" name="test_convert_quotation_to_order" time="0.873" /><testcase classname="backend.tests.test_quotations.TestQuotationsModule" name="test_get_quotations_list" time="0.460" /><testcase classname="backend.tests.test_quotations.TestQuotationsModule" name="test_get_quotations_stats" time="0.453" /><testcase classname="backend.tests.test_quotations.TestQuotationsModule" name="test_get_quotations_with_search" time="0.468" /><testcase classname="backend.tests.test_quotations.TestQuotationsModule" name="test_get_quotations_with_status_filter" time="0.448" /><testcase classname="backend.tests.test_quotations.TestQuotationsModule" name="test_create_quotation_basic" time="0.711" /><testcase classname="backend.tests.test_quotations.TestQuotationsModule" name="test_create_quotation_with_multiple_items" time="0.584" /><testcase classname="backend.tests.test_quotations.TestQuotationsModule" name="test_create_quotation_with_different_gst_rates" time="1.382" /><testcase classname="backend.tests.test_quotations.TestQuotationsModule" name="test_update_quotation" time="0.782" /><testcase classname="backend.tests.test_quotations.TestQuotationsModule" name="test_update_quotation_status" time="0.758" /><testcase classname="backend.tests.test_quotations.TestQuotationsModule" name="test_delete_quotation" time="0.675" /><testcase classname="backend.tests.test_quotations.TestQuotationsModule" name="test_get_enquiries_for_dropdown" time="0.450" /><testcase classname="backend.tests.test_quotations.TestQuotationsModule" name="test_get_single_enquiry" time="0.590" /><testcase classname="backend.tests.test_quotations.TestQuotationsModule" name="test_create_quotation_linked_to_enquiry" time="0.774" /><testcase classname="backend.tests.test_quotations.TestQuotationsModule" name="test_get_customers_for_autocomplete" time="0.494" /><testcase classname="backend.tests.test_quotations.TestQuotationsModule" name="test_create_quotation_with_categories" time="1.735" /><testcase classname="backend.tests.test_quotations.TestQuotationsModule" name="test_get_nonexistent_quotation" time="0.518" /><testcase classname="backend.tests.test_quotations.TestQuotationsModule" name="test_update_nonexistent_quotation" time="0.463" /><testcase classname="backend.tests.test_quotations.TestQuotationsModule" name="test_delete_nonexistent_quotation" time="0.480" /></testsuite></testsuites>