<?xml version="1.0" encoding="utf-8"?><testsuites name="pytest tests"><testsuite name="pytest" errors="0" failures="0" skipped="0" tests="16" time="2.451" timestamp="2026-03-14T15:07:28.110126+00:00" hostname="agent-env-e5719d0e-b8cc-4cea-b29a-7187ccb9e285"><testcase classname="backend.tests.test_project_management_phase2.TestAcceptOrderEndpoint" name="test_accept_order_with_timeline" time="0.634" /><testcase classname="backend.tests.test_project_management_phase2.TestAcceptOrderEndpoint" name="test_accept_order_minimal_fields" time="0.171" /><testcase classname="backend.tests.test_project_management_phase2.TestAcceptOrderEndpoint" name="test_accept_nonexistent_order" time="0.051" /><testcase classname="backend.tests.test_project_management_phase2.TestUpdateTimelineEndpoint" name="test_update_timeline_all_fields" time="0.054" /><testcase classname="backend.tests.test_project_management_phase2.TestUpdateTimelineEndpoint" name="test_update_timeline_partial" time="0.062" /><testcase classname="backend.tests.test_project_management_phase2.TestUpdateTimelineEndpoint" name="test_update_timeline_nonexistent_order" time="0.053" /><testcase classname="backend.tests.test_project_management_phase2.TestUpdateProjectStatusEndpoint" name="test_update_status_to_in_progress" time="0.060" /><testcase classname="backend.tests.test_project_management_phase2.TestUpdateProjectStatusEndpoint" name="test_update_status_all_valid_statuses" time="0.424" /><testcase classname="backend.tests.test_project_management_phase2.TestUpdateProjectStatusEndpoint" name="test_update_status_invalid" time="0.053" /><testcase classname="backend.tests.test_project_management_phase2.TestUpdateProjectStatusEndpoint" name="test_update_status_nonexistent_order" time="0.050" /><testcase classname="backend.tests.test_project_management_phase2.TestBidirectionalSync" name="test_accept_updates_both_order_and_lifecycle" time="0.203" /><testcase classname="backend.tests.test_project_management_phase2.TestBidirectionalSync" name="test_timeline_visible_in_order_list" time="0.215" /><testcase classname="backend.tests.test_project_management_phase2.TestExistingTestData" name="test_existing_accepted_order" time="0.052" /><testcase classname="backend.tests.test_project_management_phase2.TestExistingTestData" name="test_existing_in_progress_order" time="0.062" /><testcase classname="backend.tests.test_project_management_phase2.TestExistingTestData" name="test_existing_pending_order" time="0.056" /><testcase classname="backend.tests.test_project_management_phase2.TestProjectManagementStats" name="test_stats_include_all_statuses" time="0.163" /></testsuite></testsuites>