<?xml version="1.0" encoding="utf-8"?><testsuites name="pytest tests"><testsuite name="pytest" errors="0" failures="0" skipped="0" tests="10" time="5.048" timestamp="2026-03-11T15:21:58.636276+00:00" hostname="agent-env-3a30e98d-1c30-419b-959a-fc7fd1b9ad04"><testcase classname="backend.tests.test_phased_pdf_download.TestPhasedPDFDownload" name="test_01_get_ir_thermography_reports" time="0.755" /><testcase classname="backend.tests.test_phased_pdf_download.TestPhasedPDFDownload" name="test_02_phased_generation_api_with_part_parameter" time="0.888" /><testcase classname="backend.tests.test_phased_pdf_download.TestPhasedPDFDownload" name="test_03_wait_for_phased_pdf_completion" time="0.574" /><testcase classname="backend.tests.test_phased_pdf_download.TestPhasedPDFDownload" name="test_04_verify_part_filename_format" time="0.418" /><testcase classname="backend.tests.test_phased_pdf_download.TestPhasedPDFDownload" name="test_05_download_phased_pdf" time="0.679" /><testcase classname="backend.tests.test_phased_pdf_download.TestPhasedPDFDownload" name="test_06_full_report_generation_still_works" time="0.539" /><testcase classname="backend.tests.test_phased_pdf_download.TestPhasedPDFDownload" name="test_07_part_calculation_for_large_report" time="0.382" /><testcase classname="backend.tests.test_phased_pdf_download.TestPhasedPDFDownload" name="test_08_api_returns_correct_items_in_part" time="0.747" /><testcase classname="backend.tests.test_phased_pdf_download.TestFrontendPhasedDownloadLogic" name="test_01_parts_info_returns_null_for_small_reports" time="0.000" /><testcase classname="backend.tests.test_phased_pdf_download.TestFrontendPhasedDownloadLogic" name="test_02_parts_info_returns_parts_for_large_reports" time="0.000" /></testsuite></testsuites>