<?xml version="1.0" encoding="utf-8"?><testsuites name="pytest tests"><testsuite name="pytest" errors="0" failures="0" skipped="0" tests="8" time="13.287" timestamp="2026-03-11T13:03:03.724398+00:00" hostname="agent-env-292708ab-f348-4015-a1c2-c70d2b92729f"><testcase classname="tests.test_ir_thermography_pdf_critical.TestIRThermographyPDFGeneration" name="test_01_start_pdf_generation_no_images_mode" time="0.601" /><testcase classname="tests.test_ir_thermography_pdf_critical.TestIRThermographyPDFGeneration" name="test_02_check_pdf_status_progression" time="4.618" /><testcase classname="tests.test_ir_thermography_pdf_critical.TestIRThermographyPDFGeneration" name="test_03_download_generated_pdf" time="0.509" /><testcase classname="tests.test_ir_thermography_pdf_critical.TestIRThermographyPDFGeneration" name="test_04_invalid_report_id_returns_404" time="0.112" /><testcase classname="tests.test_ir_thermography_pdf_critical.TestIRThermographyPDFGeneration" name="test_05_invalid_job_id_returns_404" time="0.106" /><testcase classname="tests.test_ir_thermography_pdf_critical.TestIRThermographyPDFGeneration" name="test_06_download_invalid_job_returns_404" time="0.112" /><testcase classname="tests.test_ir_thermography_pdf_critical.TestIRThermographyDirectPDF" name="test_direct_pdf_download" time="1.912" /><testcase classname="tests.test_ir_thermography_pdf_critical.TestGridFSStorage" name="test_pdf_stored_in_gridfs" time="5.264" /></testsuite></testsuites>