<?xml version="1.0" encoding="utf-8"?><testsuites name="pytest tests"><testsuite name="pytest" errors="0" failures="0" skipped="0" tests="16" time="3.747" timestamp="2026-02-20T15:12:42.076653+00:00" hostname="agent-env-ab0b1cf1-fb43-4a9a-8f40-457d3705f5da"><testcase classname="backend.tests.test_hr_workflow_approvals.TestLeaveWorkflow" name="test_create_leave_request" time="0.349" /><testcase classname="backend.tests.test_hr_workflow_approvals.TestLeaveWorkflow" name="test_get_pending_leave_requests" time="0.161" /><testcase classname="backend.tests.test_hr_workflow_approvals.TestLeaveWorkflow" name="test_approve_leave_request_via_employee_hub" time="0.318" /><testcase classname="backend.tests.test_hr_workflow_approvals.TestLeaveWorkflow" name="test_reject_leave_request" time="0.268" /><testcase classname="backend.tests.test_hr_workflow_approvals.TestLeaveWorkflow" name="test_hr_leave_requests_endpoint" time="0.206" /><testcase classname="backend.tests.test_hr_workflow_approvals.TestOvertimeWorkflow" name="test_create_overtime_request" time="0.169" /><testcase classname="backend.tests.test_hr_workflow_approvals.TestOvertimeWorkflow" name="test_get_overtime_requests" time="0.125" /><testcase classname="backend.tests.test_hr_workflow_approvals.TestOvertimeWorkflow" name="test_approve_overtime_request" time="0.352" /><testcase classname="backend.tests.test_hr_workflow_approvals.TestOvertimeWorkflow" name="test_reject_overtime_request" time="0.262" /><testcase classname="backend.tests.test_hr_workflow_approvals.TestPermissionWorkflow" name="test_create_permission_request" time="0.165" /><testcase classname="backend.tests.test_hr_workflow_approvals.TestPermissionWorkflow" name="test_get_permission_requests" time="0.126" /><testcase classname="backend.tests.test_hr_workflow_approvals.TestPermissionWorkflow" name="test_approve_permission_request" time="0.284" /><testcase classname="backend.tests.test_hr_workflow_approvals.TestPermissionWorkflow" name="test_reject_permission_request" time="0.246" /><testcase classname="backend.tests.test_hr_workflow_approvals.TestHRLeaveApprovalEndpoint" name="test_hr_approve_leave_endpoint" time="0.284" /><testcase classname="backend.tests.test_hr_workflow_approvals.TestHRLeaveApprovalEndpoint" name="test_hr_reject_leave_endpoint" time="0.228" /><testcase classname="backend.tests.test_hr_workflow_approvals.TestLeaveDashboard" name="test_leave_dashboard_endpoint" time="0.121" /></testsuite></testsuites>