<?xml version="1.0" encoding="utf-8"?><testsuites name="pytest tests"><testsuite name="pytest" errors="0" failures="0" skipped="0" tests="12" time="2.659" timestamp="2026-01-10T16:28:04.043738+00:00" hostname="agent-env-69e8d5a8-0f18-4be5-8a0f-36e61f95328b"><testcase classname="tests.test_notifications_and_pdf.TestAuthAndSetup" name="test_login_success" time="0.288" /><testcase classname="tests.test_notifications_and_pdf.TestNotificationEndpoints" name="test_get_notifications" time="0.310" /><testcase classname="tests.test_notifications_and_pdf.TestNotificationEndpoints" name="test_get_notification_count" time="0.081" /><testcase classname="tests.test_notifications_and_pdf.TestNotificationEndpoints" name="test_create_notification" time="0.049" /><testcase classname="tests.test_notifications_and_pdf.TestNotificationEndpoints" name="test_mark_notification_read" time="0.087" /><testcase classname="tests.test_notifications_and_pdf.TestNotificationEndpoints" name="test_mark_all_notifications_read" time="0.079" /><testcase classname="tests.test_notifications_and_pdf.TestNotificationEndpoints" name="test_delete_notification" time="0.086" /><testcase classname="tests.test_notifications_and_pdf.TestDepartmentRequirementNotifications" name="test_create_dept_requirement_creates_notification" time="0.381" /><testcase classname="tests.test_notifications_and_pdf.TestPaymentRequestNotifications" name="test_create_payment_request_notifies_finance" time="0.393" /><testcase classname="tests.test_notifications_and_pdf.TestWorkScheduleAPI" name="test_get_projects_for_work_schedule" time="0.305" /><testcase classname="tests.test_notifications_and_pdf.TestWorkScheduleAPI" name="test_get_department_team" time="0.042" /><testcase classname="tests.test_notifications_and_pdf.TestCleanup" name="test_cleanup_test_notifications" time="0.479" /></testsuite></testsuites>