<?xml version="1.0" encoding="utf-8"?><testsuites name="pytest tests"><testsuite name="pytest" errors="0" failures="0" skipped="0" tests="20" time="7.541" timestamp="2026-02-12T12:54:19.663986+00:00" hostname="agent-env-f131d0e6-e622-4fda-9b2b-413991f4ce57"><testcase classname="backend.tests.test_sales_module.TestSalesModule" name="test_get_enquiries_list" time="0.364" /><testcase classname="backend.tests.test_sales_module.TestSalesModule" name="test_get_enquiry_stats" time="0.312" /><testcase classname="backend.tests.test_sales_module.TestSalesModule" name="test_create_enquiry_with_auto_number" time="0.314" /><testcase classname="backend.tests.test_sales_module.TestSalesModule" name="test_get_single_enquiry" time="0.372" /><testcase classname="backend.tests.test_sales_module.TestSalesModule" name="test_update_enquiry_status" time="0.357" /><testcase classname="backend.tests.test_sales_module.TestSalesModule" name="test_delete_enquiry" time="0.343" /><testcase classname="backend.tests.test_sales_module.TestSalesModule" name="test_get_quotations_list" time="0.336" /><testcase classname="backend.tests.test_sales_module.TestSalesModule" name="test_get_quotation_stats" time="0.323" /><testcase classname="backend.tests.test_sales_module.TestSalesModule" name="test_create_quotation_standalone" time="0.330" /><testcase classname="backend.tests.test_sales_module.TestSalesModule" name="test_create_quotation_linked_to_enquiry" time="0.495" /><testcase classname="backend.tests.test_sales_module.TestSalesModule" name="test_gst_calculation_variations" time="0.586" /><testcase classname="backend.tests.test_sales_module.TestSalesModule" name="test_update_quotation_status" time="0.340" /><testcase classname="backend.tests.test_sales_module.TestSalesModule" name="test_get_orders_list" time="0.331" /><testcase classname="backend.tests.test_sales_module.TestSalesModule" name="test_get_order_stats" time="0.333" /><testcase classname="backend.tests.test_sales_module.TestSalesModule" name="test_create_order_standalone" time="0.410" /><testcase classname="backend.tests.test_sales_module.TestSalesModule" name="test_update_order_status" time="0.367" /><testcase classname="backend.tests.test_sales_module.TestSalesModule" name="test_update_order_payment_status" time="0.341" /><testcase classname="backend.tests.test_sales_module.TestSalesModule" name="test_convert_quotation_to_order" time="0.417" /><testcase classname="backend.tests.test_sales_module.TestSalesModule" name="test_full_linked_flow_enquiry_to_order" time="0.451" /><testcase classname="backend.tests.test_sales_module.TestSalesModule" name="test_dashboard_stats" time="0.308" /></testsuite></testsuites>