<?xml version="1.0" encoding="utf-8"?><testsuites name="pytest tests"><testsuite name="pytest" errors="0" failures="0" skipped="0" tests="13" time="4.051" timestamp="2026-01-17T08:56:48.636269+00:00" hostname="agent-env-0fcc69ea-5268-481c-8636-58a5926b8764"><testcase classname="tests.test_vcb_reports.TestVCBReports" name="test_vcb_template_exists" time="0.336" /><testcase classname="tests.test_vcb_reports.TestVCBReports" name="test_vcb_template_has_equipment_fields" time="0.288" /><testcase classname="tests.test_vcb_reports.TestVCBReports" name="test_vcb_template_has_service_checks" time="0.295" /><testcase classname="tests.test_vcb_reports.TestVCBReports" name="test_vcb_template_has_contact_resistance_test" time="0.332" /><testcase classname="tests.test_vcb_reports.TestVCBReports" name="test_vcb_template_has_insulation_resistance_test" time="0.286" /><testcase classname="tests.test_vcb_reports.TestVCBReports" name="test_vcb_template_has_breaker_timings_test" time="0.291" /><testcase classname="tests.test_vcb_reports.TestVCBReports" name="test_vcb_template_has_operational_checks" time="0.284" /><testcase classname="tests.test_vcb_reports.TestVCBReports" name="test_vcb_template_has_functional_checks" time="0.287" /><testcase classname="tests.test_vcb_reports.TestVCBReports" name="test_create_vcb_report_with_all_sections" time="0.314" /><testcase classname="tests.test_vcb_reports.TestVCBReports" name="test_get_existing_vcb_report" time="0.293" /><testcase classname="tests.test_vcb_reports.TestVCBReports" name="test_update_vcb_report_section_toggles" time="0.359" /><testcase classname="tests.test_vcb_reports.TestVCBReports" name="test_list_vcb_reports" time="0.330" /><testcase classname="tests.test_vcb_reports.TestVCBReports" name="test_acb_reports_still_work" time="0.305" /></testsuite></testsuites>