<?xml version="1.0" encoding="utf-8"?><testsuites name="pytest tests"><testsuite name="pytest" errors="0" failures="0" skipped="0" tests="26" time="9.869" timestamp="2026-02-21T15:01:44.582106+00:00" hostname="agent-env-9488d9f7-eebe-40f5-a97f-e3c6acf32260"><testcase classname="backend.tests.test_customer_360_linking.TestCustomer360ByName" name="test_customer_360_by_name_returns_200" time="0.338" /><testcase classname="backend.tests.test_customer_360_linking.TestCustomer360ByName" name="test_customer_360_by_name_returns_customer_data" time="0.123" /><testcase classname="backend.tests.test_customer_360_linking.TestCustomer360ByName" name="test_customer_360_by_name_returns_metrics" time="0.154" /><testcase classname="backend.tests.test_customer_360_linking.TestCustomer360ByName" name="test_customer_360_by_name_returns_recent_data" time="0.126" /><testcase classname="backend.tests.test_customer_360_linking.TestCustomer360ById" name="test_customer_360_by_id_returns_200" time="0.128" /><testcase classname="backend.tests.test_customer_360_linking.TestCustomer360ById" name="test_customer_360_by_id_returns_customer_data" time="0.161" /><testcase classname="backend.tests.test_customer_360_linking.TestCustomer360ById" name="test_customer_360_by_id_returns_summary" time="0.150" /><testcase classname="backend.tests.test_customer_360_linking.TestCustomer360ById" name="test_customer_360_by_id_returns_linked_data" time="0.170" /><testcase classname="backend.tests.test_customer_360_linking.TestCustomer360ById" name="test_customer_360_by_invalid_id_returns_404" time="0.160" /><testcase classname="backend.tests.test_customer_360_linking.TestEnquiryCustomerIdLinking" name="test_create_enquiry_with_customer_id" time="0.435" /><testcase classname="backend.tests.test_customer_360_linking.TestEnquiryCustomerIdLinking" name="test_enquiry_appears_in_customer_360_by_id" time="0.431" /><testcase classname="backend.tests.test_customer_360_linking.TestQuotationCustomerIdInheritance" name="test_quotation_has_customer_id" time="0.902" /><testcase classname="backend.tests.test_customer_360_linking.TestQuotationCustomerIdInheritance" name="test_quotation_appears_in_customer_360_by_id" time="1.052" /><testcase classname="backend.tests.test_customer_360_linking.TestOrderCustomerIdInheritance" name="test_order_has_customer_id" time="1.036" /><testcase classname="backend.tests.test_customer_360_linking.TestOrderCustomerIdInheritance" name="test_order_appears_in_customer_360_by_id" time="0.903" /><testcase classname="backend.tests.test_customer_360_linking.TestOrderCustomerIdInheritance" name="test_full_pipeline_in_customer_360" time="1.055" /><testcase classname="backend.tests.test_customer_360_linking.TestOrderCustomerIdInheritanceFromQuotation" name="test_order_inherits_customer_id_from_quotation" time="0.992" /><testcase classname="backend.tests.test_customer_360_linking.TestCustomerManagementOverview" name="test_overview_returns_200" time="0.179" /><testcase classname="backend.tests.test_customer_360_linking.TestCustomerManagementOverview" name="test_overview_returns_summary" time="0.162" /><testcase classname="backend.tests.test_customer_360_linking.TestCustomerManagementOverview" name="test_overview_returns_enquiry_stats" time="0.179" /><testcase classname="backend.tests.test_customer_360_linking.TestEnquiryAnalysis" name="test_enquiry_analysis_returns_200" time="0.142" /><testcase classname="backend.tests.test_customer_360_linking.TestEnquiryAnalysis" name="test_enquiry_analysis_returns_distributions" time="0.156" /><testcase classname="backend.tests.test_customer_360_linking.TestQuoteAnalysis" name="test_quote_analysis_returns_200" time="0.147" /><testcase classname="backend.tests.test_customer_360_linking.TestQuoteAnalysis" name="test_quote_analysis_returns_summary" time="0.146" /><testcase classname="backend.tests.test_customer_360_linking.TestOrderAnalysis" name="test_order_analysis_returns_200" time="0.181" /><testcase classname="backend.tests.test_customer_360_linking.TestOrderAnalysis" name="test_order_analysis_returns_summary" time="0.122" /></testsuite></testsuites>