<?xml version="1.0" encoding="utf-8"?><testsuites name="pytest tests"><testsuite name="pytest" errors="0" failures="0" skipped="0" tests="11" time="6.067" timestamp="2026-03-15T17:23:22.589414+00:00" hostname="agent-env-6fc363b0-8e84-49bd-a40c-751776df2abf"><testcase classname="backend.tests.test_business_hub_project_features.TestBusinessHubProjectFeatures" name="test_api_returns_source_order_fields" time="0.712" /><testcase classname="backend.tests.test_business_hub_project_features.TestBusinessHubProjectFeatures" name="test_search_projects_with_test_accept" time="0.495" /><testcase classname="backend.tests.test_business_hub_project_features.TestBusinessHubProjectFeatures" name="test_project_work_items_structure" time="0.612" /><testcase classname="backend.tests.test_business_hub_project_features.TestBusinessHubProjectFeatures" name="test_project_completion_percentage_field" time="0.505" /><testcase classname="backend.tests.test_business_hub_project_features.TestBusinessHubProjectFeatures" name="test_get_single_project_with_source_order" time="0.636" /><testcase classname="backend.tests.test_business_hub_project_features.TestBusinessHubProjectFeatures" name="test_update_project_work_items_with_completion" time="0.593" /><testcase classname="backend.tests.test_business_hub_project_features.TestBusinessHubProjectFeatures" name="test_null_safe_project_fields" time="0.468" /><testcase classname="backend.tests.test_business_hub_project_features.TestProjectsAPIBasic" name="test_get_all_projects" time="0.515" /><testcase classname="backend.tests.test_business_hub_project_features.TestProjectsAPIBasic" name="test_get_projects_with_status_filter" time="0.454" /><testcase classname="backend.tests.test_business_hub_project_features.TestProjectsAPIBasic" name="test_get_projects_with_category_filter" time="0.529" /><testcase classname="backend.tests.test_business_hub_project_features.TestProjectsAPIBasic" name="test_get_next_pid" time="0.473" /></testsuite></testsuites>