<?xml version="1.0" encoding="utf-8"?><testsuites name="pytest tests"><testsuite name="pytest" errors="0" failures="0" skipped="0" tests="8" time="24.814" timestamp="2026-03-11T17:16:38.294015+00:00" hostname="agent-env-3a30e98d-1c30-419b-959a-fc7fd1b9ad04"><testcase classname="tests.test_ir_thermography_memory_optimized_pdf.TestIRThermographyMemoryOptimizedPDF" name="test_01_get_ir_thermography_reports" time="0.699" /><testcase classname="tests.test_ir_thermography_memory_optimized_pdf.TestIRThermographyMemoryOptimizedPDF" name="test_02_small_report_pdf_generation" time="2.946" /><testcase classname="tests.test_ir_thermography_memory_optimized_pdf.TestIRThermographyMemoryOptimizedPDF" name="test_03_medium_report_pdf_generation" time="16.423" /><testcase classname="tests.test_ir_thermography_memory_optimized_pdf.TestIRThermographyMemoryOptimizedPDF" name="test_04_pdf_download_works" time="3.100" /><testcase classname="tests.test_ir_thermography_memory_optimized_pdf.TestIRThermographyMemoryOptimizedPDF" name="test_05_no_phased_download_in_api_response" time="0.673" /><testcase classname="tests.test_ir_thermography_memory_optimized_pdf.TestIRThermographyMemoryOptimizedPDF" name="test_06_lite_mode_for_large_reports" time="0.900" /><testcase classname="tests.test_ir_thermography_memory_optimized_pdf.TestIRThermographyMemoryOptimizedPDF" name="test_07_garbage_collection_in_code" time="0.005" /><testcase classname="tests.test_ir_thermography_memory_optimized_pdf.TestIRThermographyMemoryOptimizedPDF" name="test_08_image_dimensions_in_code" time="0.005" /></testsuite></testsuites>