<?xml version="1.0" encoding="utf-8"?><testsuites name="pytest tests"><testsuite name="pytest" errors="0" failures="0" skipped="0" tests="11" time="0.664" timestamp="2026-01-13T12:04:01.058607+00:00" hostname="agent-env-dbf300b0-943b-4143-b631-6075bc2c2413"><testcase classname="tests.test_transformer_reports.TestTransformerReportEndpoints" name="test_get_next_report_number" time="0.343" /><testcase classname="tests.test_transformer_reports.TestTransformerReportEndpoints" name="test_create_transformer_report" time="0.011" /><testcase classname="tests.test_transformer_reports.TestTransformerReportEndpoints" name="test_get_transformer_report" time="0.008" /><testcase classname="tests.test_transformer_reports.TestTransformerReportEndpoints" name="test_get_reports_by_equipment_type" time="0.012" /><testcase classname="tests.test_transformer_reports.TestTransformerReportEndpoints" name="test_update_transformer_report" time="0.020" /><testcase classname="tests.test_transformer_reports.TestTransformerPDFGeneration" name="test_generate_pdf_for_existing_report" time="0.062" /><testcase classname="tests.test_transformer_reports.TestTransformerPDFGeneration" name="test_pdf_generation_for_nonexistent_report" time="0.008" /><testcase classname="tests.test_transformer_reports.TestTransformerReportWithOLTC" name="test_create_report_with_oltc" time="0.008" /><testcase classname="tests.test_transformer_reports.TestTransformerReportWithOLTC" name="test_verify_oltc_data_persisted" time="0.008" /><testcase classname="tests.test_transformer_reports.TestTransformerReportWithOLTC" name="test_generate_pdf_with_oltc" time="0.063" /><testcase classname="tests.test_transformer_reports.TestCleanup" name="test_delete_test_reports" time="0.058" /></testsuite></testsuites>