<?xml version="1.0" encoding="utf-8"?><testsuites name="pytest tests"><testsuite name="pytest" errors="0" failures="0" skipped="8" tests="44" time="6.283" timestamp="2026-02-22T12:52:36.275014+00:00" hostname="agent-env-336c5f6c-af40-461c-a572-4bc1000fd89b"><testcase classname="backend.tests.test_enhanced_order_handoff.TestEnhancedCreateProjectModal" name="test_dashboard_returns_200" time="0.167" /><testcase classname="backend.tests.test_enhanced_order_handoff.TestEnhancedCreateProjectModal" name="test_pending_orders_returns_200" time="0.126" /><testcase classname="backend.tests.test_enhanced_order_handoff.TestEnhancedCreateProjectModal" name="test_pending_orders_have_items_for_work_items" time="0.122" /><testcase classname="backend.tests.test_enhanced_order_handoff.TestEnhancedCreateProjectModal" name="test_pending_orders_have_customer_info" time="0.105"><skipped type="pytest.skip" message="No pending orders to test">/app/backend/tests/test_enhanced_order_handoff.py:56: No pending orders to test</skipped></testcase><testcase classname="backend.tests.test_enhanced_order_handoff.TestEnhancedCreateProjectEndpoint" name="test_create_project_accepts_customer_name" time="0.124"><skipped type="pytest.skip" message="No pending orders to test">/app/backend/tests/test_enhanced_order_handoff.py:78: No pending orders to test</skipped></testcase><testcase classname="backend.tests.test_enhanced_order_handoff.TestEnhancedCreateProjectEndpoint" name="test_create_project_accepts_team_members" time="0.114"><skipped type="pytest.skip" message="No pending orders to test">/app/backend/tests/test_enhanced_order_handoff.py:103: No pending orders to test</skipped></testcase><testcase classname="backend.tests.test_enhanced_order_handoff.TestEnhancedCreateProjectEndpoint" name="test_create_project_accepts_project_actions" time="0.107"><skipped type="pytest.skip" message="No pending orders to test">/app/backend/tests/test_enhanced_order_handoff.py:127: No pending orders to test</skipped></testcase><testcase classname="backend.tests.test_enhanced_order_handoff.TestEnhancedCreateProjectEndpoint" name="test_create_project_accepts_work_items" time="0.109"><skipped type="pytest.skip" message="No pending orders to test">/app/backend/tests/test_enhanced_order_handoff.py:151: No pending orders to test</skipped></testcase><testcase classname="backend.tests.test_enhanced_order_handoff.TestEnhancedCreateProjectEndpoint" name="test_create_project_accepts_all_enhanced_fields" time="0.104"><skipped type="pytest.skip" message="No pending orders to test">/app/backend/tests/test_enhanced_order_handoff.py:178: No pending orders to test</skipped></testcase><testcase classname="backend.tests.test_enhanced_order_handoff.TestProjectStoredFields" name="test_projects_have_team_members_field" time="0.139" /><testcase classname="backend.tests.test_enhanced_order_handoff.TestProjectStoredFields" name="test_projects_have_project_actions_field" time="0.119" /><testcase classname="backend.tests.test_enhanced_order_handoff.TestProjectStoredFields" name="test_projects_have_work_items_field" time="0.141" /><testcase classname="backend.tests.test_enhanced_order_handoff.TestOrderLifecycleProjectStatus" name="test_order_lifecycle_orders_returns_200" time="0.122" /><testcase classname="backend.tests.test_enhanced_order_handoff.TestOrderLifecycleProjectStatus" name="test_order_details_has_linked_project_info" time="0.245" /><testcase classname="backend.tests.test_enhanced_order_handoff.TestOrderLifecycleProjectStatus" name="test_orders_with_projects_have_project_status_fields" time="0.113" /><testcase classname="backend.tests.test_enhanced_order_handoff.TestNoLinkProjectButton" name="test_link_project_endpoint_should_not_be_used" time="0.131" /><testcase classname="backend.tests.test_enhanced_order_handoff.TestOrderHandoffWorkflow" name="test_order_handoff_dashboard_stats" time="0.117" /><testcase classname="backend.tests.test_enhanced_order_handoff.TestOrderHandoffWorkflow" name="test_engineers_available_for_selection" time="0.112" /><testcase classname="backend.tests.test_enhanced_order_handoff.TestCategoryOptions" name="test_project_categories_in_created_projects" time="0.127" /><testcase classname="backend.tests.test_sales_project_workflow.TestOrderHandoffSimplified" name="test_dashboard_returns_200" time="0.122" /><testcase classname="backend.tests.test_sales_project_workflow.TestOrderHandoffSimplified" name="test_dashboard_has_required_fields" time="0.118" /><testcase classname="backend.tests.test_sales_project_workflow.TestOrderHandoffSimplified" name="test_pending_orders_returns_200" time="0.104" /><testcase classname="backend.tests.test_sales_project_workflow.TestOrderHandoffSimplified" name="test_pending_orders_structure" time="0.106" /><testcase classname="backend.tests.test_sales_project_workflow.TestOrderHandoffSimplified" name="test_engineers_team_returns_200" time="0.115" /><testcase classname="backend.tests.test_sales_project_workflow.TestOrderHandoffSimplified" name="test_engineers_team_has_members" time="0.127" /><testcase classname="backend.tests.test_sales_project_workflow.TestOrderHandoffSimplified" name="test_create_project_requires_engineer" time="0.103"><skipped type="pytest.skip" message="No pending orders to test with">/app/backend/tests/test_sales_project_workflow.py:74: No pending orders to test with</skipped></testcase><testcase classname="backend.tests.test_sales_project_workflow.TestProjectManagementAccordion" name="test_projects_returns_200" time="0.154" /><testcase classname="backend.tests.test_sales_project_workflow.TestProjectManagementAccordion" name="test_projects_have_status_field" time="0.143" /><testcase classname="backend.tests.test_sales_project_workflow.TestProjectManagementAccordion" name="test_projects_have_required_fields_for_accordion" time="0.120" /><testcase classname="backend.tests.test_sales_project_workflow.TestProjectManagementAccordion" name="test_project_update_status" time="0.235" /><testcase classname="backend.tests.test_sales_project_workflow.TestProjectManagementAccordion" name="test_project_status_values" time="0.119" /><testcase classname="backend.tests.test_sales_project_workflow.TestOrderLifecycleLinkProject" name="test_order_lifecycle_orders_returns_200" time="0.136" /><testcase classname="backend.tests.test_sales_project_workflow.TestOrderLifecycleLinkProject" name="test_orders_have_project_link_info" time="0.150" /><testcase classname="backend.tests.test_sales_project_workflow.TestOrderLifecycleLinkProject" name="test_link_project_endpoint_exists" time="0.271" /><testcase classname="backend.tests.test_sales_project_workflow.TestOrderLifecycleLinkProject" name="test_get_available_projects_for_linking" time="0.120" /><testcase classname="backend.tests.test_sales_project_workflow.TestOrderLifecycleLinkProject" name="test_link_project_validation" time="0.239" /><testcase classname="backend.tests.test_sales_project_workflow.TestDashboardStats" name="test_order_lifecycle_dashboard_stats" time="0.122" /><testcase classname="backend.tests.test_sales_project_workflow.TestDashboardStats" name="test_dashboard_stats_structure" time="0.133" /><testcase classname="backend.tests.test_sales_project_workflow.TestDashboardStats" name="test_dashboard_orders_by_status" time="0.121" /><testcase classname="backend.tests.test_sales_project_workflow.TestDashboardStats" name="test_project_orders_dashboard" time="0.117" /><testcase classname="backend.tests.test_sales_project_workflow.TestCreateProjectFromOrder" name="test_create_project_with_engineer_only" time="0.125"><skipped type="pytest.skip" message="No pending orders to test">/app/backend/tests/test_sales_project_workflow.py:314: No pending orders to test</skipped></testcase><testcase classname="backend.tests.test_sales_project_workflow.TestCreateProjectFromOrder" name="test_project_inherits_order_budget" time="0.248" /><testcase classname="backend.tests.test_sales_project_workflow.TestProjectEditModal" name="test_project_has_editable_fields" time="0.142" /><testcase classname="backend.tests.test_sales_project_workflow.TestProjectEditModal" name="test_project_work_items_structure" time="0.118" /></testsuite></testsuites>