<?xml version="1.0" encoding="utf-8"?><testsuites name="pytest tests"><testsuite name="pytest" errors="0" failures="0" skipped="0" tests="25" time="4.980" timestamp="2026-02-20T08:23:43.453141+00:00" hostname="agent-env-afd42d9e-aa73-46b5-aadf-2ae58d613c08"><testcase classname="backend.tests.test_hr_phase2.TestPayslipPDF" name="test_payslip_pdf_generation_by_record_id" time="0.226" /><testcase classname="backend.tests.test_hr_phase2.TestPayslipPDF" name="test_payslip_pdf_by_employee_month_year" time="0.116" /><testcase classname="backend.tests.test_hr_phase2.TestPayslipPDF" name="test_payslip_pdf_not_found" time="0.110" /><testcase classname="backend.tests.test_hr_phase2.TestAdvancesLoans" name="test_get_all_advances" time="0.114" /><testcase classname="backend.tests.test_hr_phase2.TestAdvancesLoans" name="test_get_advances_by_status" time="0.471" /><testcase classname="backend.tests.test_hr_phase2.TestAdvancesLoans" name="test_create_advance_request" time="0.114" /><testcase classname="backend.tests.test_hr_phase2.TestAdvancesLoans" name="test_approve_advance" time="0.222" /><testcase classname="backend.tests.test_hr_phase2.TestAdvancesLoans" name="test_reject_advance" time="0.268" /><testcase classname="backend.tests.test_hr_phase2.TestAdvancesLoans" name="test_advance_not_found" time="0.262" /><testcase classname="backend.tests.test_hr_phase2.TestOvertimeManagement" name="test_get_all_overtime" time="0.108" /><testcase classname="backend.tests.test_hr_phase2.TestOvertimeManagement" name="test_get_overtime_with_filters" time="0.225" /><testcase classname="backend.tests.test_hr_phase2.TestOvertimeManagement" name="test_create_overtime" time="0.222" /><testcase classname="backend.tests.test_hr_phase2.TestOvertimeManagement" name="test_update_overtime" time="0.328" /><testcase classname="backend.tests.test_hr_phase2.TestOvertimeManagement" name="test_approve_overtime" time="0.347" /><testcase classname="backend.tests.test_hr_phase2.TestOvertimeManagement" name="test_reject_overtime" time="0.325" /><testcase classname="backend.tests.test_hr_phase2.TestOvertimeManagement" name="test_delete_overtime" time="0.299" /><testcase classname="backend.tests.test_hr_phase2.TestOvertimeManagement" name="test_overtime_summary" time="0.113" /><testcase classname="backend.tests.test_hr_phase2.TestLeaveDashboard" name="test_get_leave_balance" time="0.118" /><testcase classname="backend.tests.test_hr_phase2.TestLeaveDashboard" name="test_leave_balance_not_found" time="0.104" /><testcase classname="backend.tests.test_hr_phase2.TestLeaveDashboard" name="test_update_leave_balance" time="0.224" /><testcase classname="backend.tests.test_hr_phase2.TestPayrollProcessing" name="test_get_payroll_records" time="0.100" /><testcase classname="backend.tests.test_hr_phase2.TestPayrollProcessing" name="test_get_payroll_with_filters" time="0.104" /><testcase classname="backend.tests.test_hr_phase2.TestPayrollProcessing" name="test_get_single_payroll_record" time="0.103" /><testcase classname="backend.tests.test_hr_phase2.TestPayrollProcessing" name="test_statutory_report" time="0.124" /><testcase classname="backend.tests.test_hr_phase2.TestHRDashboard" name="test_hr_dashboard_stats" time="0.109" /></testsuite></testsuites>