<?xml version="1.0" encoding="utf-8"?><testsuites name="pytest tests"><testsuite name="pytest" errors="0" failures="0" skipped="0" tests="35" time="5.458" timestamp="2026-02-14T17:20:16.630271+00:00" hostname="agent-env-42101818-75b4-4065-9e8d-782fb7d79006"><testcase classname="tests.test_purchase_module.TestPurchaseModuleDashboard" name="test_get_dashboard_stats" time="0.274" /><testcase classname="tests.test_purchase_module.TestPurchaseModuleDashboard" name="test_get_savings_analysis" time="0.142" /><testcase classname="tests.test_purchase_module.TestPurchaseRequests" name="test_get_requests_empty" time="0.110" /><testcase classname="tests.test_purchase_module.TestPurchaseRequests" name="test_create_purchase_request" time="0.173" /><testcase classname="tests.test_purchase_module.TestPurchaseRequests" name="test_get_request_by_id" time="0.162" /><testcase classname="tests.test_purchase_module.TestPurchaseRequests" name="test_get_request_not_found" time="0.137" /><testcase classname="tests.test_purchase_module.TestPurchaseRequests" name="test_update_request_status" time="0.141" /><testcase classname="tests.test_purchase_module.TestPurchaseRequests" name="test_update_request_invalid_status" time="0.135" /><testcase classname="tests.test_purchase_module.TestPurchaseRequests" name="test_filter_requests_by_status" time="0.142" /><testcase classname="tests.test_purchase_module.TestPurchaseRequests" name="test_filter_requests_by_priority" time="0.161" /><testcase classname="tests.test_purchase_module.TestVendorQuotes" name="test_get_quotes_empty" time="0.123" /><testcase classname="tests.test_purchase_module.TestVendorQuotes" name="test_add_vendor_quote" time="0.152" /><testcase classname="tests.test_purchase_module.TestVendorQuotes" name="test_add_second_vendor_quote" time="0.132" /><testcase classname="tests.test_purchase_module.TestVendorQuotes" name="test_compare_quotes" time="0.215" /><testcase classname="tests.test_purchase_module.TestVendorQuotes" name="test_get_quotes_by_request" time="0.107" /><testcase classname="tests.test_purchase_module.TestVendorQuotes" name="test_select_quote" time="0.117" /><testcase classname="tests.test_purchase_module.TestPurchaseOrders" name="test_get_orders_empty" time="0.114" /><testcase classname="tests.test_purchase_module.TestPurchaseOrders" name="test_create_po_from_quote" time="0.182" /><testcase classname="tests.test_purchase_module.TestPurchaseOrders" name="test_get_order_by_id" time="0.141" /><testcase classname="tests.test_purchase_module.TestPurchaseOrders" name="test_get_order_not_found" time="0.113" /><testcase classname="tests.test_purchase_module.TestPurchaseOrders" name="test_update_order_status" time="0.121" /><testcase classname="tests.test_purchase_module.TestPurchaseOrders" name="test_update_order_invalid_status" time="0.126" /><testcase classname="tests.test_purchase_module.TestPurchaseOrders" name="test_filter_orders_by_status" time="0.134" /><testcase classname="tests.test_purchase_module.TestGRN" name="test_get_grns_empty" time="0.130" /><testcase classname="tests.test_purchase_module.TestGRN" name="test_create_grn" time="0.247" /><testcase classname="tests.test_purchase_module.TestGRN" name="test_get_grn_by_id" time="0.137" /><testcase classname="tests.test_purchase_module.TestGRN" name="test_get_grn_not_found" time="0.117" /><testcase classname="tests.test_purchase_module.TestGRN" name="test_get_grns_by_po" time="0.141" /><testcase classname="tests.test_purchase_module.TestGRN" name="test_verify_po_status_after_grn" time="0.131" /><testcase classname="tests.test_purchase_module.TestVendors" name="test_get_vendors_list" time="0.163" /><testcase classname="tests.test_purchase_module.TestCleanup" name="test_delete_grn" time="0.120" /><testcase classname="tests.test_purchase_module.TestCleanup" name="test_delete_order" time="0.115" /><testcase classname="tests.test_purchase_module.TestCleanup" name="test_delete_quotes" time="0.270" /><testcase classname="tests.test_purchase_module.TestCleanup" name="test_delete_request" time="0.114" /><testcase classname="tests.test_purchase_module.TestCleanup" name="test_verify_cleanup" time="0.301" /></testsuite></testsuites>