<?xml version="1.0" encoding="utf-8"?><testsuites name="pytest tests"><testsuite name="pytest" errors="0" failures="0" skipped="0" tests="16" time="1.111" timestamp="2026-01-15T18:36:30.147903+00:00" hostname="agent-env-67e41689-b32f-4b99-9a43-09e9fb301d4e"><testcase classname="tests.test_accounts_module.TestAccountsInvoices" name="test_get_invoices" time="0.348" /><testcase classname="tests.test_accounts_module.TestAccountsInvoices" name="test_create_invoice" time="0.045" /><testcase classname="tests.test_accounts_module.TestAccountsInvoices" name="test_get_invoices_with_filter" time="0.045" /><testcase classname="tests.test_accounts_module.TestAccountsInvoices" name="test_update_invoice" time="0.041" /><testcase classname="tests.test_accounts_module.TestAccountsInvoices" name="test_delete_invoice" time="0.083" /><testcase classname="tests.test_accounts_module.TestAccountsOverdueInvoices" name="test_get_overdue_invoices" time="0.040" /><testcase classname="tests.test_accounts_module.TestAccountsRetention" name="test_get_retention_invoices" time="0.040" /><testcase classname="tests.test_accounts_module.TestAccountsPayments" name="test_get_payments" time="0.051" /><testcase classname="tests.test_accounts_module.TestAccountsTDS" name="test_get_tds_records" time="0.044" /><testcase classname="tests.test_accounts_module.TestAccountsGSTR" name="test_get_gstr_records" time="0.045" /><testcase classname="tests.test_accounts_module.TestAccountsTasks" name="test_get_tasks" time="0.042" /><testcase classname="tests.test_accounts_module.TestAccountsDashboard" name="test_get_dashboard_stats" time="0.046" /><testcase classname="tests.test_accounts_module.TestAccountsProjections" name="test_get_projections" time="0.038" /><testcase classname="tests.test_accounts_module.TestAccountsWeeklySummary" name="test_get_weekly_summaries" time="0.050" /><testcase classname="tests.test_accounts_module.TestAccountsAuthRequired" name="test_invoices_requires_auth_for_write" time="0.037" /><testcase classname="tests.test_accounts_module.TestAccountsAuthRequired" name="test_invoices_read_requires_auth" time="0.043" /></testsuite></testsuites>