<?xml version="1.0" encoding="utf-8"?><testsuites name="pytest tests"><testsuite name="pytest" errors="0" failures="0" skipped="0" tests="18" time="3.330" timestamp="2026-02-20T11:46:58.124802+00:00" hostname="agent-env-afd42d9e-aa73-46b5-aadf-2ae58d613c08"><testcase classname="backend.tests.test_hr_phase3.TestAttendanceSummary" name="test_get_attendance_summary_valid_employee" time="0.214" /><testcase classname="backend.tests.test_hr_phase3.TestAttendanceSummary" name="test_get_attendance_summary_invalid_employee" time="0.108" /><testcase classname="backend.tests.test_hr_phase3.TestPayrollPreview" name="test_preview_payroll_success" time="0.152" /><testcase classname="backend.tests.test_hr_phase3.TestPayrollPreview" name="test_preview_payroll_with_department_filter" time="0.115" /><testcase classname="backend.tests.test_hr_phase3.TestBulkPayrollRun" name="test_bulk_payroll_run_success" time="0.239" /><testcase classname="backend.tests.test_hr_phase3.TestBulkPayrollRun" name="test_bulk_payroll_run_creates_records" time="0.345" /><testcase classname="backend.tests.test_hr_phase3.TestPayrollFinalize" name="test_finalize_payroll_success" time="0.380" /><testcase classname="backend.tests.test_hr_phase3.TestPayrollFinalize" name="test_finalize_prevents_modification" time="0.214" /><testcase classname="backend.tests.test_hr_phase3.TestPayrollFinalize" name="test_unlock_payroll_success" time="0.258" /><testcase classname="backend.tests.test_hr_phase3.TestPayrollFinalize" name="test_finalize_no_payroll_run" time="0.106" /><testcase classname="backend.tests.test_hr_phase3.TestPayrollDashboard" name="test_dashboard_with_data" time="0.327" /><testcase classname="backend.tests.test_hr_phase3.TestPayrollDashboard" name="test_dashboard_no_data" time="0.111" /><testcase classname="backend.tests.test_hr_phase3.TestEPFReport" name="test_epf_report_success" time="0.112" /><testcase classname="backend.tests.test_hr_phase3.TestEPFReport" name="test_epf_report_no_data" time="0.119" /><testcase classname="backend.tests.test_hr_phase3.TestESICReport" name="test_esic_report_success" time="0.099" /><testcase classname="backend.tests.test_hr_phase3.TestProfessionalTaxReport" name="test_pt_report_success" time="0.103" /><testcase classname="backend.tests.test_hr_phase3.TestProfessionalTaxReport" name="test_pt_report_no_data" time="0.115" /><testcase classname="backend.tests.test_hr_phase3.TestPayrollRunStatus" name="test_get_run_status" time="0.113" /></testsuite></testsuites>