<?xml version="1.0" encoding="utf-8"?><testsuites name="pytest tests"><testsuite name="pytest" errors="0" failures="1" skipped="0" tests="12" time="7.155" timestamp="2026-03-13T13:02:37.564669+00:00" hostname="agent-env-c91ad825-7ef5-4bb3-93a5-88b56945d8b3"><testcase classname="backend.tests.test_business_hub.TestBusinessHubSOMTasks" name="test_01_get_som_tasks_empty" time="0.603" /><testcase classname="backend.tests.test_business_hub.TestBusinessHubSOMTasks" name="test_02_create_som_task" time="0.661" /><testcase classname="backend.tests.test_business_hub.TestBusinessHubSOMTasks" name="test_03_get_som_task_by_id" time="0.769" /><testcase classname="backend.tests.test_business_hub.TestBusinessHubSOMTasks" name="test_04_update_som_task" time="0.701" /><testcase classname="backend.tests.test_business_hub.TestBusinessHubSOMTasks" name="test_05_delete_som_task" time="0.709" /><testcase classname="backend.tests.test_business_hub.TestBusinessHubSOMTasks" name="test_06_get_som_tasks_with_date_filter" time="0.729" /><testcase classname="backend.tests.test_business_hub.TestBusinessHubSOMTasks" name="test_07_get_som_stats_summary" time="0.461" /><testcase classname="backend.tests.test_business_hub.TestBusinessHubSOMTasks" name="test_08_validate_department_values" time="0.467" /><testcase classname="backend.tests.test_business_hub.TestBusinessHubSOMTasks" name="test_09_validate_status_values" time="0.478" /><testcase classname="backend.tests.test_business_hub.TestBusinessHubOrderManagement" name="test_01_get_order_lifecycle" time="0.462"><failure message="assert 404 == 200&#10; +  where 404 = &lt;Response [404]&gt;.status_code">backend/tests/test_business_hub.py:245: in test_01_get_order_lifecycle
    assert response.status_code == 200
E   assert 404 == 200
E    +  where 404 = &lt;Response [404]&gt;.status_code</failure></testcase><testcase classname="backend.tests.test_business_hub.TestBusinessHubFinanceAnalytics" name="test_01_get_projects_for_finance" time="0.507" /><testcase classname="backend.tests.test_business_hub.TestBusinessHubProjectManagement" name="test_01_get_projects" time="0.504" /></testsuite></testsuites>