<?xml version="1.0" encoding="utf-8"?><testsuites name="pytest tests"><testsuite name="pytest" errors="0" failures="0" skipped="0" tests="11" time="2.791" timestamp="2026-03-06T14:24:47.484356+00:00" hostname="agent-env-cbdf0d68-7667-485b-ae49-6b6d431db2e7"><testcase classname="backend.tests.test_ir_thermography_image_validation.TestIRThermographyImageValidation" name="test_create_report_with_valid_png_image" time="0.334" /><testcase classname="backend.tests.test_ir_thermography_image_validation.TestIRThermographyImageValidation" name="test_create_report_with_valid_jpeg_image" time="0.168" /><testcase classname="backend.tests.test_ir_thermography_image_validation.TestIRThermographyImageValidation" name="test_create_report_with_invalid_image_rejected" time="0.173" /><testcase classname="backend.tests.test_ir_thermography_image_validation.TestIRThermographyImageValidation" name="test_create_report_with_corrupted_image_rejected" time="0.112" /><testcase classname="backend.tests.test_ir_thermography_image_validation.TestIRThermographyImageValidation" name="test_create_report_without_images_succeeds" time="0.157" /><testcase classname="backend.tests.test_ir_thermography_image_validation.TestIRThermographyImageValidation" name="test_pdf_download_for_report_with_valid_images" time="0.578" /><testcase classname="backend.tests.test_ir_thermography_image_validation.TestDirectFileUpload" name="test_upload_valid_image_file" time="0.271" /><testcase classname="backend.tests.test_ir_thermography_image_validation.TestDirectFileUpload" name="test_upload_invalid_file_rejected" time="0.288" /><testcase classname="backend.tests.test_ir_thermography_image_validation.TestDirectFileUpload" name="test_upload_to_nonexistent_report" time="0.155" /><testcase classname="backend.tests.test_ir_thermography_image_validation.TestUpdateReportWithImages" name="test_update_report_with_valid_image" time="0.232" /><testcase classname="backend.tests.test_ir_thermography_image_validation.TestUpdateReportWithImages" name="test_update_report_with_invalid_image_rejected" time="0.256" /></testsuite></testsuites>