<?xml version="1.0" encoding="utf-8"?><testsuites name="pytest tests"><testsuite name="pytest" errors="0" failures="0" skipped="0" tests="14" time="4.848" timestamp="2026-01-10T17:58:41.177687+00:00" hostname="agent-env-69e8d5a8-0f18-4be5-8a0f-36e61f95328b"><testcase classname="tests.test_scheduled_inspections.TestScheduledInspectionsAPI" name="test_01_get_dashboard_stats" time="0.355" /><testcase classname="tests.test_scheduled_inspections.TestScheduledInspectionsAPI" name="test_02_get_all_inspections" time="0.320" /><testcase classname="tests.test_scheduled_inspections.TestScheduledInspectionsAPI" name="test_03_create_inspection_monthly" time="0.289" /><testcase classname="tests.test_scheduled_inspections.TestScheduledInspectionsAPI" name="test_04_create_inspection_quarterly" time="0.331" /><testcase classname="tests.test_scheduled_inspections.TestScheduledInspectionsAPI" name="test_05_get_inspection_by_id" time="0.342" /><testcase classname="tests.test_scheduled_inspections.TestScheduledInspectionsAPI" name="test_06_update_inspection" time="0.350" /><testcase classname="tests.test_scheduled_inspections.TestScheduledInspectionsAPI" name="test_07_complete_inspection_monthly" time="0.347" /><testcase classname="tests.test_scheduled_inspections.TestScheduledInspectionsAPI" name="test_08_complete_inspection_quarterly" time="0.388" /><testcase classname="tests.test_scheduled_inspections.TestScheduledInspectionsAPI" name="test_09_delete_inspection" time="0.314" /><testcase classname="tests.test_scheduled_inspections.TestScheduledInspectionsAPI" name="test_10_filter_by_status" time="0.366" /><testcase classname="tests.test_scheduled_inspections.TestScheduledInspectionsAPI" name="test_11_filter_by_type" time="0.327" /><testcase classname="tests.test_scheduled_inspections.TestScheduledInspectionsAPI" name="test_12_get_nonexistent_inspection" time="0.362" /><testcase classname="tests.test_scheduled_inspections.TestScheduledInspectionsAPI" name="test_13_complete_nonexistent_inspection" time="0.282" /><testcase classname="tests.test_scheduled_inspections.TestScheduledInspectionsAPI" name="test_14_delete_nonexistent_inspection" time="0.277" /></testsuite></testsuites>