<?xml version="1.0" encoding="utf-8"?><testsuites name="pytest tests"><testsuite name="pytest" errors="0" failures="0" skipped="0" tests="16" time="4.807" timestamp="2026-01-09T11:57:03.790918+00:00" hostname="agent-env-2d81f5cd-b835-4feb-9468-b3fb7e36ebaf"><testcase classname="tests.test_work_schedule_api.TestAuthAPI" name="test_auth_check" time="0.069" /><testcase classname="tests.test_work_schedule_api.TestAuthAPI" name="test_login_success" time="0.264" /><testcase classname="tests.test_work_schedule_api.TestAuthAPI" name="test_login_invalid_credentials" time="0.036" /><testcase classname="tests.test_work_schedule_api.TestProjectsAPI" name="test_get_all_projects" time="0.300" /><testcase classname="tests.test_work_schedule_api.TestProjectsAPI" name="test_get_project_by_id" time="0.340" /><testcase classname="tests.test_work_schedule_api.TestProjectsAPI" name="test_update_project_work_items" time="0.386" /><testcase classname="tests.test_work_schedule_api.TestProjectsAPI" name="test_add_task_to_work_item" time="0.356" /><testcase classname="tests.test_work_schedule_api.TestProjectsAPI" name="test_toggle_line_item_status" time="0.376" /><testcase classname="tests.test_work_schedule_api.TestDepartmentTeamAPI" name="test_get_projects_team" time="0.299" /><testcase classname="tests.test_work_schedule_api.TestDepartmentTeamAPI" name="test_get_all_departments" time="0.296" /><testcase classname="tests.test_work_schedule_api.TestDashboardAPI" name="test_get_dashboard_stats" time="0.292" /><testcase classname="tests.test_work_schedule_api.TestDashboardAPI" name="test_get_weekly_billing" time="0.337" /><testcase classname="tests.test_work_schedule_api.TestSettingsAPI" name="test_get_organization_settings" time="0.296" /><testcase classname="tests.test_work_schedule_api.TestFiltersAPI" name="test_filter_projects_by_status" time="0.339" /><testcase classname="tests.test_work_schedule_api.TestFiltersAPI" name="test_filter_projects_by_category" time="0.302" /><testcase classname="tests.test_work_schedule_api.TestCleanup" name="test_cleanup_test_work_items" time="0.387" /></testsuite></testsuites>