<?xml version="1.0" encoding="utf-8"?><testsuites name="pytest tests"><testsuite name="pytest" errors="0" failures="0" skipped="0" tests="24" time="4.108" timestamp="2026-03-15T05:50:59.715603+00:00" hostname="agent-env-e5719d0e-b8cc-4cea-b29a-7187ccb9e285"><testcase classname="backend.tests.test_phase3_4_po_finance.TestFinanceDashboard" name="test_finance_dashboard_returns_200" time="0.208" /><testcase classname="backend.tests.test_phase3_4_po_finance.TestFinanceDashboard" name="test_finance_dashboard_has_summary" time="0.108" /><testcase classname="backend.tests.test_phase3_4_po_finance.TestFinanceDashboard" name="test_finance_dashboard_has_by_status" time="0.116" /><testcase classname="backend.tests.test_phase3_4_po_finance.TestFinanceDashboard" name="test_finance_dashboard_has_request_totals" time="0.113" /><testcase classname="backend.tests.test_phase3_4_po_finance.TestFinanceDashboard" name="test_finance_dashboard_has_projects_list" time="0.142" /><testcase classname="backend.tests.test_phase3_4_po_finance.TestProjectPnL" name="test_project_pnl_returns_200_for_valid_order" time="0.244" /><testcase classname="backend.tests.test_phase3_4_po_finance.TestProjectPnL" name="test_project_pnl_returns_404_for_invalid_order" time="0.105" /><testcase classname="backend.tests.test_phase3_4_po_finance.TestProjectPnL" name="test_project_pnl_has_revenue_section" time="0.209" /><testcase classname="backend.tests.test_phase3_4_po_finance.TestProjectPnL" name="test_project_pnl_has_budgets_section" time="0.230" /><testcase classname="backend.tests.test_phase3_4_po_finance.TestProjectPnL" name="test_project_pnl_has_actuals_section" time="0.209" /><testcase classname="backend.tests.test_phase3_4_po_finance.TestProjectPnL" name="test_project_pnl_has_variance_section" time="0.231" /><testcase classname="backend.tests.test_phase3_4_po_finance.TestProjectPnL" name="test_project_pnl_has_request_summary" time="0.221" /><testcase classname="backend.tests.test_phase3_4_po_finance.TestPurchaseOrders" name="test_purchase_orders_returns_200" time="0.106" /><testcase classname="backend.tests.test_phase3_4_po_finance.TestPurchaseOrders" name="test_purchase_orders_has_correct_structure" time="0.112" /><testcase classname="backend.tests.test_phase3_4_po_finance.TestCreatePOFromRequest" name="test_create_po_requires_request_id" time="0.111" /><testcase classname="backend.tests.test_phase3_4_po_finance.TestCreatePOFromRequest" name="test_create_po_requires_vendor_name" time="0.105" /><testcase classname="backend.tests.test_phase3_4_po_finance.TestCreatePOFromRequest" name="test_create_po_returns_404_for_invalid_request" time="0.108" /><testcase classname="backend.tests.test_phase3_4_po_finance.TestCreatePOFromRequest" name="test_create_po_rejects_pending_request" time="0.222" /><testcase classname="backend.tests.test_phase3_4_po_finance.TestCreatePOWorkflow" name="test_create_po_from_approved_request" time="0.581" /><testcase classname="backend.tests.test_phase3_4_po_finance.TestPOStatusUpdate" name="test_update_po_status_invalid_status" time="0.101" /><testcase classname="backend.tests.test_phase3_4_po_finance.TestPOStatusUpdate" name="test_update_po_status_not_found" time="0.103" /><testcase classname="backend.tests.test_phase3_4_po_finance.TestFinanceDashboardCalculations" name="test_gross_profit_calculation" time="0.108" /><testcase classname="backend.tests.test_phase3_4_po_finance.TestFinanceDashboardCalculations" name="test_budget_variance_calculation" time="0.116" /><testcase classname="backend.tests.test_phase3_4_po_finance.TestFinanceDashboardCalculations" name="test_request_totals_sum_to_actual_cost" time="0.105" /></testsuite></testsuites>