<?xml version="1.0" encoding="utf-8"?><testsuites name="pytest tests"><testsuite name="pytest" errors="0" failures="0" skipped="0" tests="12" time="2.879" timestamp="2026-02-27T11:58:01.289297+00:00" hostname="agent-env-6ff838bf-84b2-4b61-85de-b2749cc714dc"><testcase classname="backend.tests.test_user_access_permissions.TestUserAccessPermissions" name="test_01_login_returns_permissions_for_admin" time="0.370" /><testcase classname="backend.tests.test_user_access_permissions.TestUserAccessPermissions" name="test_02_login_returns_permissions_for_test_user" time="0.363" /><testcase classname="backend.tests.test_user_access_permissions.TestUserAccessPermissions" name="test_03_auth_me_returns_permissions" time="0.396" /><testcase classname="backend.tests.test_user_access_permissions.TestUserAccessPermissions" name="test_04_get_available_modules" time="0.107" /><testcase classname="backend.tests.test_user_access_permissions.TestUserAccessPermissions" name="test_05_get_users_list" time="0.107" /><testcase classname="backend.tests.test_user_access_permissions.TestUserAccessPermissions" name="test_06_get_user_permissions" time="0.157" /><testcase classname="backend.tests.test_user_access_permissions.TestUserAccessPermissions" name="test_07_update_user_permissions" time="0.188" /><testcase classname="backend.tests.test_user_access_permissions.TestUserAccessPermissions" name="test_08_verify_permissions_persisted" time="0.165" /><testcase classname="backend.tests.test_user_access_permissions.TestUserAccessPermissions" name="test_09_login_returns_saved_permissions" time="0.346" /><testcase classname="backend.tests.test_user_access_permissions.TestUserAccessPermissions" name="test_10_auth_me_returns_saved_permissions" time="0.393" /><testcase classname="backend.tests.test_user_access_permissions.TestUserAccessControlAPI" name="test_modules_endpoint" time="0.115" /><testcase classname="backend.tests.test_user_access_permissions.TestUserAccessControlAPI" name="test_users_list_endpoint" time="0.114" /></testsuite></testsuites>