<?xml version="1.0" encoding="utf-8"?><testsuites name="pytest tests"><testsuite name="pytest" errors="0" failures="0" skipped="0" tests="14" time="4.403" timestamp="2026-02-06T06:59:37.760518+00:00" hostname="agent-env-64a32baf-9f59-4001-a73a-efc1e50bd5a7"><testcase classname="backend.tests.test_pdf_template_settings.TestPDFTemplateSettingsAPI" name="test_get_settings_returns_defaults" time="0.349" /><testcase classname="backend.tests.test_pdf_template_settings.TestPDFTemplateSettingsAPI" name="test_update_branding_settings" time="0.349" /><testcase classname="backend.tests.test_pdf_template_settings.TestPDFTemplateSettingsAPI" name="test_update_company_info" time="0.287" /><testcase classname="backend.tests.test_pdf_template_settings.TestPDFTemplateSettingsAPI" name="test_update_cover_page_settings" time="0.333" /><testcase classname="backend.tests.test_pdf_template_settings.TestPDFTemplateSettingsAPI" name="test_update_back_cover_settings" time="0.285" /><testcase classname="backend.tests.test_pdf_template_settings.TestPDFTemplateSettingsAPI" name="test_update_header_footer_settings" time="0.291" /><testcase classname="backend.tests.test_pdf_template_settings.TestPDFTemplateSettingsAPI" name="test_preview_pdf_all_pages" time="0.303" /><testcase classname="backend.tests.test_pdf_template_settings.TestPDFTemplateSettingsAPI" name="test_preview_pdf_cover_page" time="0.292" /><testcase classname="backend.tests.test_pdf_template_settings.TestPDFTemplateSettingsAPI" name="test_preview_pdf_content_page" time="0.287" /><testcase classname="backend.tests.test_pdf_template_settings.TestPDFTemplateSettingsAPI" name="test_preview_pdf_back_page" time="0.288" /><testcase classname="backend.tests.test_pdf_template_settings.TestPDFTemplateSettingsAPI" name="test_reset_to_defaults" time="0.295" /><testcase classname="backend.tests.test_pdf_template_settings.TestPDFTemplateSettingsAPI" name="test_upload_logo" time="0.306" /><testcase classname="backend.tests.test_pdf_template_settings.TestPDFTemplateSettingsAPI" name="test_upload_logo_invalid_file_type" time="0.307" /><testcase classname="backend.tests.test_pdf_template_settings.TestPDFTemplateSettingsIntegration" name="test_full_workflow_update_and_preview" time="0.347" /></testsuite></testsuites>