<?xml version="1.0" encoding="utf-8"?><testsuites name="pytest tests"><testsuite name="pytest" errors="0" failures="0" skipped="0" tests="8" time="5.577" timestamp="2026-03-10T14:09:08.252448+00:00" hostname="agent-env-292708ab-f348-4015-a1c2-c70d2b92729f"><testcase classname="backend.tests.test_ir_thermography_background_pdf.TestBackgroundPdfGeneration" name="test_start_pdf_generation_returns_job_id" time="0.655" /><testcase classname="backend.tests.test_ir_thermography_background_pdf.TestBackgroundPdfGeneration" name="test_job_status_transitions" time="1.194" /><testcase classname="backend.tests.test_ir_thermography_background_pdf.TestBackgroundPdfGeneration" name="test_download_completed_pdf" time="1.365" /><testcase classname="backend.tests.test_ir_thermography_background_pdf.TestBackgroundPdfGeneration" name="test_invalid_report_id_returns_404" time="0.067" /><testcase classname="backend.tests.test_ir_thermography_background_pdf.TestBackgroundPdfGeneration" name="test_invalid_job_id_returns_404" time="0.060" /><testcase classname="backend.tests.test_ir_thermography_background_pdf.TestBackgroundPdfGeneration" name="test_download_incomplete_job_returns_error" time="0.110" /><testcase classname="backend.tests.test_ir_thermography_background_pdf.TestMongoDBPersistence" name="test_job_persisted_to_mongodb" time="1.287" /><testcase classname="backend.tests.test_ir_thermography_background_pdf.TestDirectPdfEndpoint" name="test_direct_pdf_download" time="0.769" /></testsuite></testsuites>