<?xml version="1.0" encoding="utf-8"?><testsuites name="pytest tests"><testsuite name="pytest" errors="0" failures="0" skipped="0" tests="16" time="15.419" timestamp="2026-02-12T13:56:00.673342+00:00" hostname="agent-env-61bc0d6d-038f-4e9c-9bb4-ac4b3b167349"><testcase classname="backend.tests.test_amc_module.TestAMCDashboardStats" name="test_get_dashboard_stats" time="0.346" /><testcase classname="backend.tests.test_amc_module.TestAMCList" name="test_get_all_amcs" time="0.040" /><testcase classname="backend.tests.test_amc_module.TestAMCGetSingle" name="test_get_amc_by_id" time="0.061" /><testcase classname="backend.tests.test_amc_module.TestAMCGetSingle" name="test_get_amc_not_found" time="0.033" /><testcase classname="backend.tests.test_amc_module.TestAMCEquipmentReports" name="test_get_equipment_reports" time="0.065" /><testcase classname="backend.tests.test_amc_module.TestAMCEquipmentReports" name="test_equipment_reports_order_transformer_first" time="0.055" /><testcase classname="backend.tests.test_amc_module.TestAMCEquipmentReports" name="test_equipment_reports_order_earth_pit_last" time="0.057" /><testcase classname="backend.tests.test_amc_module.TestAMCPDFDownload" name="test_pdf_download_returns_200" time="3.612" /><testcase classname="backend.tests.test_amc_module.TestAMCPDFDownload" name="test_pdf_download_content_type" time="3.412" /><testcase classname="backend.tests.test_amc_module.TestAMCPDFDownload" name="test_pdf_download_has_content" time="3.688" /><testcase classname="backend.tests.test_amc_module.TestAMCPDFDownload" name="test_pdf_download_filename_header" time="3.610" /><testcase classname="backend.tests.test_amc_module.TestAMCPDFDownload" name="test_pdf_download_not_found" time="0.053" /><testcase classname="backend.tests.test_amc_module.TestAMCCRUD" name="test_create_amc" time="0.122" /><testcase classname="backend.tests.test_amc_module.TestAMCCRUD" name="test_update_amc" time="0.074" /><testcase classname="backend.tests.test_amc_module.TestAMCServiceVisits" name="test_add_service_visit" time="0.041" /><testcase classname="backend.tests.test_amc_module.TestAMCClone" name="test_clone_amc" time="0.046" /></testsuite></testsuites>