<?xml version="1.0" encoding="utf-8"?><testsuites name="pytest tests"><testsuite name="pytest" errors="0" failures="0" skipped="0" tests="17" time="0.877" timestamp="2026-02-02T11:48:54.887836+00:00" hostname="agent-env-c2b98613-7e58-453c-b2ec-bed56f652c34"><testcase classname="backend.tests.test_iteration_36.TestDashboardCompanyOverview" name="test_admin_dashboard_data_endpoint" time="0.113" /><testcase classname="backend.tests.test_iteration_36.TestEmployeeAttendance" name="test_get_attendance_records" time="0.044" /><testcase classname="backend.tests.test_iteration_36.TestEmployeeAttendance" name="test_check_in" time="0.040" /><testcase classname="backend.tests.test_iteration_36.TestEmployeeAttendance" name="test_check_out" time="0.044" /><testcase classname="backend.tests.test_iteration_36.TestEmployeeJourney" name="test_get_journey_with_valid_user" time="0.044" /><testcase classname="backend.tests.test_iteration_36.TestEmployeeJourney" name="test_get_journey_with_invalid_objectid" time="0.042" /><testcase classname="backend.tests.test_iteration_36.TestExistingEmployeeHubFeatures" name="test_overtime_requests" time="0.038" /><testcase classname="backend.tests.test_iteration_36.TestExistingEmployeeHubFeatures" name="test_permission_requests" time="0.041" /><testcase classname="backend.tests.test_iteration_36.TestExistingEmployeeHubFeatures" name="test_transport_requests" time="0.041" /><testcase classname="backend.tests.test_iteration_36.TestExistingEmployeeHubFeatures" name="test_leave_requests" time="0.040" /><testcase classname="backend.tests.test_iteration_36.TestExistingEmployeeHubFeatures" name="test_expense_claims" time="0.041" /><testcase classname="backend.tests.test_iteration_36.TestExistingEmployeeHubFeatures" name="test_leave_balance" time="0.041" /><testcase classname="backend.tests.test_iteration_36.TestAdminAPIs" name="test_get_announcements" time="0.035" /><testcase classname="backend.tests.test_iteration_36.TestAdminAPIs" name="test_get_events" time="0.039" /><testcase classname="backend.tests.test_iteration_36.TestAdminAPIs" name="test_get_holidays" time="0.079" /><testcase classname="backend.tests.test_iteration_36.TestAdminAPIs" name="test_get_upcoming_events" time="0.040" /><testcase classname="backend.tests.test_iteration_36.TestAdminAPIs" name="test_get_upcoming_holidays" time="0.037" /></testsuite></testsuites>