<?xml version="1.0" encoding="utf-8"?><testsuites name="pytest tests"><testsuite name="pytest" errors="0" failures="0" skipped="0" tests="6" time="2.809" timestamp="2026-01-18T10:56:27.664822+00:00" hostname="agent-env-1945b3c9-ae0d-4c45-ab75-db43b6ed316b"><testcase classname="tests.test_energy_meter_report.TestEnergyMeterReport" name="test_energy_meter_template_exists" time="0.366" /><testcase classname="tests.test_energy_meter_report.TestEnergyMeterReport" name="test_get_existing_energy_meter_report" time="0.323" /><testcase classname="tests.test_energy_meter_report.TestEnergyMeterReport" name="test_energy_meter_pdf_generation" time="0.484" /><testcase classname="tests.test_energy_meter_report.TestEnergyMeterReport" name="test_create_new_energy_meter_report" time="0.594" /><testcase classname="tests.test_energy_meter_report.TestEnergyMeterReport" name="test_energy_meter_section_toggles" time="0.378" /><testcase classname="tests.test_energy_meter_report.TestPanelReportTextWrap" name="test_panel_pdf_with_long_text" time="0.525" /></testsuite></testsuites>