<?xml version="1.0" encoding="utf-8"?><testsuites name="pytest tests"><testsuite name="pytest" errors="0" failures="0" skipped="0" tests="9" time="5.944" timestamp="2026-03-12T13:36:31.119395+00:00" hostname="agent-env-99547bf4-71d9-475f-8497-2ab42dc31599"><testcase classname="tests.test_wcc_customer_dropdown.TestWCCCustomerDropdown" name="test_01_domestic_customers_endpoint" time="0.597" /><testcase classname="tests.test_wcc_customer_dropdown.TestWCCCustomerDropdown" name="test_02_wcc_list_endpoint" time="0.487" /><testcase classname="tests.test_wcc_customer_dropdown.TestWCCCustomerDropdown" name="test_03_get_completed_projects" time="0.609" /><testcase classname="tests.test_wcc_customer_dropdown.TestWCCCustomerDropdown" name="test_04_create_wcc_with_customer_name" time="0.994" /><testcase classname="tests.test_wcc_customer_dropdown.TestWCCCustomerDropdown" name="test_05_verify_wcc_customer_in_list" time="0.481" /><testcase classname="tests.test_wcc_customer_dropdown.TestWCCCustomerDropdown" name="test_06_update_wcc_customer_name" time="0.619" /><testcase classname="tests.test_wcc_customer_dropdown.TestWCCCustomerDropdown" name="test_07_wcc_pdf_generation" time="0.665" /><testcase classname="tests.test_wcc_customer_dropdown.TestWCCCustomerDropdown" name="test_08_cleanup_test_wcc" time="0.479" /><testcase classname="tests.test_wcc_customer_dropdown.TestWCCCustomerNamePriority" name="test_customer_name_priority" time="0.949" /></testsuite></testsuites>