<?xml version="1.0" encoding="utf-8"?><testsuites name="pytest tests"><testsuite name="pytest" errors="0" failures="0" skipped="0" tests="24" time="3.379" timestamp="2026-02-21T13:18:00.112181+00:00" hostname="agent-env-9488d9f7-eebe-40f5-a97f-e3c6acf32260"><testcase classname="backend.tests.test_advance_payment_management.TestEmployeeAdvanceBalance" name="test_get_advance_balance_new_user" time="0.197" /><testcase classname="backend.tests.test_advance_payment_management.TestEmployeeAdvanceBalance" name="test_get_advance_balance_existing_user" time="0.107" /><testcase classname="backend.tests.test_advance_payment_management.TestEmployeeAdvanceRequests" name="test_create_advance_request" time="0.124" /><testcase classname="backend.tests.test_advance_payment_management.TestEmployeeAdvanceRequests" name="test_get_employee_advance_requests" time="0.141" /><testcase classname="backend.tests.test_advance_payment_management.TestEmployeeAdvanceRequests" name="test_create_second_advance_request" time="0.122" /><testcase classname="backend.tests.test_advance_payment_management.TestEmployeeAdvanceRequests" name="test_withdraw_advance_request" time="0.112" /><testcase classname="backend.tests.test_advance_payment_management.TestEmployeeAdvanceRequests" name="test_verify_balance_shows_pending_request" time="0.110" /><testcase classname="backend.tests.test_advance_payment_management.TestFinanceAdvanceRequests" name="test_get_all_advance_requests" time="0.143" /><testcase classname="backend.tests.test_advance_payment_management.TestFinanceAdvanceRequests" name="test_get_advance_requests_filtered_by_status" time="0.107" /><testcase classname="backend.tests.test_advance_payment_management.TestFinanceAdvanceRequests" name="test_approve_advance_request" time="0.103" /><testcase classname="backend.tests.test_advance_payment_management.TestFinanceAdvanceRequests" name="test_verify_request_status_after_approval" time="0.127" /><testcase classname="backend.tests.test_advance_payment_management.TestFinanceAdvancePayment" name="test_record_advance_payment" time="0.107" /><testcase classname="backend.tests.test_advance_payment_management.TestFinanceAdvancePayment" name="test_verify_payment_recorded" time="0.129" /><testcase classname="backend.tests.test_advance_payment_management.TestFinanceAdvancePayment" name="test_verify_employee_balance_updated" time="0.117" /><testcase classname="backend.tests.test_advance_payment_management.TestFinanceDirectAdvance" name="test_record_direct_advance" time="0.110" /><testcase classname="backend.tests.test_advance_payment_management.TestFinanceDirectAdvance" name="test_direct_advance_appears_in_balances" time="0.111" /><testcase classname="backend.tests.test_advance_payment_management.TestFinanceAdvanceBalances" name="test_get_all_employee_balances" time="0.113" /><testcase classname="backend.tests.test_advance_payment_management.TestFinanceAdvanceBalances" name="test_get_employee_advance_history" time="0.135" /><testcase classname="backend.tests.test_advance_payment_management.TestFinanceRejectAdvance" name="test_create_request_for_rejection" time="0.170" /><testcase classname="backend.tests.test_advance_payment_management.TestFinanceRejectAdvance" name="test_reject_advance_request" time="0.104" /><testcase classname="backend.tests.test_advance_payment_management.TestFinanceRejectAdvance" name="test_verify_rejection_recorded" time="0.108" /><testcase classname="backend.tests.test_advance_payment_management.TestRunningBalanceCalculation" name="test_balance_calculation_formula" time="0.116" /><testcase classname="backend.tests.test_advance_payment_management.TestRunningBalanceCalculation" name="test_finance_balance_summary_totals" time="0.122" /><testcase classname="backend.tests.test_advance_payment_management.TestCleanup" name="test_cleanup_test_requests" time="0.436" /></testsuite></testsuites>