<?xml version="1.0" encoding="utf-8"?><testsuites name="pytest tests"><testsuite name="pytest" errors="0" failures="0" skipped="0" tests="16" time="3.312" timestamp="2026-02-05T08:15:01.081267+00:00" hostname="agent-env-d9e21009-734e-4624-8dd3-8468c3cefd86"><testcase classname="backend.tests.test_calibration_pdf.TestCalibrationPDFEndpoint" name="test_calibration_pdf_endpoint_exists" time="0.628" /><testcase classname="backend.tests.test_calibration_pdf.TestCalibrationPDFEndpoint" name="test_amc_pdf_endpoint_exists" time="0.256" /><testcase classname="backend.tests.test_calibration_pdf.TestCalibrationPDFEndpoint" name="test_calibration_pdf_not_found" time="0.050" /><testcase classname="backend.tests.test_calibration_pdf.TestCalibrationPDFStructure" name="test_pdf_has_multiple_pages" time="0.277" /><testcase classname="backend.tests.test_calibration_pdf.TestCalibrationPDFStructure" name="test_cover_page_has_title" time="0.003" /><testcase classname="backend.tests.test_calibration_pdf.TestCalibrationPDFStructure" name="test_cover_page_has_customer_info" time="0.003" /><testcase classname="backend.tests.test_calibration_pdf.TestCalibrationPDFStructure" name="test_cover_page_has_submitted_by" time="0.003" /><testcase classname="backend.tests.test_calibration_pdf.TestCalibrationPDFStructure" name="test_toc_says_contents_not_table_of_contents" time="0.003" /><testcase classname="backend.tests.test_calibration_pdf.TestCalibrationPDFStructure" name="test_pages_2_plus_have_header" time="0.005" /><testcase classname="backend.tests.test_calibration_pdf.TestCalibrationPDFStructure" name="test_pages_2_plus_have_footer" time="0.005" /><testcase classname="backend.tests.test_calibration_pdf.TestCalibrationPDFStructure" name="test_back_cover_no_header_footer" time="0.002" /><testcase classname="backend.tests.test_calibration_pdf.TestCalibrationPDFStructure" name="test_back_cover_has_contact_info" time="0.002" /><testcase classname="backend.tests.test_calibration_pdf.TestCalibrationPDFMatchesAMC" name="test_both_pdfs_have_similar_structure" time="0.493" /><testcase classname="backend.tests.test_calibration_pdf.TestCalibrationPDFMatchesAMC" name="test_both_cover_pages_have_decorative_elements" time="0.511" /><testcase classname="backend.tests.test_calibration_pdf.TestCalibrationPDFMatchesAMC" name="test_both_tocs_say_contents" time="0.499" /><testcase classname="backend.tests.test_calibration_pdf.TestCalibrationPDFMatchesAMC" name="test_both_back_covers_match" time="0.505" /></testsuite></testsuites>