<?xml version="1.0" encoding="utf-8"?><testsuites name="pytest tests"><testsuite name="pytest" errors="0" failures="0" skipped="0" tests="32" time="1.818" timestamp="2026-02-02T11:10:36.609899+00:00" hostname="agent-env-c2b98613-7e58-453c-b2ec-bed56f652c34"><testcase classname="backend.tests.test_employee_admin_hub.TestEmployeeOvertimeRequests" name="test_get_overtime_requests" time="0.101" /><testcase classname="backend.tests.test_employee_admin_hub.TestEmployeeOvertimeRequests" name="test_create_overtime_request" time="0.043" /><testcase classname="backend.tests.test_employee_admin_hub.TestEmployeeOvertimeRequests" name="test_get_overtime_by_user" time="0.044" /><testcase classname="backend.tests.test_employee_admin_hub.TestEmployeeOvertimeRequests" name="test_delete_overtime_request" time="0.041" /><testcase classname="backend.tests.test_employee_admin_hub.TestEmployeePermissionRequests" name="test_get_permission_requests" time="0.041" /><testcase classname="backend.tests.test_employee_admin_hub.TestEmployeePermissionRequests" name="test_create_permission_request" time="0.047" /><testcase classname="backend.tests.test_employee_admin_hub.TestEmployeePermissionRequests" name="test_verify_permission_persisted" time="0.038" /><testcase classname="backend.tests.test_employee_admin_hub.TestEmployeeTransportRequests" name="test_get_transport_requests" time="0.037" /><testcase classname="backend.tests.test_employee_admin_hub.TestEmployeeTransportRequests" name="test_create_transport_request" time="0.049" /><testcase classname="backend.tests.test_employee_admin_hub.TestEmployeeLeaveRequests" name="test_get_leave_requests" time="0.042" /><testcase classname="backend.tests.test_employee_admin_hub.TestEmployeeLeaveRequests" name="test_create_leave_request" time="0.053" /><testcase classname="backend.tests.test_employee_admin_hub.TestEmployeeLeaveRequests" name="test_get_leave_balance" time="0.045" /><testcase classname="backend.tests.test_employee_admin_hub.TestEmployeeExpenseClaims" name="test_get_expense_claims" time="0.045" /><testcase classname="backend.tests.test_employee_admin_hub.TestEmployeeExpenseClaims" name="test_create_expense_claim" time="0.050" /><testcase classname="backend.tests.test_employee_admin_hub.TestEmployeeDashboard" name="test_get_employee_dashboard" time="0.040" /><testcase classname="backend.tests.test_employee_admin_hub.TestAdminAnnouncements" name="test_get_announcements" time="0.038" /><testcase classname="backend.tests.test_employee_admin_hub.TestAdminAnnouncements" name="test_create_announcement" time="0.036" /><testcase classname="backend.tests.test_employee_admin_hub.TestAdminAnnouncements" name="test_update_announcement" time="0.043" /><testcase classname="backend.tests.test_employee_admin_hub.TestAdminAnnouncements" name="test_delete_announcement" time="0.040" /><testcase classname="backend.tests.test_employee_admin_hub.TestAdminEvents" name="test_get_events" time="0.037" /><testcase classname="backend.tests.test_employee_admin_hub.TestAdminEvents" name="test_create_event" time="0.052" /><testcase classname="backend.tests.test_employee_admin_hub.TestAdminEvents" name="test_get_upcoming_events" time="0.076" /><testcase classname="backend.tests.test_employee_admin_hub.TestAdminEvents" name="test_update_event" time="0.038" /><testcase classname="backend.tests.test_employee_admin_hub.TestAdminEvents" name="test_delete_event" time="0.078" /><testcase classname="backend.tests.test_employee_admin_hub.TestAdminHolidays" name="test_get_holidays" time="0.033" /><testcase classname="backend.tests.test_employee_admin_hub.TestAdminHolidays" name="test_create_holiday" time="0.057" /><testcase classname="backend.tests.test_employee_admin_hub.TestAdminHolidays" name="test_get_holidays_by_year" time="0.041" /><testcase classname="backend.tests.test_employee_admin_hub.TestAdminHolidays" name="test_get_upcoming_holidays" time="0.038" /><testcase classname="backend.tests.test_employee_admin_hub.TestAdminHolidays" name="test_update_holiday" time="0.040" /><testcase classname="backend.tests.test_employee_admin_hub.TestAdminHolidays" name="test_delete_holiday" time="0.037" /><testcase classname="backend.tests.test_employee_admin_hub.TestAdminStats" name="test_get_admin_stats" time="0.040" /><testcase classname="backend.tests.test_employee_admin_hub.TestAdminStats" name="test_get_dashboard_data" time="0.275" /></testsuite></testsuites>