<?xml version="1.0" encoding="utf-8"?><testsuites name="pytest tests"><testsuite name="pytest" errors="0" failures="0" skipped="0" tests="5" time="0.968" timestamp="2026-03-19T11:48:59.657062+00:00" hostname="agent-env-4ffca2bb-7b35-4040-a9a5-d848ff47a20b"><testcase classname="backend.tests.test_budget_sync_fix.TestBudgetSync" name="test_consolidated_by_pid_returns_correct_budget" time="0.198" /><testcase classname="backend.tests.test_budget_sync_fix.TestBudgetSync" name="test_pid_detail_returns_correct_budget" time="0.213" /><testcase classname="backend.tests.test_budget_sync_fix.TestBudgetSync" name="test_budget_check_for_payment_shows_correct_budget" time="0.378" /><testcase classname="backend.tests.test_budget_sync_fix.TestBudgetSync" name="test_consolidated_endpoint_returns_budget_warning" time="0.120" /><testcase classname="backend.tests.test_budget_sync_fix.TestEditModalLabelFix" name="test_edit_modal_code_has_clean_budget_label" time="0.000" /></testsuite></testsuites>