<?xml version="1.0" encoding="utf-8"?><testsuites name="pytest tests"><testsuite name="pytest" errors="0" failures="0" skipped="0" tests="8" time="4.525" timestamp="2026-03-19T08:43:17.480597+00:00" hostname="agent-env-4ffca2bb-7b35-4040-a9a5-d848ff47a20b"><testcase classname="backend.tests.test_budget_warning_feature.TestBudgetCheckAPI" name="test_budget_check_endpoint_exists" time="0.721" /><testcase classname="backend.tests.test_budget_warning_feature.TestBudgetCheckAPI" name="test_budget_check_returns_no_budget_warning" time="0.609" /><testcase classname="backend.tests.test_budget_warning_feature.TestBudgetCheckAPI" name="test_budget_check_with_invalid_request_id" time="0.474" /><testcase classname="backend.tests.test_budget_warning_feature.TestBudgetCheckAPI" name="test_budget_check_response_fields" time="0.588" /><testcase classname="backend.tests.test_budget_warning_feature.TestBudgetCheckAPI" name="test_budget_check_numeric_values" time="0.574" /><testcase classname="backend.tests.test_budget_warning_feature.TestPaymentApprovalWithExpenseCreation" name="test_status_update_endpoint_works" time="0.467" /><testcase classname="backend.tests.test_budget_warning_feature.TestConsolidatedPIDsBudgetWarning" name="test_consolidated_pids_returns_budget_warning" time="0.461" /><testcase classname="backend.tests.test_budget_warning_feature.TestConsolidatedPIDsBudgetWarning" name="test_pid_details_returns_budget_warning" time="0.563" /></testsuite></testsuites>