<?xml version="1.0" encoding="utf-8"?><testsuites name="pytest tests"><testsuite name="pytest" errors="0" failures="0" skipped="0" tests="26" time="2.521" timestamp="2026-03-15T05:18:02.536061+00:00" hostname="agent-env-e5719d0e-b8cc-4cea-b29a-7187ccb9e285"><testcase classname="backend.tests.test_project_requests.TestMaterialRequests" name="test_create_material_request" time="0.563" /><testcase classname="backend.tests.test_project_requests.TestMaterialRequests" name="test_get_material_requests_list" time="0.063" /><testcase classname="backend.tests.test_project_requests.TestMaterialRequests" name="test_get_material_requests_with_status_filter" time="0.057" /><testcase classname="backend.tests.test_project_requests.TestVendorRequests" name="test_create_vendor_request" time="0.058" /><testcase classname="backend.tests.test_project_requests.TestVendorRequests" name="test_get_vendor_requests_list" time="0.063" /><testcase classname="backend.tests.test_project_requests.TestPaymentRequests" name="test_create_payment_request" time="0.061" /><testcase classname="backend.tests.test_project_requests.TestPaymentRequests" name="test_get_payment_requests_list" time="0.058" /><testcase classname="backend.tests.test_project_requests.TestRequestsByOrder" name="test_get_requests_by_order" time="0.061" /><testcase classname="backend.tests.test_project_requests.TestRequestStatusUpdate" name="test_approve_material_request" time="0.145" /><testcase classname="backend.tests.test_project_requests.TestRequestStatusUpdate" name="test_approve_vendor_request" time="0.054" /><testcase classname="backend.tests.test_project_requests.TestRequestStatusUpdate" name="test_approve_payment_request" time="0.060" /><testcase classname="backend.tests.test_project_requests.TestRequestStatusUpdate" name="test_update_to_in_progress" time="0.058" /><testcase classname="backend.tests.test_project_requests.TestRequestStatusUpdate" name="test_update_to_completed" time="0.058" /><testcase classname="backend.tests.test_project_requests.TestRequestStatusUpdate" name="test_reject_request" time="0.113" /><testcase classname="backend.tests.test_project_requests.TestRequestStatusUpdate" name="test_invalid_status_update" time="0.054" /><testcase classname="backend.tests.test_project_requests.TestRequestStatusUpdate" name="test_update_nonexistent_request" time="0.055" /><testcase classname="backend.tests.test_project_requests.TestGetAllRequests" name="test_get_all_requests" time="0.059" /><testcase classname="backend.tests.test_project_requests.TestGetAllRequests" name="test_get_all_requests_with_type_filter" time="0.062" /><testcase classname="backend.tests.test_project_requests.TestExistingTestData" name="test_existing_material_request" time="0.058" /><testcase classname="backend.tests.test_project_requests.TestExistingTestData" name="test_existing_vendor_request" time="0.059" /><testcase classname="backend.tests.test_project_requests.TestExistingTestData" name="test_existing_payment_request" time="0.064" /><testcase classname="backend.tests.test_project_requests.TestDeleteRequest" name="test_delete_pending_request" time="0.180" /><testcase classname="backend.tests.test_project_requests.TestDeleteRequest" name="test_cannot_delete_approved_request" time="0.176" /><testcase classname="backend.tests.test_project_requests.TestRequestNumberGeneration" name="test_material_request_number_format" time="0.057" /><testcase classname="backend.tests.test_project_requests.TestRequestNumberGeneration" name="test_vendor_request_number_format" time="0.059" /><testcase classname="backend.tests.test_project_requests.TestRequestNumberGeneration" name="test_payment_request_number_format" time="0.061" /></testsuite></testsuites>