<?xml version="1.0" encoding="utf-8"?><testsuites name="pytest tests"><testsuite name="pytest" errors="0" failures="0" skipped="0" tests="6" time="6.291" timestamp="2026-01-14T12:11:49.668982+00:00" hostname="agent-env-467b91b1-025b-45e0-ab7a-1613623bf972"><testcase classname="tests.test_customer_info_pdf.TestCustomerInfoAndPDF" name="test_create_earth_pit_with_customer_info" time="0.468" /><testcase classname="tests.test_customer_info_pdf.TestCustomerInfoAndPDF" name="test_create_mccb_with_customer_info" time="0.340" /><testcase classname="tests.test_customer_info_pdf.TestCustomerInfoAndPDF" name="test_earth_pit_pdf_generation" time="0.505" /><testcase classname="tests.test_customer_info_pdf.TestCustomerInfoAndPDF" name="test_transformer_pdf_generation" time="0.518" /><testcase classname="tests.test_customer_info_pdf.TestCustomerInfoAndPDF" name="test_equipment_pdf_with_customer_info" time="0.526" /><testcase classname="tests.test_customer_info_pdf.TestCustomerInfoAndPDF" name="test_all_equipment_types_pdf_generation" time="3.861" /></testsuite></testsuites>