<?xml version="1.0" encoding="utf-8"?><testsuites name="pytest tests"><testsuite name="pytest" errors="0" failures="0" skipped="0" tests="20" time="2.063" timestamp="2026-01-10T18:20:18.842020+00:00" hostname="agent-env-e1cd8e7a-bd51-44d2-9539-d4eecfad8028"><testcase classname="tests.test_projects_dashboard.TestAuthSetup" name="test_login_success" time="0.325" /><testcase classname="tests.test_projects_dashboard.TestProjectsNextPID" name="test_get_next_pid_default_year" time="0.046" /><testcase classname="tests.test_projects_dashboard.TestProjectsNextPID" name="test_get_next_pid_specific_year" time="0.044" /><testcase classname="tests.test_projects_dashboard.TestProjectsCRUD" name="test_get_projects_list" time="0.307" /><testcase classname="tests.test_projects_dashboard.TestProjectsCRUD" name="test_get_projects_with_status_filter" time="0.043" /><testcase classname="tests.test_projects_dashboard.TestProjectsCRUD" name="test_get_projects_with_category_filter" time="0.041" /><testcase classname="tests.test_projects_dashboard.TestProjectsCRUD" name="test_create_project" time="0.125" /><testcase classname="tests.test_projects_dashboard.TestProjectsCRUD" name="test_create_project_duplicate_pid_check" time="0.127" /><testcase classname="tests.test_projects_dashboard.TestProjectsCRUD" name="test_get_single_project" time="0.037" /><testcase classname="tests.test_projects_dashboard.TestProjectsCRUD" name="test_get_nonexistent_project" time="0.044" /><testcase classname="tests.test_projects_dashboard.TestProjectsCRUD" name="test_update_project" time="0.037" /><testcase classname="tests.test_projects_dashboard.TestProjectsCRUD" name="test_update_project_budget_recalculates_savings" time="0.041" /><testcase classname="tests.test_projects_dashboard.TestProjectsCRUD" name="test_delete_project" time="0.156" /><testcase classname="tests.test_projects_dashboard.TestProjectsCRUD" name="test_delete_nonexistent_project" time="0.116" /><testcase classname="tests.test_projects_dashboard.TestDashboardStats" name="test_get_dashboard_stats" time="0.038" /><testcase classname="tests.test_projects_dashboard.TestDashboardStats" name="test_get_this_week_breakdown" time="0.037" /><testcase classname="tests.test_projects_dashboard.TestDashboardStats" name="test_get_active_projects_breakdown" time="0.038" /><testcase classname="tests.test_projects_dashboard.TestDashboardStats" name="test_get_total_billing_breakdown" time="0.038" /><testcase classname="tests.test_projects_dashboard.TestScheduledInspections" name="test_get_scheduled_inspections_dashboard" time="0.299" /><testcase classname="tests.test_projects_dashboard.TestScheduledInspections" name="test_get_scheduled_inspections_list" time="0.035" /></testsuite></testsuites>