<?xml version="1.0" encoding="utf-8"?><testsuites name="pytest tests"><testsuite name="pytest" errors="0" failures="0" skipped="0" tests="18" time="3.500" timestamp="2026-02-11T09:36:05.210108+00:00" hostname="agent-env-4d9da02c-aab1-4307-8fc6-e1f9cdb18d18"><testcase classname="backend.tests.test_project_schedule_pdf.TestProjectSchedulePDF" name="test_pdf_generation_basic" time="0.198" /><testcase classname="backend.tests.test_project_schedule_pdf.TestProjectSchedulePDF" name="test_pdf_generation_with_phases" time="0.164" /><testcase classname="backend.tests.test_project_schedule_pdf.TestProjectSchedulePDF" name="test_pdf_generation_with_milestones" time="0.163" /><testcase classname="backend.tests.test_project_schedule_pdf.TestProjectSchedulePDF" name="test_pdf_generation_with_project_info" time="0.162" /><testcase classname="backend.tests.test_project_schedule_pdf.TestProjectSchedulePDF" name="test_pdf_generation_all_statuses" time="0.479" /><testcase classname="backend.tests.test_project_schedule_pdf.TestProjectSchedulePDF" name="test_pdf_generation_date_formats" time="0.165" /><testcase classname="backend.tests.test_project_schedule_pdf.TestProjectSchedulePDF" name="test_pdf_generation_iso_date_format" time="0.162" /><testcase classname="backend.tests.test_project_schedule_pdf.TestProjectSchedulePDF" name="test_pdf_generation_many_phases" time="0.170" /><testcase classname="backend.tests.test_project_schedule_pdf.TestProjectSchedulePDF" name="test_pdf_generation_empty_phases" time="0.160" /><testcase classname="backend.tests.test_project_schedule_pdf.TestProjectSchedulePDF" name="test_pdf_generation_special_characters" time="0.196" /><testcase classname="backend.tests.test_project_schedule_pdf.TestProjectSchedulePDF" name="test_pdf_generation_long_names" time="0.161" /><testcase classname="backend.tests.test_project_schedule_pdf.TestProjectScheduleNewFeatures" name="test_pdf_generation_with_customer_info" time="0.159" /><testcase classname="backend.tests.test_project_schedule_pdf.TestProjectScheduleNewFeatures" name="test_pdf_generation_with_sub_items" time="0.198" /><testcase classname="backend.tests.test_project_schedule_pdf.TestProjectScheduleNewFeatures" name="test_pdf_generation_with_customer_info_and_sub_items" time="0.170" /><testcase classname="backend.tests.test_project_schedule_pdf.TestProjectScheduleNewFeatures" name="test_pdf_generation_empty_sub_items" time="0.162" /><testcase classname="backend.tests.test_project_schedule_pdf.TestProjectSchedulePDFValidation" name="test_pdf_generation_missing_schedule_name" time="0.159" /><testcase classname="backend.tests.test_project_schedule_pdf.TestProjectSchedulePDFValidation" name="test_pdf_generation_missing_dates" time="0.253" /><testcase classname="backend.tests.test_project_schedule_pdf.TestProjectSchedulePDFValidation" name="test_pdf_generation_empty_body" time="0.158" /></testsuite></testsuites>