<?xml version="1.0" encoding="utf-8"?><testsuites name="pytest tests"><testsuite name="pytest" errors="0" failures="0" skipped="0" tests="21" time="4.729" timestamp="2026-02-28T06:59:30.465835+00:00" hostname="agent-env-2d715097-bd6c-4429-bd81-914de2ea6335"><testcase classname="backend.tests.test_route_protection.TestRouteProtection" name="test_lead_management_admin_access" time="0.685" /><testcase classname="backend.tests.test_route_protection.TestRouteProtection" name="test_lead_management_ceo_denied" time="0.482" /><testcase classname="backend.tests.test_route_protection.TestRouteProtection" name="test_lead_management_stats_admin_access" time="0.110" /><testcase classname="backend.tests.test_route_protection.TestRouteProtection" name="test_lead_management_stats_ceo_denied" time="0.108" /><testcase classname="backend.tests.test_route_protection.TestRouteProtection" name="test_lead_management_team_members_ceo_denied" time="0.162" /><testcase classname="backend.tests.test_route_protection.TestRouteProtection" name="test_user_access_modules_admin_access" time="0.113" /><testcase classname="backend.tests.test_route_protection.TestRouteProtection" name="test_user_access_modules_ceo_denied" time="0.107" /><testcase classname="backend.tests.test_route_protection.TestRouteProtection" name="test_user_access_users_list_admin_access" time="0.113" /><testcase classname="backend.tests.test_route_protection.TestRouteProtection" name="test_user_access_users_list_ceo_denied" time="0.104" /><testcase classname="backend.tests.test_route_protection.TestRouteProtection" name="test_sales_enquiries_admin_access" time="0.119" /><testcase classname="backend.tests.test_route_protection.TestRouteProtection" name="test_sales_enquiries_ceo_denied" time="0.108" /><testcase classname="backend.tests.test_route_protection.TestRouteProtection" name="test_sales_enquiries_stats_ceo_denied" time="0.104" /><testcase classname="backend.tests.test_route_protection.TestRouteProtection" name="test_sales_quotations_admin_access" time="0.123" /><testcase classname="backend.tests.test_route_protection.TestRouteProtection" name="test_sales_quotations_ceo_denied" time="0.106" /><testcase classname="backend.tests.test_route_protection.TestRouteProtection" name="test_sales_quotations_stats_ceo_denied" time="0.105" /><testcase classname="backend.tests.test_route_protection.TestRouteProtection" name="test_error_message_includes_required_permission" time="0.221" /><testcase classname="backend.tests.test_route_protection.TestRouteProtection" name="test_unauthenticated_access_denied" time="0.116" /><testcase classname="backend.tests.test_route_protection.TestRouteProtection" name="test_invalid_token_denied" time="0.108" /><testcase classname="backend.tests.test_route_protection.TestCEOPermissionsVerification" name="test_verify_ceo_permissions_revoked" time="0.461" /><testcase classname="backend.tests.test_route_protection.TestAdminRoleBypass" name="test_admin_role_verification" time="0.450" /><testcase classname="backend.tests.test_route_protection.TestAdminRoleBypass" name="test_admin_can_access_all_protected_endpoints" time="0.633" /></testsuite></testsuites>