<?xml version="1.0" encoding="utf-8"?><testsuites name="pytest tests"><testsuite name="pytest" errors="0" failures="1" skipped="3" tests="25" time="3.581" timestamp="2026-03-15T16:24:34.957099+00:00" hostname="agent-env-6fc363b0-8e84-49bd-a40c-751776df2abf"><testcase classname="backend.tests.test_order_to_cash_e2e.TestOrderManagement" name="test_get_next_pid" time="0.270" /><testcase classname="backend.tests.test_order_to_cash_e2e.TestOrderManagement" name="test_get_orders_list" time="0.178" /><testcase classname="backend.tests.test_order_to_cash_e2e.TestOrderManagement" name="test_create_order_with_budget" time="0.119" /><testcase classname="backend.tests.test_order_to_cash_e2e.TestOrderManagement" name="test_get_order_details" time="0.129" /><testcase classname="backend.tests.test_order_to_cash_e2e.TestProjectManagement" name="test_get_pending_orders" time="0.206" /><testcase classname="backend.tests.test_order_to_cash_e2e.TestProjectManagement" name="test_accept_order_creates_project" time="0.277"><failure message="assert 405 == 200&#10; +  where 405 = &lt;Response [405]&gt;.status_code">backend/tests/test_order_to_cash_e2e.py:162: in test_accept_order_creates_project
    assert accept_response.status_code == 200
E   assert 405 == 200
E    +  where 405 = &lt;Response [405]&gt;.status_code</failure></testcase><testcase classname="backend.tests.test_order_to_cash_e2e.TestProjectManagement" name="test_get_live_projects" time="0.151" /><testcase classname="backend.tests.test_order_to_cash_e2e.TestMaterialRequests" name="test_create_material_request" time="0.107" /><testcase classname="backend.tests.test_order_to_cash_e2e.TestMaterialRequests" name="test_get_pending_material_requests" time="0.123" /><testcase classname="backend.tests.test_order_to_cash_e2e.TestMaterialRequests" name="test_approve_material_request" time="0.000"><skipped type="pytest.skip" message="No material request to approve">/app/backend/tests/test_order_to_cash_e2e.py:224: No material request to approve</skipped></testcase><testcase classname="backend.tests.test_order_to_cash_e2e.TestPurchaseOrderCreation" name="test_create_po_from_request" time="0.000"><skipped type="pytest.skip" message="No material request for PO creation">/app/backend/tests/test_order_to_cash_e2e.py:249: No material request for PO creation</skipped></testcase><testcase classname="backend.tests.test_order_to_cash_e2e.TestPurchaseOrderCreation" name="test_get_purchase_orders" time="0.124" /><testcase classname="backend.tests.test_order_to_cash_e2e.TestGRNManagement" name="test_create_grn" time="0.000"><skipped type="pytest.skip" message="No PO for GRN creation">/app/backend/tests/test_order_to_cash_e2e.py:286: No PO for GRN creation</skipped></testcase><testcase classname="backend.tests.test_order_to_cash_e2e.TestGRNManagement" name="test_get_grn_list" time="0.109" /><testcase classname="backend.tests.test_order_to_cash_e2e.TestPaymentManagement" name="test_create_payment_request" time="0.158" /><testcase classname="backend.tests.test_order_to_cash_e2e.TestPaymentManagement" name="test_get_pending_payment_requests" time="0.130" /><testcase classname="backend.tests.test_order_to_cash_e2e.TestVendorRequests" name="test_create_vendor_request" time="0.160" /><testcase classname="backend.tests.test_order_to_cash_e2e.TestFinanceAnalytics" name="test_get_finance_dashboard" time="0.106" /><testcase classname="backend.tests.test_order_to_cash_e2e.TestFinanceAnalytics" name="test_get_project_pnl" time="0.113" /><testcase classname="backend.tests.test_order_to_cash_e2e.TestFinanceAnalytics" name="test_get_dashboard_stats" time="0.118" /><testcase classname="backend.tests.test_order_to_cash_e2e.TestVendorManagement" name="test_get_vendors_list" time="0.165" /><testcase classname="backend.tests.test_order_to_cash_e2e.TestProjectServices" name="test_get_projects_list" time="0.141" /><testcase classname="backend.tests.test_order_to_cash_e2e.TestProjectServices" name="test_get_requests_by_order" time="0.129" /><testcase classname="backend.tests.test_order_to_cash_e2e.TestBidirectionalSync" name="test_delete_project_removes_from_both" time="0.342" /><testcase classname="backend.tests.test_order_to_cash_e2e.TestCleanup" name="test_cleanup_test_orders" time="0.116" /></testsuite></testsuites>