<?xml version="1.0" encoding="utf-8"?><testsuites name="pytest tests"><testsuite name="pytest" errors="0" failures="0" skipped="0" tests="8" time="5.703" timestamp="2026-03-15T15:55:10.954093+00:00" hostname="agent-env-6fc363b0-8e84-49bd-a40c-751776df2abf"><testcase classname="backend.tests.test_p1_features.TestCustomerSearchDropdown" name="test_customers_simple_endpoint_exists" time="0.651" /><testcase classname="backend.tests.test_p1_features.TestCustomerSearchDropdown" name="test_customer_has_required_fields_for_dropdown" time="0.589" /><testcase classname="backend.tests.test_p1_features.TestCustomerSearchDropdown" name="test_customer_search_filtering" time="1.075" /><testcase classname="backend.tests.test_p1_features.TestProjectDeleteFlow" name="test_delete_endpoint_exists" time="0.605" /><testcase classname="backend.tests.test_p1_features.TestProjectDeleteFlow" name="test_delete_project_removes_from_list" time="0.779" /><testcase classname="backend.tests.test_p1_features.TestProjectDeleteFlow" name="test_delete_project_cleans_linked_order" time="0.912" /><testcase classname="backend.tests.test_p1_features.TestProjectManagementUI" name="test_projects_list_returns_data" time="0.502" /><testcase classname="backend.tests.test_p1_features.TestProjectManagementUI" name="test_projects_have_required_fields_for_delete_modal" time="0.523" /></testsuite></testsuites>