<?xml version="1.0" encoding="utf-8"?><testsuites name="pytest tests"><testsuite name="pytest" errors="0" failures="0" skipped="0" tests="7" time="3.758" timestamp="2026-02-04T12:53:45.412656+00:00" hostname="agent-env-40c17ae7-c7e7-41c7-b62b-6eea37a8537d"><testcase classname="tests.test_amc_service_reports.TestAMCServiceReportsLinking" name="test_get_amc_with_service_report_ids" time="0.374" /><testcase classname="tests.test_amc_service_reports.TestAMCServiceReportsLinking" name="test_get_test_reports_for_linking" time="0.435" /><testcase classname="tests.test_amc_service_reports.TestAMCServiceReportsLinking" name="test_amc_pdf_generation" time="1.567" /><testcase classname="tests.test_amc_service_reports.TestAMCServiceReportsLinking" name="test_update_amc_with_service_report_ids" time="0.396" /><testcase classname="tests.test_amc_service_reports.TestAMCServiceReportsLinking" name="test_amc_list_endpoint" time="0.309" /><testcase classname="tests.test_amc_service_reports.TestAMCServiceReportsLinking" name="test_service_report_details" time="0.311" /><testcase classname="tests.test_amc_service_reports.TestAMCServiceVisitFields" name="test_service_visit_has_all_report_id_fields" time="0.316" /></testsuite></testsuites>