<?xml version="1.0" encoding="utf-8"?><testsuites name="pytest tests"><testsuite name="pytest" errors="0" failures="0" skipped="0" tests="15" time="1.386" timestamp="2026-01-11T15:46:26.870801+00:00" hostname="agent-env-e1cd8e7a-bd51-44d2-9539-d4eecfad8028"><testcase classname="tests.test_p0_p1_features.TestP0ModularProjectsRoutes" name="test_projects_list" time="0.359" /><testcase classname="tests.test_p0_p1_features.TestP0ModularProjectsRoutes" name="test_projects_next_pid" time="0.074" /><testcase classname="tests.test_p0_p1_features.TestP0ModularProjectsRoutes" name="test_projects_next_pid_with_custom_fy" time="0.076" /><testcase classname="tests.test_p0_p1_features.TestP0ModularDashboardRoutes" name="test_dashboard_stats" time="0.039" /><testcase classname="tests.test_p0_p1_features.TestP0ModularDashboardRoutes" name="test_dashboard_this_week_breakdown" time="0.040" /><testcase classname="tests.test_p0_p1_features.TestP0ModularDashboardRoutes" name="test_dashboard_active_projects_breakdown" time="0.040" /><testcase classname="tests.test_p0_p1_features.TestP0ModularDashboardRoutes" name="test_dashboard_total_billing_breakdown" time="0.039" /><testcase classname="tests.test_p0_p1_features.TestP1TestReportsWithCategory" name="test_get_all_test_reports" time="0.046" /><testcase classname="tests.test_p0_p1_features.TestP1TestReportsWithCategory" name="test_filter_by_amc_category" time="0.036" /><testcase classname="tests.test_p0_p1_features.TestP1TestReportsWithCategory" name="test_filter_by_audit_category" time="0.038" /><testcase classname="tests.test_p0_p1_features.TestP1TestReportsWithCategory" name="test_filter_by_other_category" time="0.036" /><testcase classname="tests.test_p0_p1_features.TestP1CreateAMCReport" name="test_create_amc_report" time="0.115" /><testcase classname="tests.test_p0_p1_features.TestP1CreateAuditReport" name="test_create_audit_report" time="0.149" /><testcase classname="tests.test_p0_p1_features.TestP1CreateOtherReport" name="test_create_other_report" time="0.114" /><testcase classname="tests.test_p0_p1_features.TestP3PIDPreviewFix" name="test_pid_changes_with_financial_year" time="0.100" /></testsuite></testsuites>