<?xml version="1.0" encoding="utf-8"?><testsuites name="pytest tests"><testsuite name="pytest" errors="0" failures="0" skipped="0" tests="14" time="3.474" timestamp="2026-02-03T10:10:24.898025+00:00" hostname="agent-env-3e5b7337-21f2-4565-aa81-6324a78cdea1"><testcase classname="tests.test_customer_portal.TestCustomerPortalAuth" name="test_customer_login_success" time="0.324" /><testcase classname="tests.test_customer_portal.TestCustomerPortalAuth" name="test_customer_login_invalid_credentials" time="0.040" /><testcase classname="tests.test_customer_portal.TestCustomerPortalAuth" name="test_customer_register_duplicate_email" time="0.039" /><testcase classname="tests.test_customer_portal.TestCustomerPortalDashboard" name="test_dashboard_endpoint" time="0.315" /><testcase classname="tests.test_customer_portal.TestCustomerPortalDashboard" name="test_dashboard_without_token" time="0.312" /><testcase classname="tests.test_customer_portal.TestCustomerPortalDashboard" name="test_customer_profile" time="0.310" /><testcase classname="tests.test_customer_portal.TestCustomerPortalAMCs" name="test_get_customer_amcs" time="0.320" /><testcase classname="tests.test_customer_portal.TestCustomerPortalAMCs" name="test_amcs_without_token" time="0.309" /><testcase classname="tests.test_customer_portal.TestCustomerPortalReports" name="test_get_customer_reports" time="0.318" /><testcase classname="tests.test_customer_portal.TestCustomerPortalReports" name="test_reports_filter_by_type" time="0.426" /><testcase classname="tests.test_customer_portal.TestCustomerPortalReports" name="test_reports_without_token" time="0.308" /><testcase classname="tests.test_customer_portal.TestCustomerPortalRegistration" name="test_register_new_customer" time="0.279" /><testcase classname="tests.test_customer_portal.TestDashboardAPIs" name="test_dashboard_stats" time="0.035" /><testcase classname="tests.test_customer_portal.TestDashboardAPIs" name="test_weekly_billing" time="0.077" /></testsuite></testsuites>