<?xml version="1.0" encoding="utf-8"?><testsuites name="pytest tests"><testsuite name="pytest" errors="0" failures="1" skipped="0" tests="22" time="6.987" timestamp="2026-02-27T13:56:21.752784+00:00" hostname="agent-env-6ff838bf-84b2-4b61-85de-b2749cc714dc"><testcase classname="backend.tests.test_lead_management.TestLeadManagementStats" name="test_get_stats_empty" time="0.413" /><testcase classname="backend.tests.test_lead_management.TestLeadManagementCRUD" name="test_create_followup_new_lead" time="0.288" /><testcase classname="backend.tests.test_lead_management.TestLeadManagementCRUD" name="test_create_followup_site_visit" time="0.186" /><testcase classname="backend.tests.test_lead_management.TestLeadManagementCRUD" name="test_create_followup_validation_error" time="0.140" /><testcase classname="backend.tests.test_lead_management.TestLeadManagementCRUD" name="test_get_followups_list" time="0.139" /><testcase classname="backend.tests.test_lead_management.TestLeadManagementCRUD" name="test_get_followups_with_filters" time="0.477" /><testcase classname="backend.tests.test_lead_management.TestLeadManagementCRUD" name="test_get_followup_by_id" time="0.124"><failure message="AssertionError: assert '69a1a2861da2e8b5e28b1cc1' == '3108ae78-0b5...-5b0b2bc48610'&#10;  &#10;  - 3108ae78-0b5a-42f4-82c5-5b0b2bc48610&#10;  + 69a1a2861da2e8b5e28b1cc1">backend/tests/test_lead_management.py:173: in test_get_followup_by_id
    assert data["id"] == followup_id
E   AssertionError: assert '69a1a2861da2e8b5e28b1cc1' == '3108ae78-0b5...-5b0b2bc48610'
E     
E     - 3108ae78-0b5a-42f4-82c5-5b0b2bc48610
E     + 69a1a2861da2e8b5e28b1cc1</failure></testcase><testcase classname="backend.tests.test_lead_management.TestLeadManagementCRUD" name="test_get_followup_not_found" time="0.111" /><testcase classname="backend.tests.test_lead_management.TestLeadManagementCRUD" name="test_update_followup" time="0.251" /><testcase classname="backend.tests.test_lead_management.TestLeadManagementActions" name="test_add_comment" time="0.573" /><testcase classname="backend.tests.test_lead_management.TestLeadManagementActions" name="test_reschedule_followup" time="0.534" /><testcase classname="backend.tests.test_lead_management.TestLeadManagementActions" name="test_complete_followup" time="0.852" /><testcase classname="backend.tests.test_lead_management.TestLeadManagementActions" name="test_cancel_followup" time="0.933" /><testcase classname="backend.tests.test_lead_management.TestLeadManagementCalendar" name="test_get_calendar_data" time="0.149" /><testcase classname="backend.tests.test_lead_management.TestLeadManagementCalendar" name="test_get_calendar_next_month" time="0.169" /><testcase classname="backend.tests.test_lead_management.TestLeadManagementSpecialEndpoints" name="test_get_today_followups" time="0.108" /><testcase classname="backend.tests.test_lead_management.TestLeadManagementSpecialEndpoints" name="test_get_upcoming_followups" time="0.152" /><testcase classname="backend.tests.test_lead_management.TestLeadManagementSpecialEndpoints" name="test_get_overdue_followups" time="0.132" /><testcase classname="backend.tests.test_lead_management.TestLeadManagementTeam" name="test_get_team_members" time="0.150" /><testcase classname="backend.tests.test_lead_management.TestLeadManagementDelete" name="test_delete_followup" time="0.429" /><testcase classname="backend.tests.test_lead_management.TestLeadManagementDelete" name="test_delete_nonexistent_followup" time="0.121" /><testcase classname="backend.tests.test_lead_management.TestCleanup" name="test_cleanup_test_data" time="0.365" /></testsuite></testsuites>