<?xml version="1.0" encoding="utf-8"?><testsuites name="pytest tests"><testsuite name="pytest" errors="0" failures="0" skipped="0" tests="9" time="2.504" timestamp="2026-02-24T08:35:45.660832+00:00" hostname="agent-env-2b87f139-5492-4261-84d2-dc537bd09adf"><testcase classname="backend.tests.test_project_schedule_bugs.TestProjectScheduleAPI" name="test_get_all_schedules" time="0.222" /><testcase classname="backend.tests.test_project_schedule_bugs.TestProjectScheduleAPI" name="test_create_schedule_with_escalation_matrix" time="0.277" /><testcase classname="backend.tests.test_project_schedule_bugs.TestProjectScheduleAPI" name="test_get_schedule_by_id" time="0.327" /><testcase classname="backend.tests.test_project_schedule_bugs.TestProjectScheduleAPI" name="test_update_schedule_preserves_escalation_matrix" time="0.442" /><testcase classname="backend.tests.test_project_schedule_bugs.TestProjectScheduleAPI" name="test_update_schedule_with_empty_escalation_matrix" time="0.449" /><testcase classname="backend.tests.test_project_schedule_bugs.TestProjectScheduleAPI" name="test_delete_schedule" time="0.316" /><testcase classname="backend.tests.test_project_schedule_bugs.TestExistingScheduleData" name="test_existing_schedule_has_escalation_matrix" time="0.136" /><testcase classname="backend.tests.test_project_schedule_bugs.TestExistingScheduleData" name="test_existing_schedule_has_customer_info" time="0.119" /><testcase classname="backend.tests.test_project_schedule_bugs.TestExistingScheduleData" name="test_existing_schedule_has_dates" time="0.110" /></testsuite></testsuites>