<?xml version="1.0" encoding="utf-8"?><testsuites name="pytest tests"><testsuite name="pytest" errors="0" failures="1" skipped="0" tests="18" time="3.435" timestamp="2026-03-15T06:50:55.586983+00:00" hostname="agent-env-5d54029f-e1b0-4fa5-a8b6-0958f67e9045"><testcase classname="backend.tests.test_business_hub_phase5.TestVendorManagement" name="test_get_vendors_returns_200" time="0.187" /><testcase classname="backend.tests.test_business_hub_phase5.TestVendorManagement" name="test_create_vendor" time="0.127" /><testcase classname="backend.tests.test_business_hub_phase5.TestVendorManagement" name="test_vendor_crud_workflow" time="0.318"><failure message="AssertionError: Vendor TEST_CRUD_Vendor_fbd658a5 not found in list&#10;assert False">backend/tests/test_business_hub_phase5.py:66: in test_vendor_crud_workflow
    assert found, f"Vendor {vendor_name} not found in list"
E   AssertionError: Vendor TEST_CRUD_Vendor_fbd658a5 not found in list
E   assert False</failure></testcase><testcase classname="backend.tests.test_business_hub_phase5.TestGRNManagement" name="test_get_grn_list_returns_200" time="0.106" /><testcase classname="backend.tests.test_business_hub_phase5.TestGRNManagement" name="test_get_purchase_orders_for_grn" time="0.154" /><testcase classname="backend.tests.test_business_hub_phase5.TestGRNManagement" name="test_create_grn_requires_po_id" time="0.114" /><testcase classname="backend.tests.test_business_hub_phase5.TestGRNManagement" name="test_create_grn_from_po" time="0.253" /><testcase classname="backend.tests.test_business_hub_phase5.TestBillingManagement" name="test_get_invoices_returns_200" time="0.111" /><testcase classname="backend.tests.test_business_hub_phase5.TestBillingManagement" name="test_get_billing_dashboard" time="0.119" /><testcase classname="backend.tests.test_business_hub_phase5.TestBillingManagement" name="test_get_orders_with_items" time="0.203" /><testcase classname="backend.tests.test_business_hub_phase5.TestBillingManagement" name="test_update_order_items_completion" time="0.299" /><testcase classname="backend.tests.test_business_hub_phase5.TestBillingManagement" name="test_create_invoice_requires_order_id" time="0.122" /><testcase classname="backend.tests.test_business_hub_phase5.TestBillingManagement" name="test_create_invoice_from_order" time="0.401" /><testcase classname="backend.tests.test_business_hub_phase5.TestBillingManagement" name="test_update_invoice_status" time="0.265" /><testcase classname="backend.tests.test_business_hub_phase5.TestWeeklyBilling" name="test_get_weekly_billing" time="0.126" /><testcase classname="backend.tests.test_business_hub_phase5.TestWeeklyBilling" name="test_get_projects_for_billing" time="0.144" /><testcase classname="backend.tests.test_business_hub_phase5.TestFinanceDashboard" name="test_get_finance_dashboard" time="0.140" /><testcase classname="backend.tests.test_business_hub_phase5.TestVendorRequestsIntegration" name="test_get_vendor_requests" time="0.122" /></testsuite></testsuites>