<?xml version="1.0" encoding="utf-8"?><testsuites name="pytest tests"><testsuite name="pytest" errors="0" failures="0" skipped="0" tests="30" time="4.777" timestamp="2026-02-14T17:00:21.730335+00:00" hostname="agent-env-42101818-75b4-4065-9e8d-782fb7d79006"><testcase classname="backend.tests.test_order_lifecycle.TestOrdersEndpoints" name="test_get_orders_list" time="0.755" /><testcase classname="backend.tests.test_order_lifecycle.TestOrdersEndpoints" name="test_get_orders_with_search" time="0.087" /><testcase classname="backend.tests.test_order_lifecycle.TestOrdersEndpoints" name="test_get_orders_with_status_filter" time="0.070" /><testcase classname="backend.tests.test_order_lifecycle.TestOrdersEndpoints" name="test_get_order_details" time="0.179" /><testcase classname="backend.tests.test_order_lifecycle.TestOrdersEndpoints" name="test_get_nonexistent_order" time="0.064" /><testcase classname="backend.tests.test_order_lifecycle.TestLifecycleEndpoints" name="test_create_lifecycle" time="0.093" /><testcase classname="backend.tests.test_order_lifecycle.TestLifecycleEndpoints" name="test_create_lifecycle_with_value_type" time="0.117" /><testcase classname="backend.tests.test_order_lifecycle.TestLifecycleEndpoints" name="test_update_lifecycle" time="0.215" /><testcase classname="backend.tests.test_order_lifecycle.TestLifecycleEndpoints" name="test_update_lifecycle_status" time="0.065" /><testcase classname="backend.tests.test_order_lifecycle.TestLifecycleEndpoints" name="test_update_lifecycle_status_all_valid" time="0.450" /><testcase classname="backend.tests.test_order_lifecycle.TestLifecycleEndpoints" name="test_update_lifecycle_invalid_status" time="0.053" /><testcase classname="backend.tests.test_order_lifecycle.TestLifecycleEndpoints" name="test_update_lifecycle_nonexistent" time="0.081" /><testcase classname="backend.tests.test_order_lifecycle.TestExpenseEndpoints" name="test_create_expense" time="0.071" /><testcase classname="backend.tests.test_order_lifecycle.TestExpenseEndpoints" name="test_create_expense_all_categories" time="0.421" /><testcase classname="backend.tests.test_order_lifecycle.TestExpenseEndpoints" name="test_get_expenses_list" time="0.065" /><testcase classname="backend.tests.test_order_lifecycle.TestExpenseEndpoints" name="test_get_expenses_by_order" time="0.067" /><testcase classname="backend.tests.test_order_lifecycle.TestExpenseEndpoints" name="test_get_expenses_by_category" time="0.072" /><testcase classname="backend.tests.test_order_lifecycle.TestExpenseEndpoints" name="test_update_expense" time="0.113" /><testcase classname="backend.tests.test_order_lifecycle.TestExpenseEndpoints" name="test_approve_expense" time="0.125" /><testcase classname="backend.tests.test_order_lifecycle.TestExpenseEndpoints" name="test_delete_expense" time="0.173" /><testcase classname="backend.tests.test_order_lifecycle.TestExpenseEndpoints" name="test_delete_nonexistent_expense" time="0.058" /><testcase classname="backend.tests.test_order_lifecycle.TestExpenseEndpoints" name="test_create_expense_invalid_order" time="0.060" /><testcase classname="backend.tests.test_order_lifecycle.TestDashboardEndpoints" name="test_get_dashboard_stats" time="0.078" /><testcase classname="backend.tests.test_order_lifecycle.TestDashboardEndpoints" name="test_get_profitability_report" time="0.067" /><testcase classname="backend.tests.test_order_lifecycle.TestDashboardEndpoints" name="test_get_savings_report" time="0.075" /><testcase classname="backend.tests.test_order_lifecycle.TestDashboardEndpoints" name="test_get_payment_tracking" time="0.053" /><testcase classname="backend.tests.test_order_lifecycle.TestReferenceDataEndpoints" name="test_get_expense_categories" time="0.054" /><testcase classname="backend.tests.test_order_lifecycle.TestReferenceDataEndpoints" name="test_get_project_types" time="0.051" /><testcase classname="backend.tests.test_order_lifecycle.TestPaymentMilestoneEndpoints" name="test_update_payment_milestone" time="0.120" /><testcase classname="backend.tests.test_order_lifecycle.TestPaymentMilestoneEndpoints" name="test_update_nonexistent_milestone" time="0.707" /></testsuite></testsuites>