<?xml version="1.0" encoding="utf-8"?><testsuites name="pytest tests"><testsuite name="pytest" errors="0" failures="0" skipped="0" tests="19" time="3.198" timestamp="2026-02-21T12:30:44.211622+00:00" hostname="agent-env-9488d9f7-eebe-40f5-a97f-e3c6acf32260"><testcase classname="backend.tests.test_expense_claims_module.TestExpenseSheetCreation" name="test_create_expense_sheet" time="0.237" /><testcase classname="backend.tests.test_expense_claims_module.TestExpenseSheetCreation" name="test_get_expense_sheets" time="0.107" /><testcase classname="backend.tests.test_expense_claims_module.TestExpenseItemOperations" name="test_add_expense_item" time="0.110" /><testcase classname="backend.tests.test_expense_claims_module.TestExpenseItemOperations" name="test_add_second_expense_item" time="0.108" /><testcase classname="backend.tests.test_expense_claims_module.TestExpenseItemOperations" name="test_get_expense_sheet_detail" time="0.119" /><testcase classname="backend.tests.test_expense_claims_module.TestExpenseItemOperations" name="test_update_expense_sheet" time="0.217" /><testcase classname="backend.tests.test_expense_claims_module.TestExpenseItemOperations" name="test_delete_expense_item" time="0.219" /><testcase classname="backend.tests.test_expense_claims_module.TestExpenseSheetSubmission" name="test_submit_for_approval" time="0.259" /><testcase classname="backend.tests.test_expense_claims_module.TestFinanceApprovalWorkflow" name="test_finance_get_pending_sheets" time="0.110" /><testcase classname="backend.tests.test_expense_claims_module.TestFinanceApprovalWorkflow" name="test_finance_get_all_sheets" time="0.115" /><testcase classname="backend.tests.test_expense_claims_module.TestFinanceApprovalWorkflow" name="test_finance_verify_sheet" time="0.217" /><testcase classname="backend.tests.test_expense_claims_module.TestFinanceApprovalWorkflow" name="test_finance_approve_sheet" time="0.214" /><testcase classname="backend.tests.test_expense_claims_module.TestFinanceApprovalWorkflow" name="test_finance_mark_paid" time="0.231" /><testcase classname="backend.tests.test_expense_claims_module.TestFinanceRejectWorkflow" name="test_create_sheet_for_rejection" time="0.216" /><testcase classname="backend.tests.test_expense_claims_module.TestFinanceRejectWorkflow" name="test_finance_reject_sheet" time="0.269" /><testcase classname="backend.tests.test_expense_claims_module.TestExpenseSummary" name="test_get_expense_summary" time="0.100" /><testcase classname="backend.tests.test_expense_claims_module.TestReceiptUpload" name="test_upload_endpoint_exists" time="0.104" /><testcase classname="backend.tests.test_expense_claims_module.TestReceiptUpload" name="test_upload_valid_image" time="0.141" /><testcase classname="backend.tests.test_expense_claims_module.TestCleanup" name="test_cleanup_test_sheets" time="0.000" /></testsuite></testsuites>