<?xml version="1.0" encoding="utf-8"?><testsuites name="pytest tests"><testsuite name="pytest" errors="0" failures="0" skipped="0" tests="26" time="3.653" timestamp="2026-02-22T07:10:06.574160+00:00" hostname="agent-env-336c5f6c-af40-461c-a572-4bc1000fd89b"><testcase classname="backend.tests.test_project_orders_integration.TestProjectOrdersDashboard" name="test_dashboard_returns_200" time="0.231" /><testcase classname="backend.tests.test_project_orders_integration.TestProjectOrdersDashboard" name="test_dashboard_returns_pending_orders_count" time="0.119" /><testcase classname="backend.tests.test_project_orders_integration.TestProjectOrdersDashboard" name="test_dashboard_returns_active_projects" time="0.118" /><testcase classname="backend.tests.test_project_orders_integration.TestProjectOrdersDashboard" name="test_dashboard_returns_this_week_billing" time="0.117" /><testcase classname="backend.tests.test_project_orders_integration.TestProjectOrdersDashboard" name="test_dashboard_returns_projects_this_month" time="0.111" /><testcase classname="backend.tests.test_project_orders_integration.TestProjectOrdersDashboard" name="test_dashboard_returns_recent_projects" time="0.123" /><testcase classname="backend.tests.test_project_orders_integration.TestPendingOrders" name="test_pending_orders_returns_200" time="0.113" /><testcase classname="backend.tests.test_project_orders_integration.TestPendingOrders" name="test_pending_orders_returns_list" time="0.107" /><testcase classname="backend.tests.test_project_orders_integration.TestPendingOrders" name="test_pending_orders_have_required_fields" time="0.119" /><testcase classname="backend.tests.test_project_orders_integration.TestPendingOrders" name="test_pending_orders_status_is_confirmed_or_pending" time="0.130" /><testcase classname="backend.tests.test_project_orders_integration.TestOrdersWithProjects" name="test_orders_with_projects_returns_200" time="0.117" /><testcase classname="backend.tests.test_project_orders_integration.TestOrdersWithProjects" name="test_orders_with_projects_returns_list" time="0.110" /><testcase classname="backend.tests.test_project_orders_integration.TestOrdersWithProjects" name="test_orders_with_projects_returns_summary" time="0.116" /><testcase classname="backend.tests.test_project_orders_integration.TestOrdersWithProjects" name="test_orders_have_has_project_flag" time="0.119" /><testcase classname="backend.tests.test_project_orders_integration.TestOrdersWithProjects" name="test_orders_with_project_have_project_details" time="0.107" /><testcase classname="backend.tests.test_project_orders_integration.TestCreateProjectFromOrder" name="test_create_project_missing_order_id_returns_422" time="0.107" /><testcase classname="backend.tests.test_project_orders_integration.TestCreateProjectFromOrder" name="test_create_project_invalid_order_returns_404" time="0.117" /><testcase classname="backend.tests.test_project_orders_integration.TestCreateProjectFromOrder" name="test_create_project_success" time="0.411" /><testcase classname="backend.tests.test_project_orders_integration.TestWeeklyBilling" name="test_current_week_billing_summary_returns_200" time="0.111" /><testcase classname="backend.tests.test_project_orders_integration.TestWeeklyBilling" name="test_current_week_billing_summary_structure" time="0.106" /><testcase classname="backend.tests.test_project_orders_integration.TestProjectOrderDetails" name="test_project_order_details_invalid_id_returns_404" time="0.100" /><testcase classname="backend.tests.test_project_orders_integration.TestProjectOrderDetails" name="test_project_order_details_returns_200" time="0.207" /><testcase classname="backend.tests.test_project_orders_integration.TestProjectOrderDetails" name="test_project_order_details_structure" time="0.234" /><testcase classname="backend.tests.test_project_orders_integration.TestDepartmentsTeam" name="test_projects_team_returns_200" time="0.108" /><testcase classname="backend.tests.test_project_orders_integration.TestDepartmentsTeam" name="test_projects_team_returns_list" time="0.104" /><testcase classname="backend.tests.test_project_orders_integration.TestDepartmentsTeam" name="test_projects_team_members_have_required_fields" time="0.104" /></testsuite></testsuites>