<?xml version="1.0" encoding="utf-8"?><testsuites name="pytest tests"><testsuite name="pytest" errors="0" failures="0" skipped="0" tests="7" time="4.605" timestamp="2026-02-16T07:52:02.503882+00:00" hostname="agent-env-c0190939-7272-4026-b7a2-e8cff2b6aeaf"><testcase classname="backend.tests.test_quotation_rework.TestQuotationRework" name="test_new_quotation_number_format" time="0.621" /><testcase classname="backend.tests.test_quotation_rework.TestQuotationRework" name="test_financial_year_calculation" time="0.615" /><testcase classname="backend.tests.test_quotation_rework.TestQuotationRework" name="test_quotation_sequence_increments" time="0.813" /><testcase classname="backend.tests.test_quotation_rework.TestQuotationRework" name="test_quotation_with_all_details_fields" time="0.758" /><testcase classname="backend.tests.test_quotation_rework.TestQuotationRework" name="test_enquiry_dropdown_filters_quoted" time="0.455" /><testcase classname="backend.tests.test_quotation_rework.TestQuotationRework" name="test_quotation_without_category" time="0.619" /><testcase classname="backend.tests.test_quotation_rework.TestQuotationRework" name="test_quote_date_and_expiry_date" time="0.649" /></testsuite></testsuites>