<?xml version="1.0" encoding="utf-8"?><testsuites name="pytest tests"><testsuite name="pytest" errors="0" failures="1" skipped="4" tests="19" time="3.051" timestamp="2026-02-22T12:47:51.411035+00:00" hostname="agent-env-336c5f6c-af40-461c-a572-4bc1000fd89b"><testcase classname="backend.tests.test_enhanced_order_handoff.TestEnhancedCreateProjectModal" name="test_dashboard_returns_200" time="0.327" /><testcase classname="backend.tests.test_enhanced_order_handoff.TestEnhancedCreateProjectModal" name="test_pending_orders_returns_200" time="0.120" /><testcase classname="backend.tests.test_enhanced_order_handoff.TestEnhancedCreateProjectModal" name="test_pending_orders_have_items_for_work_items" time="0.153" /><testcase classname="backend.tests.test_enhanced_order_handoff.TestEnhancedCreateProjectModal" name="test_pending_orders_have_customer_info" time="0.108" /><testcase classname="backend.tests.test_enhanced_order_handoff.TestEnhancedCreateProjectEndpoint" name="test_create_project_accepts_customer_name" time="0.263"><failure message="AssertionError: Unexpected status: 520&#10;assert 520 in [200, 400]&#10; +  where 520 = &lt;Response [520]&gt;.status_code">backend/tests/test_enhanced_order_handoff.py:94: in test_create_project_accepts_customer_name
    assert response.status_code in [200, 400], f"Unexpected status: {response.status_code}"
E   AssertionError: Unexpected status: 520
E   assert 520 in [200, 400]
E    +  where 520 = &lt;Response [520]&gt;.status_code</failure></testcase><testcase classname="backend.tests.test_enhanced_order_handoff.TestEnhancedCreateProjectEndpoint" name="test_create_project_accepts_team_members" time="0.112"><skipped type="pytest.skip" message="No pending orders to test">/app/backend/tests/test_enhanced_order_handoff.py:103: No pending orders to test</skipped></testcase><testcase classname="backend.tests.test_enhanced_order_handoff.TestEnhancedCreateProjectEndpoint" name="test_create_project_accepts_project_actions" time="0.116"><skipped type="pytest.skip" message="No pending orders to test">/app/backend/tests/test_enhanced_order_handoff.py:127: No pending orders to test</skipped></testcase><testcase classname="backend.tests.test_enhanced_order_handoff.TestEnhancedCreateProjectEndpoint" name="test_create_project_accepts_work_items" time="0.112"><skipped type="pytest.skip" message="No pending orders to test">/app/backend/tests/test_enhanced_order_handoff.py:151: No pending orders to test</skipped></testcase><testcase classname="backend.tests.test_enhanced_order_handoff.TestEnhancedCreateProjectEndpoint" name="test_create_project_accepts_all_enhanced_fields" time="0.116"><skipped type="pytest.skip" message="No pending orders to test">/app/backend/tests/test_enhanced_order_handoff.py:178: No pending orders to test</skipped></testcase><testcase classname="backend.tests.test_enhanced_order_handoff.TestProjectStoredFields" name="test_projects_have_team_members_field" time="0.173" /><testcase classname="backend.tests.test_enhanced_order_handoff.TestProjectStoredFields" name="test_projects_have_project_actions_field" time="0.135" /><testcase classname="backend.tests.test_enhanced_order_handoff.TestProjectStoredFields" name="test_projects_have_work_items_field" time="0.121" /><testcase classname="backend.tests.test_enhanced_order_handoff.TestOrderLifecycleProjectStatus" name="test_order_lifecycle_orders_returns_200" time="0.126" /><testcase classname="backend.tests.test_enhanced_order_handoff.TestOrderLifecycleProjectStatus" name="test_order_details_has_linked_project_info" time="0.314" /><testcase classname="backend.tests.test_enhanced_order_handoff.TestOrderLifecycleProjectStatus" name="test_orders_with_projects_have_project_status_fields" time="0.119" /><testcase classname="backend.tests.test_enhanced_order_handoff.TestNoLinkProjectButton" name="test_link_project_endpoint_should_not_be_used" time="0.140" /><testcase classname="backend.tests.test_enhanced_order_handoff.TestOrderHandoffWorkflow" name="test_order_handoff_dashboard_stats" time="0.110" /><testcase classname="backend.tests.test_enhanced_order_handoff.TestOrderHandoffWorkflow" name="test_engineers_available_for_selection" time="0.121" /><testcase classname="backend.tests.test_enhanced_order_handoff.TestCategoryOptions" name="test_project_categories_in_created_projects" time="0.160" /></testsuite></testsuites>