<?xml version="1.0" encoding="utf-8"?><testsuites name="pytest tests"><testsuite name="pytest" errors="0" failures="1" skipped="0" tests="8" time="11.425" timestamp="2026-03-11T13:02:24.679015+00:00" hostname="agent-env-292708ab-f348-4015-a1c2-c70d2b92729f"><testcase classname="tests.test_ir_thermography_pdf_critical.TestIRThermographyPDFGeneration" name="test_01_start_pdf_generation_no_images_mode" time="0.763" /><testcase classname="tests.test_ir_thermography_pdf_critical.TestIRThermographyPDFGeneration" name="test_02_check_pdf_status_progression" time="4.470" /><testcase classname="tests.test_ir_thermography_pdf_critical.TestIRThermographyPDFGeneration" name="test_03_download_generated_pdf" time="0.485" /><testcase classname="tests.test_ir_thermography_pdf_critical.TestIRThermographyPDFGeneration" name="test_04_invalid_report_id_returns_404" time="0.111" /><testcase classname="tests.test_ir_thermography_pdf_critical.TestIRThermographyPDFGeneration" name="test_05_invalid_job_id_returns_404" time="0.165" /><testcase classname="tests.test_ir_thermography_pdf_critical.TestIRThermographyPDFGeneration" name="test_06_download_invalid_job_returns_404" time="0.116" /><testcase classname="tests.test_ir_thermography_pdf_critical.TestIRThermographyDirectPDF" name="test_direct_pdf_download" time="0.130"><failure message="AttributeError: 'list' object has no attribute 'get'">tests/test_ir_thermography_pdf_critical.py:181: in test_direct_pdf_download
    reports = response.json().get("data", [])
              ^^^^^^^^^^^^^^^^^^^
E   AttributeError: 'list' object has no attribute 'get'</failure></testcase><testcase classname="tests.test_ir_thermography_pdf_critical.TestGridFSStorage" name="test_pdf_stored_in_gridfs" time="5.089" /></testsuite></testsuites>