<?xml version="1.0" encoding="utf-8"?><testsuites name="pytest tests"><testsuite name="pytest" errors="0" failures="0" skipped="0" tests="22" time="0.982" timestamp="2026-01-22T18:12:51.306240+00:00" hostname="agent-env-f4f7d800-db21-4668-b3ad-23dcf40ea107"><testcase classname="tests.test_calibration_services.TestCalibrationDashboardStats" name="test_01_dashboard_stats_returns_200" time="0.365" /><testcase classname="tests.test_calibration_services.TestCalibrationDashboardStats" name="test_02_dashboard_stats_has_required_fields" time="0.018" /><testcase classname="tests.test_calibration_services.TestCalibrationContractsList" name="test_03_list_contracts_returns_200" time="0.016" /><testcase classname="tests.test_calibration_services.TestCalibrationContractsList" name="test_04_list_contracts_has_pagination" time="0.011" /><testcase classname="tests.test_calibration_services.TestCalibrationContractsList" name="test_05_list_contracts_status_filter" time="0.051" /><testcase classname="tests.test_calibration_services.TestCalibrationContractCRUD" name="test_06_get_existing_contract" time="0.011" /><testcase classname="tests.test_calibration_services.TestCalibrationContractCRUD" name="test_07_contract_has_customer_info" time="0.010" /><testcase classname="tests.test_calibration_services.TestCalibrationContractCRUD" name="test_08_contract_has_service_provider" time="0.012" /><testcase classname="tests.test_calibration_services.TestCalibrationContractCRUD" name="test_09_contract_has_contract_details" time="0.014" /><testcase classname="tests.test_calibration_services.TestCalibrationContractCRUD" name="test_10_contract_has_meter_list" time="0.015" /><testcase classname="tests.test_calibration_services.TestCalibrationContractCreate" name="test_11_create_contract" time="0.012" /><testcase classname="tests.test_calibration_services.TestCalibrationContractCreate" name="test_12_verify_created_contract" time="0.010" /><testcase classname="tests.test_calibration_services.TestCalibrationContractUpdate" name="test_13_update_contract_customer_info" time="0.012" /><testcase classname="tests.test_calibration_services.TestCalibrationContractUpdate" name="test_14_add_meter_to_contract" time="0.065" /><testcase classname="tests.test_calibration_services.TestCalibrationContractUpdate" name="test_15_add_calibration_visit" time="0.011" /><testcase classname="tests.test_calibration_services.TestCalibrationPDFGeneration" name="test_16_download_pdf_report" time="0.023" /><testcase classname="tests.test_calibration_services.TestCalibrationPDFGeneration" name="test_17_pdf_is_valid_reportlab_pdf" time="0.022" /><testcase classname="tests.test_calibration_services.TestCalibrationMeterTypes" name="test_18_get_meter_types" time="0.009" /><testcase classname="tests.test_calibration_services.TestCalibrationContractDelete" name="test_19_delete_contract" time="0.049" /><testcase classname="tests.test_calibration_services.TestCalibrationContractDelete" name="test_20_verify_contract_deleted" time="0.051" /><testcase classname="tests.test_calibration_services.TestCalibrationErrorHandling" name="test_21_get_nonexistent_contract" time="0.010" /><testcase classname="tests.test_calibration_services.TestCalibrationErrorHandling" name="test_22_delete_nonexistent_contract" time="0.052" /></testsuite></testsuites>