<?xml version="1.0" encoding="utf-8"?><testsuites name="pytest tests"><testsuite name="pytest" errors="0" failures="0" skipped="0" tests="16" time="3.851" timestamp="2026-02-04T17:04:57.892248+00:00" hostname="agent-env-40c17ae7-c7e7-41c7-b62b-6eea37a8537d"><testcase classname="backend.tests.test_user_management.TestUserManagementAuth" name="test_login_success" time="0.337" /><testcase classname="backend.tests.test_user_management.TestGetUsers" name="test_get_users_success" time="0.314" /><testcase classname="backend.tests.test_user_management.TestGetUsers" name="test_get_users_without_auth" time="0.036" /><testcase classname="backend.tests.test_user_management.TestGetUsers" name="test_get_users_stats" time="0.011" /><testcase classname="backend.tests.test_user_management.TestInviteUser" name="test_invite_user_success" time="0.583" /><testcase classname="backend.tests.test_user_management.TestInviteUser" name="test_invite_duplicate_email" time="0.018" /><testcase classname="backend.tests.test_user_management.TestInviteUser" name="test_invite_user_without_auth" time="0.042" /><testcase classname="backend.tests.test_user_management.TestUpdateUser" name="test_update_user_role" time="0.573" /><testcase classname="backend.tests.test_user_management.TestUpdateUser" name="test_update_user_department" time="0.018" /><testcase classname="backend.tests.test_user_management.TestUpdateUser" name="test_toggle_user_status" time="0.034" /><testcase classname="backend.tests.test_user_management.TestUpdateUser" name="test_update_nonexistent_user" time="0.009" /><testcase classname="backend.tests.test_user_management.TestResetPassword" name="test_reset_password_success" time="0.842" /><testcase classname="backend.tests.test_user_management.TestResetPassword" name="test_reset_password_nonexistent_user" time="0.011" /><testcase classname="backend.tests.test_user_management.TestDeleteUser" name="test_delete_user_requires_super_admin" time="0.568" /><testcase classname="backend.tests.test_user_management.TestDeleteUser" name="test_delete_nonexistent_user" time="0.050" /><testcase classname="backend.tests.test_user_management.TestCleanup" name="test_cleanup_test_users" time="0.315" /></testsuite></testsuites>