<?xml version="1.0" encoding="utf-8"?><testsuites name="pytest tests"><testsuite name="pytest" errors="0" failures="1" skipped="1" tests="10" time="3.676" timestamp="2026-03-04T06:26:31.445946+00:00" hostname="agent-env-529c9bbd-961f-4350-bf6b-6db1665ac35d"><testcase classname="backend.tests.test_travel_log_submit_hr.TestTravelLogSubmitToHR" name="test_01_api_health_check" time="0.265" /><testcase classname="backend.tests.test_travel_log_submit_hr.TestTravelLogSubmitToHR" name="test_02_create_trip_in_progress" time="0.465" /><testcase classname="backend.tests.test_travel_log_submit_hr.TestTravelLogSubmitToHR" name="test_03_complete_trip_as_draft" time="0.117"><failure message="AssertionError: Complete trip failed: {&quot;detail&quot;:&quot;Trip not found&quot;}&#10;assert 404 == 200&#10; +  where 404 = &lt;Response [404]&gt;.status_code">backend/tests/test_travel_log_submit_hr.py:123: in test_03_complete_trip_as_draft
    assert response.status_code == 200, f"Complete trip failed: {response.text}"
E   AssertionError: Complete trip failed: {"detail":"Trip not found"}
E   assert 404 == 200
E    +  where 404 = &lt;Response [404]&gt;.status_code</failure></testcase><testcase classname="backend.tests.test_travel_log_submit_hr.TestTravelLogSubmitToHR" name="test_04_submit_to_hr_success" time="0.000"><skipped type="pytest.skip" message="No draft_trip_id from previous test">/app/backend/tests/test_travel_log_submit_hr.py:141: No draft_trip_id from previous test</skipped></testcase><testcase classname="backend.tests.test_travel_log_submit_hr.TestTravelLogSubmitToHR" name="test_05_submit_to_hr_empty_list" time="0.130" /><testcase classname="backend.tests.test_travel_log_submit_hr.TestTravelLogSubmitToHR" name="test_06_submit_to_hr_non_draft_trip" time="0.510" /><testcase classname="backend.tests.test_travel_log_submit_hr.TestTravelLogSubmitToHR" name="test_07_submit_to_hr_invalid_trip_id" time="0.100" /><testcase classname="backend.tests.test_travel_log_submit_hr.TestTravelLogSubmitToHR" name="test_08_full_workflow_create_complete_submit" time="0.651" /><testcase classname="backend.tests.test_travel_log_submit_hr.TestTravelLogSubmitToHR" name="test_09_batch_submit_multiple_trips" time="0.915" /><testcase classname="backend.tests.test_travel_log_submit_hr.TestTravelLogSubmitToHR" name="test_10_get_my_trips_with_status_filter" time="0.427" /></testsuite></testsuites>